
INFO:root:Info start
WARNING:tensorflow:From /home/ddatta/Code/ad_1/src/ape/tf_model_ape_1.py:65: The name tf.reset_default_graph is deprecated. Please use tf.compat.v1.reset_default_graph instead.

WARNING:tensorflow:From /home/ddatta/Code/ad_1/src/ape/tf_model_ape_1.py:67: The name tf.gfile.GFile is deprecated. Please use tf.io.gfile.GFile instead.

WARNING:tensorflow:From /home/ddatta/Code/ad_1/src/ape/tf_model_ape_1.py:68: The name tf.GraphDef is deprecated. Please use tf.compat.v1.GraphDef instead.

WARNING:tensorflow:From /home/ddatta/Code/ad_1/src/ape/tf_model_ape_1.py:79: calling import_graph_def (from tensorflow.python.framework.importer) with op_dict is deprecated and will be removed in a future version.
Instructions for updating:
Please file an issue at https://github.com/tensorflow/tensorflow/issues if you depend on this feature.
WARNING:tensorflow:From /home/ddatta/Code/ad_1/src/ape/tf_model_ape_1.py:223: The name tf.variable_scope is deprecated. Please use tf.compat.v1.variable_scope instead.

WARNING:tensorflow:From /home/ddatta/Code/ad_1/src/ape/tf_model_ape_1.py:224: The name tf.placeholder is deprecated. Please use tf.compat.v1.placeholder instead.

WARNING:tensorflow:From /home/ddatta/Code/ad_1/src/ape/tf_model_ape_1.py:487: The name tf.Session is deprecated. Please use tf.compat.v1.Session instead.

INFO:root:AUC
INFO:root:0.9998613037447989
INFO:root:time taken
INFO:root:1.482748031616211
INFO:root:Info start
WARNING:tensorflow:From /home/ddatta/Code/ad_1/src/ape/tf_model_ape_1.py:65: The name tf.reset_default_graph is deprecated. Please use tf.compat.v1.reset_default_graph instead.

WARNING:tensorflow:From /home/ddatta/Code/ad_1/src/ape/tf_model_ape_1.py:67: The name tf.gfile.GFile is deprecated. Please use tf.io.gfile.GFile instead.

WARNING:tensorflow:From /home/ddatta/Code/ad_1/src/ape/tf_model_ape_1.py:68: The name tf.GraphDef is deprecated. Please use tf.compat.v1.GraphDef instead.

WARNING:tensorflow:From /home/ddatta/Code/ad_1/src/ape/tf_model_ape_1.py:79: calling import_graph_def (from tensorflow.python.framework.importer) with op_dict is deprecated and will be removed in a future version.
Instructions for updating:
Please file an issue at https://github.com/tensorflow/tensorflow/issues if you depend on this feature.
WARNING:tensorflow:From /home/ddatta/Code/ad_1/src/ape/tf_model_ape_1.py:223: The name tf.variable_scope is deprecated. Please use tf.compat.v1.variable_scope instead.

WARNING:tensorflow:From /home/ddatta/Code/ad_1/src/ape/tf_model_ape_1.py:224: The name tf.placeholder is deprecated. Please use tf.compat.v1.placeholder instead.

WARNING:tensorflow:From /home/ddatta/Code/ad_1/src/ape/tf_model_ape_1.py:487: The name tf.Session is deprecated. Please use tf.compat.v1.Session instead.

INFO:root:AUC
INFO:root:0.9998613037447989
INFO:root:time taken
INFO:root:1.4422900676727295
INFO:root:Info start
WARNING:tensorflow:From /home/ddatta/Code/ad_1/src/ape/tf_model_ape_1.py:65: The name tf.reset_default_graph is deprecated. Please use tf.compat.v1.reset_default_graph instead.

WARNING:tensorflow:From /home/ddatta/Code/ad_1/src/ape/tf_model_ape_1.py:67: The name tf.gfile.GFile is deprecated. Please use tf.io.gfile.GFile instead.

WARNING:tensorflow:From /home/ddatta/Code/ad_1/src/ape/tf_model_ape_1.py:68: The name tf.GraphDef is deprecated. Please use tf.compat.v1.GraphDef instead.

WARNING:tensorflow:From /home/ddatta/Code/ad_1/src/ape/tf_model_ape_1.py:79: calling import_graph_def (from tensorflow.python.framework.importer) with op_dict is deprecated and will be removed in a future version.
Instructions for updating:
Please file an issue at https://github.com/tensorflow/tensorflow/issues if you depend on this feature.
WARNING:tensorflow:From /home/ddatta/Code/ad_1/src/ape/tf_model_ape_1.py:223: The name tf.variable_scope is deprecated. Please use tf.compat.v1.variable_scope instead.

WARNING:tensorflow:From /home/ddatta/Code/ad_1/src/ape/tf_model_ape_1.py:224: The name tf.placeholder is deprecated. Please use tf.compat.v1.placeholder instead.

WARNING:tensorflow:From /home/ddatta/Code/ad_1/src/ape/tf_model_ape_1.py:487: The name tf.Session is deprecated. Please use tf.compat.v1.Session instead.

INFO:root:AUC
INFO:root:0.9998613037447989
INFO:root:time taken
INFO:root:1.7487826347351074
INFO:root:Info start
WARNING:tensorflow:From /home/ddatta/Code/ad_1/src/ape/tf_model_ape_1.py:65: The name tf.reset_default_graph is deprecated. Please use tf.compat.v1.reset_default_graph instead.

WARNING:tensorflow:From /home/ddatta/Code/ad_1/src/ape/tf_model_ape_1.py:67: The name tf.gfile.GFile is deprecated. Please use tf.io.gfile.GFile instead.

WARNING:tensorflow:From /home/ddatta/Code/ad_1/src/ape/tf_model_ape_1.py:68: The name tf.GraphDef is deprecated. Please use tf.compat.v1.GraphDef instead.

WARNING:tensorflow:From /home/ddatta/Code/ad_1/src/ape/tf_model_ape_1.py:79: calling import_graph_def (from tensorflow.python.framework.importer) with op_dict is deprecated and will be removed in a future version.
Instructions for updating:
Please file an issue at https://github.com/tensorflow/tensorflow/issues if you depend on this feature.
WARNING:tensorflow:From /home/ddatta/Code/ad_1/src/ape/tf_model_ape_1.py:223: The name tf.variable_scope is deprecated. Please use tf.compat.v1.variable_scope instead.

WARNING:tensorflow:From /home/ddatta/Code/ad_1/src/ape/tf_model_ape_1.py:224: The name tf.placeholder is deprecated. Please use tf.compat.v1.placeholder instead.

WARNING:tensorflow:From /home/ddatta/Code/ad_1/src/ape/tf_model_ape_1.py:487: The name tf.Session is deprecated. Please use tf.compat.v1.Session instead.

INFO:root:Info start
WARNING:tensorflow:From /home/ddatta/Code/ad_1/src/ape/tf_model_ape_1.py:65: The name tf.reset_default_graph is deprecated. Please use tf.compat.v1.reset_default_graph instead.

WARNING:tensorflow:From /home/ddatta/Code/ad_1/src/ape/tf_model_ape_1.py:67: The name tf.gfile.GFile is deprecated. Please use tf.io.gfile.GFile instead.

WARNING:tensorflow:From /home/ddatta/Code/ad_1/src/ape/tf_model_ape_1.py:68: The name tf.GraphDef is deprecated. Please use tf.compat.v1.GraphDef instead.

WARNING:tensorflow:From /home/ddatta/Code/ad_1/src/ape/tf_model_ape_1.py:79: calling import_graph_def (from tensorflow.python.framework.importer) with op_dict is deprecated and will be removed in a future version.
Instructions for updating:
Please file an issue at https://github.com/tensorflow/tensorflow/issues if you depend on this feature.
WARNING:tensorflow:From /home/ddatta/Code/ad_1/src/ape/tf_model_ape_1.py:223: The name tf.variable_scope is deprecated. Please use tf.compat.v1.variable_scope instead.

WARNING:tensorflow:From /home/ddatta/Code/ad_1/src/ape/tf_model_ape_1.py:224: The name tf.placeholder is deprecated. Please use tf.compat.v1.placeholder instead.

WARNING:tensorflow:From /home/ddatta/Code/ad_1/src/ape/tf_model_ape_1.py:487: The name tf.Session is deprecated. Please use tf.compat.v1.Session instead.

INFO:root:Info start
WARNING:tensorflow:From /home/ddatta/Code/ad_1/src/ape/tf_model_ape_1.py:65: The name tf.reset_default_graph is deprecated. Please use tf.compat.v1.reset_default_graph instead.

WARNING:tensorflow:From /home/ddatta/Code/ad_1/src/ape/tf_model_ape_1.py:67: The name tf.gfile.GFile is deprecated. Please use tf.io.gfile.GFile instead.

WARNING:tensorflow:From /home/ddatta/Code/ad_1/src/ape/tf_model_ape_1.py:68: The name tf.GraphDef is deprecated. Please use tf.compat.v1.GraphDef instead.

WARNING:tensorflow:From /home/ddatta/Code/ad_1/src/ape/tf_model_ape_1.py:79: calling import_graph_def (from tensorflow.python.framework.importer) with op_dict is deprecated and will be removed in a future version.
Instructions for updating:
Please file an issue at https://github.com/tensorflow/tensorflow/issues if you depend on this feature.
WARNING:tensorflow:From /home/ddatta/Code/ad_1/src/ape/tf_model_ape_1.py:223: The name tf.variable_scope is deprecated. Please use tf.compat.v1.variable_scope instead.

WARNING:tensorflow:From /home/ddatta/Code/ad_1/src/ape/tf_model_ape_1.py:224: The name tf.placeholder is deprecated. Please use tf.compat.v1.placeholder instead.

WARNING:tensorflow:From /home/ddatta/Code/ad_1/src/ape/tf_model_ape_1.py:487: The name tf.Session is deprecated. Please use tf.compat.v1.Session instead.

INFO:root:AUC
INFO:root:0.06679805049127487
INFO:root:time taken
INFO:root:1.4018585681915283
INFO:root:Info start
WARNING:tensorflow:From /home/ddatta/Code/ad_1/src/ape/tf_model_ape_1.py:223: The name tf.variable_scope is deprecated. Please use tf.compat.v1.variable_scope instead.

WARNING:tensorflow:From /home/ddatta/Code/ad_1/src/ape/tf_model_ape_1.py:224: The name tf.placeholder is deprecated. Please use tf.compat.v1.placeholder instead.

WARNING:tensorflow:From /home/ddatta/Code/ad_1/src/ape/tf_model_ape_1.py:91: The name tf.random_uniform is deprecated. Please use tf.random.uniform instead.

WARNING:tensorflow:From /home/ddatta/Code/ad_1/src/ape/tf_model_ape_1.py:390: The name tf.log is deprecated. Please use tf.math.log instead.

WARNING:tensorflow:From /home/ddatta/Code/ad_1/src/ape/tf_model_ape_1.py:398: The name tf.train.AdamOptimizer is deprecated. Please use tf.compat.v1.train.AdamOptimizer instead.

WARNING:tensorflow:From /home/ddatta/Code/ad_1/src/ape/tf_model_ape_1.py:412: The name tf.InteractiveSession is deprecated. Please use tf.compat.v1.InteractiveSession instead.

WARNING:tensorflow:From /home/ddatta/Code/ad_1/src/ape/tf_model_ape_1.py:415: The name tf.train.Saver is deprecated. Please use tf.compat.v1.train.Saver instead.

INFO:root:Info start
WARNING:tensorflow:From /home/ddatta/Code/ad_1/src/ape/tf_model_ape_1.py:223: The name tf.variable_scope is deprecated. Please use tf.compat.v1.variable_scope instead.

WARNING:tensorflow:From /home/ddatta/Code/ad_1/src/ape/tf_model_ape_1.py:224: The name tf.placeholder is deprecated. Please use tf.compat.v1.placeholder instead.

WARNING:tensorflow:From /home/ddatta/Code/ad_1/src/ape/tf_model_ape_1.py:91: The name tf.random_uniform is deprecated. Please use tf.random.uniform instead.

WARNING:tensorflow:From /home/ddatta/Code/ad_1/src/ape/tf_model_ape_1.py:390: The name tf.log is deprecated. Please use tf.math.log instead.

WARNING:tensorflow:From /home/ddatta/Code/ad_1/src/ape/tf_model_ape_1.py:398: The name tf.train.AdamOptimizer is deprecated. Please use tf.compat.v1.train.AdamOptimizer instead.

WARNING:tensorflow:From /home/ddatta/Code/ad_1/src/ape/tf_model_ape_1.py:412: The name tf.InteractiveSession is deprecated. Please use tf.compat.v1.InteractiveSession instead.

WARNING:tensorflow:From /home/ddatta/Code/ad_1/src/ape/tf_model_ape_1.py:415: The name tf.train.Saver is deprecated. Please use tf.compat.v1.train.Saver instead.

INFO:root:Info start
INFO:root:Info start
INFO:root:Info start
WARNING:tensorflow:From /home/ddatta/Code/ad_1/src/ape/tf_model_ape_1.py:223: The name tf.variable_scope is deprecated. Please use tf.compat.v1.variable_scope instead.

WARNING:tensorflow:From /home/ddatta/Code/ad_1/src/ape/tf_model_ape_1.py:224: The name tf.placeholder is deprecated. Please use tf.compat.v1.placeholder instead.

WARNING:tensorflow:From /home/ddatta/Code/ad_1/src/ape/tf_model_ape_1.py:91: The name tf.random_uniform is deprecated. Please use tf.random.uniform instead.

WARNING:tensorflow:From /home/ddatta/Code/ad_1/src/ape/tf_model_ape_1.py:390: The name tf.log is deprecated. Please use tf.math.log instead.

WARNING:tensorflow:From /home/ddatta/Code/ad_1/src/ape/tf_model_ape_1.py:398: The name tf.train.AdamOptimizer is deprecated. Please use tf.compat.v1.train.AdamOptimizer instead.

WARNING:tensorflow:From /home/ddatta/Code/ad_1/src/ape/tf_model_ape_1.py:412: The name tf.InteractiveSession is deprecated. Please use tf.compat.v1.InteractiveSession instead.

WARNING:tensorflow:From /home/ddatta/Code/ad_1/src/ape/tf_model_ape_1.py:415: The name tf.train.Saver is deprecated. Please use tf.compat.v1.train.Saver instead.

INFO:root:Info start
WARNING:tensorflow:From /home/ddatta/Code/ad_1/src/ape/tf_model_ape_1.py:223: The name tf.variable_scope is deprecated. Please use tf.compat.v1.variable_scope instead.

WARNING:tensorflow:From /home/ddatta/Code/ad_1/src/ape/tf_model_ape_1.py:224: The name tf.placeholder is deprecated. Please use tf.compat.v1.placeholder instead.

WARNING:tensorflow:From /home/ddatta/Code/ad_1/src/ape/tf_model_ape_1.py:91: The name tf.random_uniform is deprecated. Please use tf.random.uniform instead.

WARNING:tensorflow:From /home/ddatta/Code/ad_1/src/ape/tf_model_ape_1.py:390: The name tf.log is deprecated. Please use tf.math.log instead.

WARNING:tensorflow:From /home/ddatta/Code/ad_1/src/ape/tf_model_ape_1.py:398: The name tf.train.AdamOptimizer is deprecated. Please use tf.compat.v1.train.AdamOptimizer instead.

WARNING:tensorflow:From /home/ddatta/Code/ad_1/src/ape/tf_model_ape_1.py:412: The name tf.InteractiveSession is deprecated. Please use tf.compat.v1.InteractiveSession instead.

WARNING:tensorflow:From /home/ddatta/Code/ad_1/src/ape/tf_model_ape_1.py:415: The name tf.train.Saver is deprecated. Please use tf.compat.v1.train.Saver instead.

INFO:root:Info start
WARNING:tensorflow:From /home/ddatta/Code/ad_1/src/ape/tf_model_ape_1.py:223: The name tf.variable_scope is deprecated. Please use tf.compat.v1.variable_scope instead.

WARNING:tensorflow:From /home/ddatta/Code/ad_1/src/ape/tf_model_ape_1.py:224: The name tf.placeholder is deprecated. Please use tf.compat.v1.placeholder instead.

WARNING:tensorflow:From /home/ddatta/Code/ad_1/src/ape/tf_model_ape_1.py:91: The name tf.random_uniform is deprecated. Please use tf.random.uniform instead.

WARNING:tensorflow:From /home/ddatta/Code/ad_1/src/ape/tf_model_ape_1.py:390: The name tf.log is deprecated. Please use tf.math.log instead.

WARNING:tensorflow:From /home/ddatta/Code/ad_1/src/ape/tf_model_ape_1.py:398: The name tf.train.AdamOptimizer is deprecated. Please use tf.compat.v1.train.AdamOptimizer instead.

WARNING:tensorflow:From /home/ddatta/Code/ad_1/src/ape/tf_model_ape_1.py:412: The name tf.InteractiveSession is deprecated. Please use tf.compat.v1.InteractiveSession instead.

WARNING:tensorflow:From /home/ddatta/Code/ad_1/src/ape/tf_model_ape_1.py:415: The name tf.train.Saver is deprecated. Please use tf.compat.v1.train.Saver instead.

INFO:root:Info start
WARNING:tensorflow:From /home/ddatta/Code/ad_1/src/ape/tf_model_ape_1.py:223: The name tf.variable_scope is deprecated. Please use tf.compat.v1.variable_scope instead.

WARNING:tensorflow:From /home/ddatta/Code/ad_1/src/ape/tf_model_ape_1.py:224: The name tf.placeholder is deprecated. Please use tf.compat.v1.placeholder instead.

WARNING:tensorflow:From /home/ddatta/Code/ad_1/src/ape/tf_model_ape_1.py:91: The name tf.random_uniform is deprecated. Please use tf.random.uniform instead.

WARNING:tensorflow:From /home/ddatta/Code/ad_1/src/ape/tf_model_ape_1.py:390: The name tf.log is deprecated. Please use tf.math.log instead.

WARNING:tensorflow:From /home/ddatta/Code/ad_1/src/ape/tf_model_ape_1.py:398: The name tf.train.AdamOptimizer is deprecated. Please use tf.compat.v1.train.AdamOptimizer instead.

WARNING:tensorflow:From /home/ddatta/Code/ad_1/src/ape/tf_model_ape_1.py:412: The name tf.InteractiveSession is deprecated. Please use tf.compat.v1.InteractiveSession instead.

WARNING:tensorflow:From /home/ddatta/Code/ad_1/src/ape/tf_model_ape_1.py:415: The name tf.train.Saver is deprecated. Please use tf.compat.v1.train.Saver instead.

INFO:root:Info start
WARNING:tensorflow:From /home/ddatta/Code/ad_1/src/ape/tf_model_ape_1.py:223: The name tf.variable_scope is deprecated. Please use tf.compat.v1.variable_scope instead.

WARNING:tensorflow:From /home/ddatta/Code/ad_1/src/ape/tf_model_ape_1.py:224: The name tf.placeholder is deprecated. Please use tf.compat.v1.placeholder instead.

WARNING:tensorflow:From /home/ddatta/Code/ad_1/src/ape/tf_model_ape_1.py:91: The name tf.random_uniform is deprecated. Please use tf.random.uniform instead.

WARNING:tensorflow:From /home/ddatta/Code/ad_1/src/ape/tf_model_ape_1.py:390: The name tf.log is deprecated. Please use tf.math.log instead.

WARNING:tensorflow:From /home/ddatta/Code/ad_1/src/ape/tf_model_ape_1.py:398: The name tf.train.AdamOptimizer is deprecated. Please use tf.compat.v1.train.AdamOptimizer instead.

WARNING:tensorflow:From /home/ddatta/Code/ad_1/src/ape/tf_model_ape_1.py:412: The name tf.InteractiveSession is deprecated. Please use tf.compat.v1.InteractiveSession instead.

WARNING:tensorflow:From /home/ddatta/Code/ad_1/src/ape/tf_model_ape_1.py:415: The name tf.train.Saver is deprecated. Please use tf.compat.v1.train.Saver instead.

INFO:root:Info start
WARNING:tensorflow:From /home/ddatta/Code/ad_1/src/ape/tf_model_ape_1.py:223: The name tf.variable_scope is deprecated. Please use tf.compat.v1.variable_scope instead.

WARNING:tensorflow:From /home/ddatta/Code/ad_1/src/ape/tf_model_ape_1.py:224: The name tf.placeholder is deprecated. Please use tf.compat.v1.placeholder instead.

WARNING:tensorflow:From /home/ddatta/Code/ad_1/src/ape/tf_model_ape_1.py:91: The name tf.random_uniform is deprecated. Please use tf.random.uniform instead.

WARNING:tensorflow:From /home/ddatta/Code/ad_1/src/ape/tf_model_ape_1.py:390: The name tf.log is deprecated. Please use tf.math.log instead.

WARNING:tensorflow:From /home/ddatta/Code/ad_1/src/ape/tf_model_ape_1.py:398: The name tf.train.AdamOptimizer is deprecated. Please use tf.compat.v1.train.AdamOptimizer instead.

WARNING:tensorflow:From /home/ddatta/Code/ad_1/src/ape/tf_model_ape_1.py:412: The name tf.InteractiveSession is deprecated. Please use tf.compat.v1.InteractiveSession instead.

WARNING:tensorflow:From /home/ddatta/Code/ad_1/src/ape/tf_model_ape_1.py:415: The name tf.train.Saver is deprecated. Please use tf.compat.v1.train.Saver instead.

INFO:root:Info start
WARNING:tensorflow:From /home/ddatta/Code/ad_1/src/ape/tf_model_ape_1.py:223: The name tf.variable_scope is deprecated. Please use tf.compat.v1.variable_scope instead.

WARNING:tensorflow:From /home/ddatta/Code/ad_1/src/ape/tf_model_ape_1.py:224: The name tf.placeholder is deprecated. Please use tf.compat.v1.placeholder instead.

WARNING:tensorflow:From /home/ddatta/Code/ad_1/src/ape/tf_model_ape_1.py:91: The name tf.random_uniform is deprecated. Please use tf.random.uniform instead.

WARNING:tensorflow:From /home/ddatta/Code/ad_1/src/ape/tf_model_ape_1.py:390: The name tf.log is deprecated. Please use tf.math.log instead.

WARNING:tensorflow:From /home/ddatta/Code/ad_1/src/ape/tf_model_ape_1.py:398: The name tf.train.AdamOptimizer is deprecated. Please use tf.compat.v1.train.AdamOptimizer instead.

WARNING:tensorflow:From /home/ddatta/Code/ad_1/src/ape/tf_model_ape_1.py:412: The name tf.InteractiveSession is deprecated. Please use tf.compat.v1.InteractiveSession instead.

WARNING:tensorflow:From /home/ddatta/Code/ad_1/src/ape/tf_model_ape_1.py:415: The name tf.train.Saver is deprecated. Please use tf.compat.v1.train.Saver instead.

INFO:root:Info start
WARNING:tensorflow:From /home/ddatta/Code/ad_1/src/ape/tf_model_ape_1.py:223: The name tf.variable_scope is deprecated. Please use tf.compat.v1.variable_scope instead.

WARNING:tensorflow:From /home/ddatta/Code/ad_1/src/ape/tf_model_ape_1.py:224: The name tf.placeholder is deprecated. Please use tf.compat.v1.placeholder instead.

WARNING:tensorflow:From /home/ddatta/Code/ad_1/src/ape/tf_model_ape_1.py:91: The name tf.random_uniform is deprecated. Please use tf.random.uniform instead.

WARNING:tensorflow:From /home/ddatta/Code/ad_1/src/ape/tf_model_ape_1.py:390: The name tf.log is deprecated. Please use tf.math.log instead.

INFO:root:Info start
WARNING:tensorflow:From /home/ddatta/Code/ad_1/src/ape/tf_model_ape_1.py:223: The name tf.variable_scope is deprecated. Please use tf.compat.v1.variable_scope instead.

WARNING:tensorflow:From /home/ddatta/Code/ad_1/src/ape/tf_model_ape_1.py:224: The name tf.placeholder is deprecated. Please use tf.compat.v1.placeholder instead.

WARNING:tensorflow:From /home/ddatta/Code/ad_1/src/ape/tf_model_ape_1.py:91: The name tf.random_uniform is deprecated. Please use tf.random.uniform instead.

WARNING:tensorflow:From /home/ddatta/Code/ad_1/src/ape/tf_model_ape_1.py:390: The name tf.log is deprecated. Please use tf.math.log instead.

INFO:root:Info start
WARNING:tensorflow:From /home/ddatta/Code/ad_1/src/ape/tf_model_ape_1.py:223: The name tf.variable_scope is deprecated. Please use tf.compat.v1.variable_scope instead.

WARNING:tensorflow:From /home/ddatta/Code/ad_1/src/ape/tf_model_ape_1.py:224: The name tf.placeholder is deprecated. Please use tf.compat.v1.placeholder instead.

WARNING:tensorflow:From /home/ddatta/Code/ad_1/src/ape/tf_model_ape_1.py:91: The name tf.random_uniform is deprecated. Please use tf.random.uniform instead.

WARNING:tensorflow:From /home/ddatta/Code/ad_1/src/ape/tf_model_ape_1.py:390: The name tf.log is deprecated. Please use tf.math.log instead.

WARNING:tensorflow:From /home/ddatta/Code/ad_1/src/ape/tf_model_ape_1.py:400: The name tf.train.AdamOptimizer is deprecated. Please use tf.compat.v1.train.AdamOptimizer instead.

WARNING:tensorflow:From /home/ddatta/Code/ad_1/src/ape/tf_model_ape_1.py:414: The name tf.InteractiveSession is deprecated. Please use tf.compat.v1.InteractiveSession instead.

WARNING:tensorflow:From /home/ddatta/Code/ad_1/src/ape/tf_model_ape_1.py:417: The name tf.train.Saver is deprecated. Please use tf.compat.v1.train.Saver instead.

INFO:root:Info start
WARNING:tensorflow:From /home/ddatta/Code/ad_1/src/ape/tf_model_ape_1.py:223: The name tf.variable_scope is deprecated. Please use tf.compat.v1.variable_scope instead.

WARNING:tensorflow:From /home/ddatta/Code/ad_1/src/ape/tf_model_ape_1.py:224: The name tf.placeholder is deprecated. Please use tf.compat.v1.placeholder instead.

WARNING:tensorflow:From /home/ddatta/Code/ad_1/src/ape/tf_model_ape_1.py:91: The name tf.random_uniform is deprecated. Please use tf.random.uniform instead.

WARNING:tensorflow:From /home/ddatta/Code/ad_1/src/ape/tf_model_ape_1.py:390: The name tf.log is deprecated. Please use tf.math.log instead.

WARNING:tensorflow:From /home/ddatta/Code/ad_1/src/ape/tf_model_ape_1.py:401: The name tf.train.AdamOptimizer is deprecated. Please use tf.compat.v1.train.AdamOptimizer instead.

WARNING:tensorflow:From /home/ddatta/Code/ad_1/src/ape/tf_model_ape_1.py:415: The name tf.InteractiveSession is deprecated. Please use tf.compat.v1.InteractiveSession instead.

WARNING:tensorflow:From /home/ddatta/Code/ad_1/src/ape/tf_model_ape_1.py:418: The name tf.train.Saver is deprecated. Please use tf.compat.v1.train.Saver instead.

WARNING:tensorflow:From /home/ddatta/Code/ad_1/src/ape/tf_model_ape_1.py:475: convert_variables_to_constants (from tensorflow.python.framework.graph_util_impl) is deprecated and will be removed in a future version.
Instructions for updating:
Use `tf.compat.v1.graph_util.convert_variables_to_constants`
WARNING:tensorflow:From /home/ddatta/Code/ad_1/venv/lib/python3.6/site-packages/tensorflow/python/framework/graph_util_impl.py:270: extract_sub_graph (from tensorflow.python.framework.graph_util_impl) is deprecated and will be removed in a future version.
Instructions for updating:
Use `tf.compat.v1.graph_util.extract_sub_graph`
INFO:tensorflow:Froze 18 variables.
INFO:tensorflow:Converted 18 variables to const ops.
WARNING:tensorflow:From /home/ddatta/Code/ad_1/src/ape/tf_model_ape_1.py:478: The name tf.gfile.GFile is deprecated. Please use tf.io.gfile.GFile instead.

WARNING:tensorflow:From /home/ddatta/Code/ad_1/src/ape/tf_model_ape_1.py:79: calling import_graph_def (from tensorflow.python.framework.importer) with op_dict is deprecated and will be removed in a future version.
Instructions for updating:
Please file an issue at https://github.com/tensorflow/tensorflow/issues if you depend on this feature.
INFO:root:AUC
INFO:root:0.9990984743411928
INFO:root:time taken
INFO:root:81.96877479553223
INFO:root:Info start
WARNING:tensorflow:From /home/ddatta/Code/ad_1/src/ape/tf_model_ape_1.py:65: The name tf.reset_default_graph is deprecated. Please use tf.compat.v1.reset_default_graph instead.

WARNING:tensorflow:From /home/ddatta/Code/ad_1/src/ape/tf_model_ape_1.py:67: The name tf.gfile.GFile is deprecated. Please use tf.io.gfile.GFile instead.

WARNING:tensorflow:From /home/ddatta/Code/ad_1/src/ape/tf_model_ape_1.py:68: The name tf.GraphDef is deprecated. Please use tf.compat.v1.GraphDef instead.

WARNING:tensorflow:From /home/ddatta/Code/ad_1/src/ape/tf_model_ape_1.py:79: calling import_graph_def (from tensorflow.python.framework.importer) with op_dict is deprecated and will be removed in a future version.
Instructions for updating:
Please file an issue at https://github.com/tensorflow/tensorflow/issues if you depend on this feature.
WARNING:tensorflow:From /home/ddatta/Code/ad_1/src/ape/tf_model_ape_1.py:223: The name tf.variable_scope is deprecated. Please use tf.compat.v1.variable_scope instead.

WARNING:tensorflow:From /home/ddatta/Code/ad_1/src/ape/tf_model_ape_1.py:224: The name tf.placeholder is deprecated. Please use tf.compat.v1.placeholder instead.

WARNING:tensorflow:From /home/ddatta/Code/ad_1/src/ape/tf_model_ape_1.py:492: The name tf.Session is deprecated. Please use tf.compat.v1.Session instead.

INFO:root:AUC
INFO:root:0.9999306518723995
INFO:root:time taken
INFO:root:1.4794151782989502
INFO:root:Info start
WARNING:tensorflow:From /home/ddatta/Code/ad_1/src/ape/tf_model_ape_1.py:65: The name tf.reset_default_graph is deprecated. Please use tf.compat.v1.reset_default_graph instead.

WARNING:tensorflow:From /home/ddatta/Code/ad_1/src/ape/tf_model_ape_1.py:67: The name tf.gfile.GFile is deprecated. Please use tf.io.gfile.GFile instead.

WARNING:tensorflow:From /home/ddatta/Code/ad_1/src/ape/tf_model_ape_1.py:68: The name tf.GraphDef is deprecated. Please use tf.compat.v1.GraphDef instead.

WARNING:tensorflow:From /home/ddatta/Code/ad_1/src/ape/tf_model_ape_1.py:79: calling import_graph_def (from tensorflow.python.framework.importer) with op_dict is deprecated and will be removed in a future version.
Instructions for updating:
Please file an issue at https://github.com/tensorflow/tensorflow/issues if you depend on this feature.
WARNING:tensorflow:From /home/ddatta/Code/ad_1/src/ape/tf_model_ape_1.py:223: The name tf.variable_scope is deprecated. Please use tf.compat.v1.variable_scope instead.

WARNING:tensorflow:From /home/ddatta/Code/ad_1/src/ape/tf_model_ape_1.py:224: The name tf.placeholder is deprecated. Please use tf.compat.v1.placeholder instead.

WARNING:tensorflow:From /home/ddatta/Code/ad_1/src/ape/tf_model_ape_1.py:492: The name tf.Session is deprecated. Please use tf.compat.v1.Session instead.

INFO:root:Info start
WARNING:tensorflow:From /home/ddatta/Code/ad_1/src/ape/tf_model_ape_1.py:65: The name tf.reset_default_graph is deprecated. Please use tf.compat.v1.reset_default_graph instead.

WARNING:tensorflow:From /home/ddatta/Code/ad_1/src/ape/tf_model_ape_1.py:67: The name tf.gfile.GFile is deprecated. Please use tf.io.gfile.GFile instead.

WARNING:tensorflow:From /home/ddatta/Code/ad_1/src/ape/tf_model_ape_1.py:68: The name tf.GraphDef is deprecated. Please use tf.compat.v1.GraphDef instead.

WARNING:tensorflow:From /home/ddatta/Code/ad_1/src/ape/tf_model_ape_1.py:79: calling import_graph_def (from tensorflow.python.framework.importer) with op_dict is deprecated and will be removed in a future version.
Instructions for updating:
Please file an issue at https://github.com/tensorflow/tensorflow/issues if you depend on this feature.
WARNING:tensorflow:From /home/ddatta/Code/ad_1/src/ape/tf_model_ape_1.py:223: The name tf.variable_scope is deprecated. Please use tf.compat.v1.variable_scope instead.

WARNING:tensorflow:From /home/ddatta/Code/ad_1/src/ape/tf_model_ape_1.py:224: The name tf.placeholder is deprecated. Please use tf.compat.v1.placeholder instead.

WARNING:tensorflow:From /home/ddatta/Code/ad_1/src/ape/tf_model_ape_1.py:492: The name tf.Session is deprecated. Please use tf.compat.v1.Session instead.

INFO:root:AUC
INFO:root:0.9999306518723995
INFO:root:time taken
INFO:root:2.454345226287842
INFO:root:Info start
WARNING:tensorflow:From /home/ddatta/Code/ad_1/src/ape/tf_model_ape_1.py:65: The name tf.reset_default_graph is deprecated. Please use tf.compat.v1.reset_default_graph instead.

WARNING:tensorflow:From /home/ddatta/Code/ad_1/src/ape/tf_model_ape_1.py:67: The name tf.gfile.GFile is deprecated. Please use tf.io.gfile.GFile instead.

WARNING:tensorflow:From /home/ddatta/Code/ad_1/src/ape/tf_model_ape_1.py:68: The name tf.GraphDef is deprecated. Please use tf.compat.v1.GraphDef instead.

WARNING:tensorflow:From /home/ddatta/Code/ad_1/src/ape/tf_model_ape_1.py:79: calling import_graph_def (from tensorflow.python.framework.importer) with op_dict is deprecated and will be removed in a future version.
Instructions for updating:
Please file an issue at https://github.com/tensorflow/tensorflow/issues if you depend on this feature.
WARNING:tensorflow:From /home/ddatta/Code/ad_1/src/ape/tf_model_ape_1.py:223: The name tf.variable_scope is deprecated. Please use tf.compat.v1.variable_scope instead.

WARNING:tensorflow:From /home/ddatta/Code/ad_1/src/ape/tf_model_ape_1.py:224: The name tf.placeholder is deprecated. Please use tf.compat.v1.placeholder instead.

WARNING:tensorflow:From /home/ddatta/Code/ad_1/src/ape/tf_model_ape_1.py:492: The name tf.Session is deprecated. Please use tf.compat.v1.Session instead.

INFO:root:Info start
WARNING:tensorflow:From /home/ddatta/Code/ad_1/src/ape/tf_model_ape_1.py:65: The name tf.reset_default_graph is deprecated. Please use tf.compat.v1.reset_default_graph instead.

WARNING:tensorflow:From /home/ddatta/Code/ad_1/src/ape/tf_model_ape_1.py:67: The name tf.gfile.GFile is deprecated. Please use tf.io.gfile.GFile instead.

WARNING:tensorflow:From /home/ddatta/Code/ad_1/src/ape/tf_model_ape_1.py:68: The name tf.GraphDef is deprecated. Please use tf.compat.v1.GraphDef instead.

WARNING:tensorflow:From /home/ddatta/Code/ad_1/src/ape/tf_model_ape_1.py:79: calling import_graph_def (from tensorflow.python.framework.importer) with op_dict is deprecated and will be removed in a future version.
Instructions for updating:
Please file an issue at https://github.com/tensorflow/tensorflow/issues if you depend on this feature.
WARNING:tensorflow:From /home/ddatta/Code/ad_1/src/ape/tf_model_ape_1.py:223: The name tf.variable_scope is deprecated. Please use tf.compat.v1.variable_scope instead.

WARNING:tensorflow:From /home/ddatta/Code/ad_1/src/ape/tf_model_ape_1.py:224: The name tf.placeholder is deprecated. Please use tf.compat.v1.placeholder instead.

WARNING:tensorflow:From /home/ddatta/Code/ad_1/src/ape/tf_model_ape_1.py:492: The name tf.Session is deprecated. Please use tf.compat.v1.Session instead.

INFO:root:AUC
INFO:root:0.07002462982527913
INFO:root:time taken
INFO:root:2.199436664581299
INFO:root:Info start
WARNING:tensorflow:From /home/ddatta/Code/ad_1/src/ape/tf_model_ape_1.py:65: The name tf.reset_default_graph is deprecated. Please use tf.compat.v1.reset_default_graph instead.

WARNING:tensorflow:From /home/ddatta/Code/ad_1/src/ape/tf_model_ape_1.py:67: The name tf.gfile.GFile is deprecated. Please use tf.io.gfile.GFile instead.

WARNING:tensorflow:From /home/ddatta/Code/ad_1/src/ape/tf_model_ape_1.py:68: The name tf.GraphDef is deprecated. Please use tf.compat.v1.GraphDef instead.

WARNING:tensorflow:From /home/ddatta/Code/ad_1/src/ape/tf_model_ape_1.py:79: calling import_graph_def (from tensorflow.python.framework.importer) with op_dict is deprecated and will be removed in a future version.
Instructions for updating:
Please file an issue at https://github.com/tensorflow/tensorflow/issues if you depend on this feature.
WARNING:tensorflow:From /home/ddatta/Code/ad_1/src/ape/tf_model_ape_1.py:223: The name tf.variable_scope is deprecated. Please use tf.compat.v1.variable_scope instead.

WARNING:tensorflow:From /home/ddatta/Code/ad_1/src/ape/tf_model_ape_1.py:224: The name tf.placeholder is deprecated. Please use tf.compat.v1.placeholder instead.

WARNING:tensorflow:From /home/ddatta/Code/ad_1/src/ape/tf_model_ape_1.py:492: The name tf.Session is deprecated. Please use tf.compat.v1.Session instead.

INFO:root:AUC
INFO:root:0.13735725516594388
INFO:root:time taken
INFO:root:2.193044900894165
INFO:root:Info start
WARNING:tensorflow:From /home/ddatta/Code/ad_1/src/ape/tf_model_ape_1.py:65: The name tf.reset_default_graph is deprecated. Please use tf.compat.v1.reset_default_graph instead.

WARNING:tensorflow:From /home/ddatta/Code/ad_1/src/ape/tf_model_ape_1.py:67: The name tf.gfile.GFile is deprecated. Please use tf.io.gfile.GFile instead.

WARNING:tensorflow:From /home/ddatta/Code/ad_1/src/ape/tf_model_ape_1.py:68: The name tf.GraphDef is deprecated. Please use tf.compat.v1.GraphDef instead.

WARNING:tensorflow:From /home/ddatta/Code/ad_1/src/ape/tf_model_ape_1.py:79: calling import_graph_def (from tensorflow.python.framework.importer) with op_dict is deprecated and will be removed in a future version.
Instructions for updating:
Please file an issue at https://github.com/tensorflow/tensorflow/issues if you depend on this feature.
WARNING:tensorflow:From /home/ddatta/Code/ad_1/src/ape/tf_model_ape_1.py:223: The name tf.variable_scope is deprecated. Please use tf.compat.v1.variable_scope instead.

WARNING:tensorflow:From /home/ddatta/Code/ad_1/src/ape/tf_model_ape_1.py:224: The name tf.placeholder is deprecated. Please use tf.compat.v1.placeholder instead.

WARNING:tensorflow:From /home/ddatta/Code/ad_1/src/ape/tf_model_ape_1.py:492: The name tf.Session is deprecated. Please use tf.compat.v1.Session instead.

INFO:root:AUC
INFO:root:0.13735725516594388
INFO:root:time taken
INFO:root:2.1538188457489014
INFO:root:Info start
WARNING:tensorflow:From /home/ddatta/Code/ad_1/src/ape/tf_model_ape_1.py:65: The name tf.reset_default_graph is deprecated. Please use tf.compat.v1.reset_default_graph instead.

WARNING:tensorflow:From /home/ddatta/Code/ad_1/src/ape/tf_model_ape_1.py:67: The name tf.gfile.GFile is deprecated. Please use tf.io.gfile.GFile instead.

WARNING:tensorflow:From /home/ddatta/Code/ad_1/src/ape/tf_model_ape_1.py:68: The name tf.GraphDef is deprecated. Please use tf.compat.v1.GraphDef instead.

WARNING:tensorflow:From /home/ddatta/Code/ad_1/src/ape/tf_model_ape_1.py:79: calling import_graph_def (from tensorflow.python.framework.importer) with op_dict is deprecated and will be removed in a future version.
Instructions for updating:
Please file an issue at https://github.com/tensorflow/tensorflow/issues if you depend on this feature.
WARNING:tensorflow:From /home/ddatta/Code/ad_1/src/ape/tf_model_ape_1.py:223: The name tf.variable_scope is deprecated. Please use tf.compat.v1.variable_scope instead.

WARNING:tensorflow:From /home/ddatta/Code/ad_1/src/ape/tf_model_ape_1.py:224: The name tf.placeholder is deprecated. Please use tf.compat.v1.placeholder instead.

WARNING:tensorflow:From /home/ddatta/Code/ad_1/src/ape/tf_model_ape_1.py:492: The name tf.Session is deprecated. Please use tf.compat.v1.Session instead.

INFO:root:AUC
INFO:root:0.13735725516594388
INFO:root:time taken
INFO:root:2.089992046356201
INFO:root:Info start
WARNING:tensorflow:From /home/ddatta/Code/ad_1/src/ape/tf_model_ape_1.py:65: The name tf.reset_default_graph is deprecated. Please use tf.compat.v1.reset_default_graph instead.

WARNING:tensorflow:From /home/ddatta/Code/ad_1/src/ape/tf_model_ape_1.py:67: The name tf.gfile.GFile is deprecated. Please use tf.io.gfile.GFile instead.

WARNING:tensorflow:From /home/ddatta/Code/ad_1/src/ape/tf_model_ape_1.py:68: The name tf.GraphDef is deprecated. Please use tf.compat.v1.GraphDef instead.

WARNING:tensorflow:From /home/ddatta/Code/ad_1/src/ape/tf_model_ape_1.py:79: calling import_graph_def (from tensorflow.python.framework.importer) with op_dict is deprecated and will be removed in a future version.
Instructions for updating:
Please file an issue at https://github.com/tensorflow/tensorflow/issues if you depend on this feature.
WARNING:tensorflow:From /home/ddatta/Code/ad_1/src/ape/tf_model_ape_1.py:223: The name tf.variable_scope is deprecated. Please use tf.compat.v1.variable_scope instead.

WARNING:tensorflow:From /home/ddatta/Code/ad_1/src/ape/tf_model_ape_1.py:224: The name tf.placeholder is deprecated. Please use tf.compat.v1.placeholder instead.

WARNING:tensorflow:From /home/ddatta/Code/ad_1/src/ape/tf_model_ape_1.py:492: The name tf.Session is deprecated. Please use tf.compat.v1.Session instead.

INFO:root:AUC
INFO:root:0.13735725516594388
INFO:root:time taken
INFO:root:2.127422571182251
INFO:root:Info start
WARNING:tensorflow:From /home/ddatta/Code/ad_1/src/ape/tf_model_ape_1.py:65: The name tf.reset_default_graph is deprecated. Please use tf.compat.v1.reset_default_graph instead.

WARNING:tensorflow:From /home/ddatta/Code/ad_1/src/ape/tf_model_ape_1.py:67: The name tf.gfile.GFile is deprecated. Please use tf.io.gfile.GFile instead.

WARNING:tensorflow:From /home/ddatta/Code/ad_1/src/ape/tf_model_ape_1.py:68: The name tf.GraphDef is deprecated. Please use tf.compat.v1.GraphDef instead.

WARNING:tensorflow:From /home/ddatta/Code/ad_1/src/ape/tf_model_ape_1.py:79: calling import_graph_def (from tensorflow.python.framework.importer) with op_dict is deprecated and will be removed in a future version.
Instructions for updating:
Please file an issue at https://github.com/tensorflow/tensorflow/issues if you depend on this feature.
WARNING:tensorflow:From /home/ddatta/Code/ad_1/src/ape/tf_model_ape_1.py:223: The name tf.variable_scope is deprecated. Please use tf.compat.v1.variable_scope instead.

WARNING:tensorflow:From /home/ddatta/Code/ad_1/src/ape/tf_model_ape_1.py:224: The name tf.placeholder is deprecated. Please use tf.compat.v1.placeholder instead.

WARNING:tensorflow:From /home/ddatta/Code/ad_1/src/ape/tf_model_ape_1.py:492: The name tf.Session is deprecated. Please use tf.compat.v1.Session instead.

INFO:root:AUC
INFO:root:0.13735725516594388
INFO:root:time taken
INFO:root:2.1694133281707764
INFO:root:Info start
WARNING:tensorflow:From /home/ddatta/Code/ad_1/src/ape/tf_model_ape_1.py:65: The name tf.reset_default_graph is deprecated. Please use tf.compat.v1.reset_default_graph instead.

WARNING:tensorflow:From /home/ddatta/Code/ad_1/src/ape/tf_model_ape_1.py:67: The name tf.gfile.GFile is deprecated. Please use tf.io.gfile.GFile instead.

WARNING:tensorflow:From /home/ddatta/Code/ad_1/src/ape/tf_model_ape_1.py:68: The name tf.GraphDef is deprecated. Please use tf.compat.v1.GraphDef instead.

WARNING:tensorflow:From /home/ddatta/Code/ad_1/src/ape/tf_model_ape_1.py:79: calling import_graph_def (from tensorflow.python.framework.importer) with op_dict is deprecated and will be removed in a future version.
Instructions for updating:
Please file an issue at https://github.com/tensorflow/tensorflow/issues if you depend on this feature.
WARNING:tensorflow:From /home/ddatta/Code/ad_1/src/ape/tf_model_ape_1.py:223: The name tf.variable_scope is deprecated. Please use tf.compat.v1.variable_scope instead.

WARNING:tensorflow:From /home/ddatta/Code/ad_1/src/ape/tf_model_ape_1.py:224: The name tf.placeholder is deprecated. Please use tf.compat.v1.placeholder instead.

WARNING:tensorflow:From /home/ddatta/Code/ad_1/src/ape/tf_model_ape_1.py:492: The name tf.Session is deprecated. Please use tf.compat.v1.Session instead.

INFO:root:Info start
WARNING:tensorflow:From /home/ddatta/Code/ad_1/src/ape/tf_model_ape_1.py:65: The name tf.reset_default_graph is deprecated. Please use tf.compat.v1.reset_default_graph instead.

WARNING:tensorflow:From /home/ddatta/Code/ad_1/src/ape/tf_model_ape_1.py:67: The name tf.gfile.GFile is deprecated. Please use tf.io.gfile.GFile instead.

WARNING:tensorflow:From /home/ddatta/Code/ad_1/src/ape/tf_model_ape_1.py:68: The name tf.GraphDef is deprecated. Please use tf.compat.v1.GraphDef instead.

WARNING:tensorflow:From /home/ddatta/Code/ad_1/src/ape/tf_model_ape_1.py:79: calling import_graph_def (from tensorflow.python.framework.importer) with op_dict is deprecated and will be removed in a future version.
Instructions for updating:
Please file an issue at https://github.com/tensorflow/tensorflow/issues if you depend on this feature.
WARNING:tensorflow:From /home/ddatta/Code/ad_1/src/ape/tf_model_ape_1.py:223: The name tf.variable_scope is deprecated. Please use tf.compat.v1.variable_scope instead.

WARNING:tensorflow:From /home/ddatta/Code/ad_1/src/ape/tf_model_ape_1.py:224: The name tf.placeholder is deprecated. Please use tf.compat.v1.placeholder instead.

WARNING:tensorflow:From /home/ddatta/Code/ad_1/src/ape/tf_model_ape_1.py:492: The name tf.Session is deprecated. Please use tf.compat.v1.Session instead.

INFO:root:Info start
WARNING:tensorflow:From /home/ddatta/Code/ad_1/src/ape/tf_model_ape_1.py:65: The name tf.reset_default_graph is deprecated. Please use tf.compat.v1.reset_default_graph instead.

WARNING:tensorflow:From /home/ddatta/Code/ad_1/src/ape/tf_model_ape_1.py:67: The name tf.gfile.GFile is deprecated. Please use tf.io.gfile.GFile instead.

WARNING:tensorflow:From /home/ddatta/Code/ad_1/src/ape/tf_model_ape_1.py:68: The name tf.GraphDef is deprecated. Please use tf.compat.v1.GraphDef instead.

WARNING:tensorflow:From /home/ddatta/Code/ad_1/src/ape/tf_model_ape_1.py:79: calling import_graph_def (from tensorflow.python.framework.importer) with op_dict is deprecated and will be removed in a future version.
Instructions for updating:
Please file an issue at https://github.com/tensorflow/tensorflow/issues if you depend on this feature.
WARNING:tensorflow:From /home/ddatta/Code/ad_1/src/ape/tf_model_ape_1.py:223: The name tf.variable_scope is deprecated. Please use tf.compat.v1.variable_scope instead.

WARNING:tensorflow:From /home/ddatta/Code/ad_1/src/ape/tf_model_ape_1.py:224: The name tf.placeholder is deprecated. Please use tf.compat.v1.placeholder instead.

WARNING:tensorflow:From /home/ddatta/Code/ad_1/src/ape/tf_model_ape_1.py:492: The name tf.Session is deprecated. Please use tf.compat.v1.Session instead.

INFO:root:Info start
WARNING:tensorflow:From /home/ddatta/Code/ad_1/src/ape/tf_model_ape_1.py:65: The name tf.reset_default_graph is deprecated. Please use tf.compat.v1.reset_default_graph instead.

WARNING:tensorflow:From /home/ddatta/Code/ad_1/src/ape/tf_model_ape_1.py:67: The name tf.gfile.GFile is deprecated. Please use tf.io.gfile.GFile instead.

WARNING:tensorflow:From /home/ddatta/Code/ad_1/src/ape/tf_model_ape_1.py:68: The name tf.GraphDef is deprecated. Please use tf.compat.v1.GraphDef instead.

WARNING:tensorflow:From /home/ddatta/Code/ad_1/src/ape/tf_model_ape_1.py:79: calling import_graph_def (from tensorflow.python.framework.importer) with op_dict is deprecated and will be removed in a future version.
Instructions for updating:
Please file an issue at https://github.com/tensorflow/tensorflow/issues if you depend on this feature.
WARNING:tensorflow:From /home/ddatta/Code/ad_1/src/ape/tf_model_ape_1.py:223: The name tf.variable_scope is deprecated. Please use tf.compat.v1.variable_scope instead.

WARNING:tensorflow:From /home/ddatta/Code/ad_1/src/ape/tf_model_ape_1.py:224: The name tf.placeholder is deprecated. Please use tf.compat.v1.placeholder instead.

WARNING:tensorflow:From /home/ddatta/Code/ad_1/src/ape/tf_model_ape_1.py:492: The name tf.Session is deprecated. Please use tf.compat.v1.Session instead.

INFO:root:Info start
WARNING:tensorflow:From /home/ddatta/Code/ad_1/src/ape/tf_model_ape_1.py:65: The name tf.reset_default_graph is deprecated. Please use tf.compat.v1.reset_default_graph instead.

WARNING:tensorflow:From /home/ddatta/Code/ad_1/src/ape/tf_model_ape_1.py:67: The name tf.gfile.GFile is deprecated. Please use tf.io.gfile.GFile instead.

WARNING:tensorflow:From /home/ddatta/Code/ad_1/src/ape/tf_model_ape_1.py:68: The name tf.GraphDef is deprecated. Please use tf.compat.v1.GraphDef instead.

WARNING:tensorflow:From /home/ddatta/Code/ad_1/src/ape/tf_model_ape_1.py:79: calling import_graph_def (from tensorflow.python.framework.importer) with op_dict is deprecated and will be removed in a future version.
Instructions for updating:
Please file an issue at https://github.com/tensorflow/tensorflow/issues if you depend on this feature.
WARNING:tensorflow:From /home/ddatta/Code/ad_1/src/ape/tf_model_ape_1.py:223: The name tf.variable_scope is deprecated. Please use tf.compat.v1.variable_scope instead.

WARNING:tensorflow:From /home/ddatta/Code/ad_1/src/ape/tf_model_ape_1.py:224: The name tf.placeholder is deprecated. Please use tf.compat.v1.placeholder instead.

WARNING:tensorflow:From /home/ddatta/Code/ad_1/src/ape/tf_model_ape_1.py:492: The name tf.Session is deprecated. Please use tf.compat.v1.Session instead.

INFO:root:Info start
WARNING:tensorflow:From /home/ddatta/Code/ad_1/src/ape/tf_model_ape_1.py:65: The name tf.reset_default_graph is deprecated. Please use tf.compat.v1.reset_default_graph instead.

WARNING:tensorflow:From /home/ddatta/Code/ad_1/src/ape/tf_model_ape_1.py:67: The name tf.gfile.GFile is deprecated. Please use tf.io.gfile.GFile instead.

WARNING:tensorflow:From /home/ddatta/Code/ad_1/src/ape/tf_model_ape_1.py:68: The name tf.GraphDef is deprecated. Please use tf.compat.v1.GraphDef instead.

WARNING:tensorflow:From /home/ddatta/Code/ad_1/src/ape/tf_model_ape_1.py:79: calling import_graph_def (from tensorflow.python.framework.importer) with op_dict is deprecated and will be removed in a future version.
Instructions for updating:
Please file an issue at https://github.com/tensorflow/tensorflow/issues if you depend on this feature.
WARNING:tensorflow:From /home/ddatta/Code/ad_1/src/ape/tf_model_ape_1.py:223: The name tf.variable_scope is deprecated. Please use tf.compat.v1.variable_scope instead.

WARNING:tensorflow:From /home/ddatta/Code/ad_1/src/ape/tf_model_ape_1.py:224: The name tf.placeholder is deprecated. Please use tf.compat.v1.placeholder instead.

WARNING:tensorflow:From /home/ddatta/Code/ad_1/src/ape/tf_model_ape_1.py:492: The name tf.Session is deprecated. Please use tf.compat.v1.Session instead.

INFO:root:AUC
INFO:root:0.17806267906075107
INFO:root:time taken
INFO:root:2.5167434215545654
INFO:root:Info start
WARNING:tensorflow:From /home/ddatta/Code/ad_1/src/ape/tf_model_ape_1.py:65: The name tf.reset_default_graph is deprecated. Please use tf.compat.v1.reset_default_graph instead.

WARNING:tensorflow:From /home/ddatta/Code/ad_1/src/ape/tf_model_ape_1.py:67: The name tf.gfile.GFile is deprecated. Please use tf.io.gfile.GFile instead.

WARNING:tensorflow:From /home/ddatta/Code/ad_1/src/ape/tf_model_ape_1.py:68: The name tf.GraphDef is deprecated. Please use tf.compat.v1.GraphDef instead.

WARNING:tensorflow:From /home/ddatta/Code/ad_1/src/ape/tf_model_ape_1.py:79: calling import_graph_def (from tensorflow.python.framework.importer) with op_dict is deprecated and will be removed in a future version.
Instructions for updating:
Please file an issue at https://github.com/tensorflow/tensorflow/issues if you depend on this feature.
WARNING:tensorflow:From /home/ddatta/Code/ad_1/src/ape/tf_model_ape_1.py:223: The name tf.variable_scope is deprecated. Please use tf.compat.v1.variable_scope instead.

WARNING:tensorflow:From /home/ddatta/Code/ad_1/src/ape/tf_model_ape_1.py:224: The name tf.placeholder is deprecated. Please use tf.compat.v1.placeholder instead.

WARNING:tensorflow:From /home/ddatta/Code/ad_1/src/ape/tf_model_ape_1.py:492: The name tf.Session is deprecated. Please use tf.compat.v1.Session instead.

INFO:root:AUC
INFO:root:0.5461551606487233
INFO:root:time taken
INFO:root:4.297488212585449
INFO:root:Info start
WARNING:tensorflow:From /home/ddatta/Code/ad_1/src/ape/tf_model_ape_1.py:65: The name tf.reset_default_graph is deprecated. Please use tf.compat.v1.reset_default_graph instead.

WARNING:tensorflow:From /home/ddatta/Code/ad_1/src/ape/tf_model_ape_1.py:67: The name tf.gfile.GFile is deprecated. Please use tf.io.gfile.GFile instead.

WARNING:tensorflow:From /home/ddatta/Code/ad_1/src/ape/tf_model_ape_1.py:68: The name tf.GraphDef is deprecated. Please use tf.compat.v1.GraphDef instead.

WARNING:tensorflow:From /home/ddatta/Code/ad_1/src/ape/tf_model_ape_1.py:79: calling import_graph_def (from tensorflow.python.framework.importer) with op_dict is deprecated and will be removed in a future version.
Instructions for updating:
Please file an issue at https://github.com/tensorflow/tensorflow/issues if you depend on this feature.
WARNING:tensorflow:From /home/ddatta/Code/ad_1/src/ape/tf_model_ape_1.py:223: The name tf.variable_scope is deprecated. Please use tf.compat.v1.variable_scope instead.

WARNING:tensorflow:From /home/ddatta/Code/ad_1/src/ape/tf_model_ape_1.py:224: The name tf.placeholder is deprecated. Please use tf.compat.v1.placeholder instead.

WARNING:tensorflow:From /home/ddatta/Code/ad_1/src/ape/tf_model_ape_1.py:492: The name tf.Session is deprecated. Please use tf.compat.v1.Session instead.

INFO:root:AUC
INFO:root:0.5461551606487233
INFO:root:time taken
INFO:root:4.381141901016235
INFO:root:Info start
WARNING:tensorflow:From /home/ddatta/Code/ad_1/src/ape/tf_model_ape_1.py:65: The name tf.reset_default_graph is deprecated. Please use tf.compat.v1.reset_default_graph instead.

WARNING:tensorflow:From /home/ddatta/Code/ad_1/src/ape/tf_model_ape_1.py:67: The name tf.gfile.GFile is deprecated. Please use tf.io.gfile.GFile instead.

WARNING:tensorflow:From /home/ddatta/Code/ad_1/src/ape/tf_model_ape_1.py:68: The name tf.GraphDef is deprecated. Please use tf.compat.v1.GraphDef instead.

WARNING:tensorflow:From /home/ddatta/Code/ad_1/src/ape/tf_model_ape_1.py:79: calling import_graph_def (from tensorflow.python.framework.importer) with op_dict is deprecated and will be removed in a future version.
Instructions for updating:
Please file an issue at https://github.com/tensorflow/tensorflow/issues if you depend on this feature.
WARNING:tensorflow:From /home/ddatta/Code/ad_1/src/ape/tf_model_ape_1.py:223: The name tf.variable_scope is deprecated. Please use tf.compat.v1.variable_scope instead.

WARNING:tensorflow:From /home/ddatta/Code/ad_1/src/ape/tf_model_ape_1.py:224: The name tf.placeholder is deprecated. Please use tf.compat.v1.placeholder instead.

WARNING:tensorflow:From /home/ddatta/Code/ad_1/src/ape/tf_model_ape_1.py:492: The name tf.Session is deprecated. Please use tf.compat.v1.Session instead.

INFO:root:AUC
INFO:root:0.34339307856226936
INFO:root:time taken
INFO:root:3.0318334102630615
INFO:root:Info start
WARNING:tensorflow:From /home/ddatta/Code/ad_1/src/ape/tf_model_ape_1.py:65: The name tf.reset_default_graph is deprecated. Please use tf.compat.v1.reset_default_graph instead.

WARNING:tensorflow:From /home/ddatta/Code/ad_1/src/ape/tf_model_ape_1.py:67: The name tf.gfile.GFile is deprecated. Please use tf.io.gfile.GFile instead.

WARNING:tensorflow:From /home/ddatta/Code/ad_1/src/ape/tf_model_ape_1.py:68: The name tf.GraphDef is deprecated. Please use tf.compat.v1.GraphDef instead.

WARNING:tensorflow:From /home/ddatta/Code/ad_1/src/ape/tf_model_ape_1.py:79: calling import_graph_def (from tensorflow.python.framework.importer) with op_dict is deprecated and will be removed in a future version.
Instructions for updating:
Please file an issue at https://github.com/tensorflow/tensorflow/issues if you depend on this feature.
WARNING:tensorflow:From /home/ddatta/Code/ad_1/src/ape/tf_model_ape_1.py:223: The name tf.variable_scope is deprecated. Please use tf.compat.v1.variable_scope instead.

WARNING:tensorflow:From /home/ddatta/Code/ad_1/src/ape/tf_model_ape_1.py:224: The name tf.placeholder is deprecated. Please use tf.compat.v1.placeholder instead.

WARNING:tensorflow:From /home/ddatta/Code/ad_1/src/ape/tf_model_ape_1.py:492: The name tf.Session is deprecated. Please use tf.compat.v1.Session instead.

INFO:root:Info start
WARNING:tensorflow:From /home/ddatta/Code/ad_1/src/ape/tf_model_ape_1.py:65: The name tf.reset_default_graph is deprecated. Please use tf.compat.v1.reset_default_graph instead.

WARNING:tensorflow:From /home/ddatta/Code/ad_1/src/ape/tf_model_ape_1.py:67: The name tf.gfile.GFile is deprecated. Please use tf.io.gfile.GFile instead.

WARNING:tensorflow:From /home/ddatta/Code/ad_1/src/ape/tf_model_ape_1.py:68: The name tf.GraphDef is deprecated. Please use tf.compat.v1.GraphDef instead.

WARNING:tensorflow:From /home/ddatta/Code/ad_1/src/ape/tf_model_ape_1.py:79: calling import_graph_def (from tensorflow.python.framework.importer) with op_dict is deprecated and will be removed in a future version.
Instructions for updating:
Please file an issue at https://github.com/tensorflow/tensorflow/issues if you depend on this feature.
WARNING:tensorflow:From /home/ddatta/Code/ad_1/src/ape/tf_model_ape_1.py:223: The name tf.variable_scope is deprecated. Please use tf.compat.v1.variable_scope instead.

WARNING:tensorflow:From /home/ddatta/Code/ad_1/src/ape/tf_model_ape_1.py:224: The name tf.placeholder is deprecated. Please use tf.compat.v1.placeholder instead.

WARNING:tensorflow:From /home/ddatta/Code/ad_1/src/ape/tf_model_ape_1.py:492: The name tf.Session is deprecated. Please use tf.compat.v1.Session instead.

INFO:root:AUC
INFO:root:0.3403871950972629
INFO:root:time taken
INFO:root:4.168611288070679
INFO:root:Info start
WARNING:tensorflow:From /home/ddatta/Code/ad_1/src/ape/tf_model_ape_1.py:65: The name tf.reset_default_graph is deprecated. Please use tf.compat.v1.reset_default_graph instead.

WARNING:tensorflow:From /home/ddatta/Code/ad_1/src/ape/tf_model_ape_1.py:67: The name tf.gfile.GFile is deprecated. Please use tf.io.gfile.GFile instead.

WARNING:tensorflow:From /home/ddatta/Code/ad_1/src/ape/tf_model_ape_1.py:68: The name tf.GraphDef is deprecated. Please use tf.compat.v1.GraphDef instead.

WARNING:tensorflow:From /home/ddatta/Code/ad_1/src/ape/tf_model_ape_1.py:79: calling import_graph_def (from tensorflow.python.framework.importer) with op_dict is deprecated and will be removed in a future version.
Instructions for updating:
Please file an issue at https://github.com/tensorflow/tensorflow/issues if you depend on this feature.
WARNING:tensorflow:From /home/ddatta/Code/ad_1/src/ape/tf_model_ape_1.py:223: The name tf.variable_scope is deprecated. Please use tf.compat.v1.variable_scope instead.

WARNING:tensorflow:From /home/ddatta/Code/ad_1/src/ape/tf_model_ape_1.py:224: The name tf.placeholder is deprecated. Please use tf.compat.v1.placeholder instead.

WARNING:tensorflow:From /home/ddatta/Code/ad_1/src/ape/tf_model_ape_1.py:492: The name tf.Session is deprecated. Please use tf.compat.v1.Session instead.

INFO:root:AUC
INFO:root:0.3403871950972629
INFO:root:time taken
INFO:root:12.043030023574829
INFO:root:Info start
WARNING:tensorflow:From /home/ddatta/Code/ad_1/src/ape/tf_model_ape_1.py:65: The name tf.reset_default_graph is deprecated. Please use tf.compat.v1.reset_default_graph instead.

WARNING:tensorflow:From /home/ddatta/Code/ad_1/src/ape/tf_model_ape_1.py:67: The name tf.gfile.GFile is deprecated. Please use tf.io.gfile.GFile instead.

WARNING:tensorflow:From /home/ddatta/Code/ad_1/src/ape/tf_model_ape_1.py:68: The name tf.GraphDef is deprecated. Please use tf.compat.v1.GraphDef instead.

WARNING:tensorflow:From /home/ddatta/Code/ad_1/src/ape/tf_model_ape_1.py:79: calling import_graph_def (from tensorflow.python.framework.importer) with op_dict is deprecated and will be removed in a future version.
Instructions for updating:
Please file an issue at https://github.com/tensorflow/tensorflow/issues if you depend on this feature.
WARNING:tensorflow:From /home/ddatta/Code/ad_1/src/ape/tf_model_ape_1.py:223: The name tf.variable_scope is deprecated. Please use tf.compat.v1.variable_scope instead.

WARNING:tensorflow:From /home/ddatta/Code/ad_1/src/ape/tf_model_ape_1.py:224: The name tf.placeholder is deprecated. Please use tf.compat.v1.placeholder instead.

WARNING:tensorflow:From /home/ddatta/Code/ad_1/src/ape/tf_model_ape_1.py:492: The name tf.Session is deprecated. Please use tf.compat.v1.Session instead.

