 Info start 
 train_time 159.1399176120758
0.9319643028500144,0.8819422897921192,0.8362227207831939,0.7899453686084341,0.7527610155983149,0.720021327645961,0.688804841149773,0.6632353648564144,0.6379990821477742,0.6180137955429784,0.6012666352860627,0.5857225961938004,0.573078793774319,0.5621355757407481,0.5529420927606216,0.544897098838769,0.5363427408719244,0.530748314523038,0.5258770150134642,0.5219824433065106,0.519098673450845,0.5160544659948713,0.5134523510183555,0.5116104332892053,0.5100163969487417,0.5082019599488709,0.5065996673626102,0.5055604589585172,0.5050241511828791,0.5041706261218456,0.5036031919007277,0.5030017905417267,0.5026662924501825,0.502295748484105,0.5019787763107204,0.5018553525169782,0.5016095171448566,0.5011359267414631,0.5009607658176991,0.5007858065868054,0.500541031100562,0.5001918448498378,0.5001395089285714,0.5,0.4999128464354192,0.4997560465602565,0.4997560635628659,0.49972123492926335,0.4997212543554007,0.4992689549537005,0.4991126422382295,0.4991300716820934,0.49911270399109225,0.49909533750869867,0.4990781005392242
0.6769831311863934,0.7925554161438728,0.8573818485989126,0.897044472326781,0.9217203401645058,0.9413076815837167,0.95211208699289,0.9611041405269761,0.9690506064408198,0.9742785445420327,0.979436776801896,0.9825735396626237,0.9855708908406524,0.9878711836051861,0.9897532413216228,0.9910776523072633,0.9921929457688554,0.993238533389098,0.9937264742785445,0.9947720618987871,0.9956085319949812,0.9959570612017287,0.9963752962498257,0.9967238254565732,0.9973511780287188,0.9976997072354663,0.9979088247595148,0.9981876481249129,0.9984664714903109,0.9985361773316604,0.9986058831730099,0.9986755890143594,0.998745294855709,0.9989544123797575,0.9990938240624564,0.9993029415865049,0.9993029415865049,0.9994423532692039,0.9995120591105535,0.9995120591105535,0.999581764951903,0.999581764951903,0.999581764951903,0.999581764951903,0.999581764951903,0.999581764951903,0.9996514707932525,0.9996514707932525,0.999721176634602,0.999721176634602,0.9997908824759515,0.999860588317301,0.999860588317301,0.999860588317301,1.0
c=1
AUC
0.262815719124242
0.9486864008105956,0.9002817270523488,0.8531007988291969,0.8049142010147654,0.7658128875707738,0.7308145793817604,0.698401837642344,0.6716844869630463,0.645116299995501,0.6243749728249054,0.6066860833227808,0.5906048536114648,0.5773613674664955,0.5659064097522611,0.5563456484773536,0.5480322752531019,0.5392421178761327,0.5334419672616844,0.5285378915706844,0.5244177583697235,0.5213427868615251,0.5182295412052351,0.5155232849273911,0.5136117445838084,0.5118607954545454,0.5099766503926979,0.5083221665843853,0.507213230119634,0.5066071554087299,0.5057362382907062,0.505186067699208,0.504567248801316,0.5042143181897667,0.5038087916695786,0.5034569453174105,0.5032812063669366,0.5030353778522085,0.5025269248196298,0.5023516705570846,0.5021767143802459,0.5019145084934559,0.5015653262835675,0.5015129908524921,0.5013734830835564,0.5012863301348909,0.5011295311576826,0.5011121151039133,0.5010772866277453,0.5010598742050943,0.5006075755997639,0.5004338319508556,0.5004164642187825,0.5003990976921742,0.5003470053438823,0.5003296436378778,0.5002949238402554,0.5002081454242697,0.5001213971072803,0.500104051054384,0.5001213886865744
0.9090152565880721,0.9529126213592233,0.9701803051317615,0.9791262135922331,0.9848821081830791,0.988626907073509,0.9909847434119279,0.9932732316227462,0.9943828016643551,0.9958391123439667,0.9967406380027739,0.9974341192787795,0.9978502080443828,0.9979889042995839,0.9983356449375866,0.9985436893203884,0.9986823855755894,0.9988904299583912,0.9992371705963939,0.999375866851595,0.9994452149791956,0.9995145631067961,0.9995145631067961,0.9995839112343967,0.9995839112343967,0.9996532593619972,0.9996532593619972,0.9996532593619972,0.9996532593619972,0.9996532593619972,0.9997919556171984,0.9997919556171984,0.9997919556171984,0.9998613037447989,0.9998613037447989,0.9998613037447989,0.9998613037447989,0.9998613037447989,0.9999306518723995,0.9999306518723995,0.9999306518723995,0.9999306518723995,0.9999306518723995,0.9999306518723995,0.9999306518723995,0.9999306518723995,0.9999306518723995,0.9999306518723995,0.9999306518723995,0.9999306518723995,0.9999306518723995,0.9999306518723995,0.9999306518723995,0.9999306518723995,0.9999306518723995,0.9999306518723995,0.9999306518723995,0.9999306518723995,0.9999306518723995,1.0
c=2
AUC
0.07773130011875361
0.9522848105525271,0.9037074528660003,0.8561705176428444,0.8076879847139485,0.7682002561912895,0.732746335504886,0.7000729040097206,0.6730185418710009,0.6462621642226108,0.6252385910116259,0.6073655823360863,0.5911253280839895,0.5778018278018278,0.5663327440581418,0.5567054098930379,0.5483588787890313,0.5395524622062565,0.5337010030721397,0.5287107656204165,0.5245734657499364
0.9812760055478502,0.9905686546463246,0.9944521497919556,0.9966712898751734,0.998127600554785,0.9984049930651873,0.9988904299583912,0.9993065187239945,0.999375866851595,0.9995145631067961,0.9995839112343967,0.9995839112343967,0.9996532593619972,0.9997226074895977,0.9997919556171984,0.9998613037447989,0.9999306518723995,0.9999306518723995,0.9999306518723995,1.0
c=3
AUC
0.016284416457431727
 Info start 
 train_time 18.949952840805054
0.8151750972762646,0.796415770609319,0.7191629955947136,0.7194637537239325,0.6930604982206405,0.6593625498007968,0.6540195341848234,0.6400570206699929,0.6366782006920415,0.6341627437794216,0.6347167325428195,0.6242017879948915,0.6212645486001888,0.6132800491853674,0.5963926670609107,0.5858294930875576,0.5855469865752642,0.5796695603472417,0.5799721835883171,0.5630026809651475,0.5491164241164241,0.5460390946502057,0.5447570332480819,0.5419518377693283,0.5390998239879305,0.5349937733499377,0.5309800049370526,0.5252131546894032,0.5147830233667143,0.5130579297245964,0.511463011108485,0.5109489051094891,0.5094958968347011,0.5087719298245614,0.5059205943812398,0.5018407731247124,0.5017237416685819,0.5011473152822395,0.5012611786287549,0.5013755158184319,0.49749886311959984,0.49693946950804807,0.49491984646647097,0.4948081264108352,0.4949221394719025,0.49492671927846676,0.49515438359251746,0.4949312908312683,0.4940409264672813,0.4942683749157114,0.49228015215931975,0.491953509164059,0.49206703910614524,0.4819435325016415,0.48205689277899344,0.48068950469125027,0.48080279232111695,0.48091603053435117
0.3800453514739229,0.5038548752834467,0.5922902494331066,0.6571428571428571,0.7065759637188208,0.7505668934240363,0.7895691609977324,0.8145124716553288,0.8344671201814059,0.8553287981859411,0.873922902494331,0.8866213151927438,0.8956916099773242,0.9047619047619048,0.9147392290249433,0.9224489795918367,0.9297052154195011,0.9387755102040817,0.9455782312925171,0.9523809523809523,0.9582766439909297,0.9628117913832199,0.9659863945578231,0.9696145124716553,0.9723356009070295,0.9741496598639455,0.9755102040816327,0.9777777777777777,0.9791383219954648,0.9800453514739229,0.98140589569161,0.9841269841269841,0.9854875283446712,0.9863945578231292,0.9882086167800453,0.9891156462585035,0.9900226757369615,0.9904761904761905,0.9913832199546485,0.9918367346938776,0.9922902494331066,0.9941043083900227,0.9941043083900227,0.9941043083900227,0.9945578231292517,0.9954648526077098,0.9963718820861678,0.9963718820861678,0.9963718820861678,0.9972789115646259,0.9977324263038548,0.9981859410430839,0.998639455782313,0.998639455782313,0.999092970521542,0.999092970521542,0.999546485260771,1.0
c=1
AUC
0.4298467892666471
1.0,0.8956043956043956,0.8693051081454211,0.7981796596755045,0.7872740963855421,0.7575544624033732,0.7203140333660452,0.7079898541534559,0.6915088576664631,0.6844951923076923,0.678391959798995,0.6749706916764361,0.6631368059530623,0.6588268631340323,0.6492890995260664,0.6310810810810811,0.6194760518655729,0.6176548089591568,0.6100285788516497,0.6093143596377749,0.5912738214643932,0.5763125763125763,0.5723285679670462,0.570359642770939,0.5668744007670182,0.5637791527843884,0.5593580363464715,0.5550351288056206,0.5487381338272749,0.5381298229686791,0.5361827227498869,0.5343545843658482,0.5331535176444144,0.5314669652855543,0.5305164319248826,0.5272161741835147,0.5229175848391362,0.5226772346983708,0.5219876868953386,0.5218729391074961,0.5178883071553229,0.5169786678276013,0.5149609713790113,0.5148493388250596,0.514626218851571,0.51440329218107,0.5136186770428015
0.00042087542087542086,0.686026936026936,0.79503367003367,0.8489057239057239,0.8800505050505051,0.9074074074074074,0.9267676767676768,0.9398148148148148,0.9528619528619529,0.9587542087542088,0.9659090909090909,0.9692760942760943,0.9751683501683501,0.9785353535353535,0.9802188552188552,0.9827441077441077,0.9852693602693603,0.9865319865319865,0.9882154882154882,0.9911616161616161,0.9924242424242424,0.9932659932659933,0.9941077441077442,0.9945286195286195,0.9953703703703703,0.9970538720538721,0.9974747474747475,0.9974747474747475,0.9974747474747475,0.997895622895623,0.997895622895623,0.9983164983164983,0.9983164983164983,0.9987373737373737,0.9987373737373737,0.9987373737373737,0.9987373737373737,0.9991582491582491,0.9991582491582491,0.9991582491582491,0.9991582491582491,0.9995791245791246,0.9995791245791246,0.9995791245791246,0.9995791245791246,0.9995791245791246,1.0
c=2
AUC
0.899756498934676
1.0,0.914298601714028,0.8844118844118845,0.8146802325581395,0.8015454864769933,0.7699233077692564,0.7308781869688386,0.716876729173071,0.6987772144348344,0.690903738592876,0.6835369400814427,0.6800346220427005,0.667232117613797,0.6622720897615708,0.6523901630284609,0.6339501206757844,0.6219768664563617,0.6199580932425354,0.6119441571871769,0.6105236007222079,0.5921941456092069,0.5772417153996101,0.5732591876208898,0.5713941728870696,0.5677033492822966,0.564297599239363,0.5598774163130599,0.5556594948550047,0.5493641618497109,0.5386533665835411,0.5367065733002033,0.5347738014854828,0.5335728722209746,0.5317815577439571,0.5308310991957105,0.5275310834813499,0.5233377366798767,0.522992299229923,0.5224077328646749,0.5223978919631094,0.5184135977337111,0.5173988690735102,0.5153812824956673,0.5152696556205328,0.5150465468716172,0.5151515151515151
0.0021008403361344537,0.8516806722689075,0.9130252100840336,0.9420168067226891,0.9588235294117647,0.9701680672268908,0.9756302521008403,0.9798319327731092,0.9844537815126051,0.9861344537815127,0.9873949579831933,0.9903361344537815,0.9915966386554622,0.9920168067226891,0.9920168067226891,0.9932773109243698,0.9941176470588236,0.9945378151260504,0.9945378151260504,0.9945378151260504,0.9945378151260504,0.9953781512605042,0.996218487394958,0.9970588235294118,0.9970588235294118,0.9974789915966387,0.9978991596638656,0.9983193277310924,0.9983193277310924,0.9983193277310924,0.9983193277310924,0.9983193277310924,0.9983193277310924,0.9983193277310924,0.9983193277310924,0.9983193277310924,0.9987394957983193,0.9987394957983193,0.9991596638655462,0.9995798319327731,0.9995798319327731,0.9995798319327731,0.9995798319327731,0.9995798319327731,0.9995798319327731,1.0
c=3
AUC
0.9356897131402693
 Info start 
#---------------------------#
 timing :: china_import
 train_time 160.89884448051453
 test_time 0.42397093772888184
 test_time 0.41336774826049805
 test_time 0.42132115364074707
 Info start 
#---------------------------#
 timing :: peru_export
 train_time 19.526702404022217
 test_time 0.1885664463043213
 test_time 0.17815709114074707
 test_time 0.17934274673461914
