 Info start 
-------------------
{'learning_rate': 0.0005, 'use_pretrained': True, 'show_loss_figure': False, 'save_loss_figure': False, 'use_bias': True, 'saved_model_file': 'frozen_model_v1_212_1566001021.pb', 'num_epochs': 25, 'op_dims': 12, 'batchsize': 128, 'num_neg_samples': 15}
-------------------
-------------------
DIR china_import2
 Info start 
-------------------
{'learning_rate': 0.0005, 'use_pretrained': True, 'show_loss_figure': False, 'save_loss_figure': False, 'use_bias': True, 'saved_model_file': 'frozen_model_v1_212_1566001021.pb', 'num_epochs': 25, 'op_dims': 12, 'batchsize': 128, 'num_neg_samples': 15}
-------------------
-------------------
DIR china_import2
 Info start 
-------------------
{'learning_rate': 0.0005, 'use_pretrained': False, 'show_loss_figure': False, 'save_loss_figure': False, 'use_bias': True, 'saved_model_file': 'frozen_model_v1_212_1566001021.pb', 'num_epochs': 25, 'op_dims': 12, 'batchsize': 128, 'num_neg_samples': 15}
-------------------
-------------------
DIR china_import2
 >> c = 2
Time taken
0.01957082748413086
1.0,1.0,1.0,1.0,1.0,1.0,1.0,1.0,1.0,1.0,1.0,1.0,1.0,1.0,1.0,1.0,0.9939759036144579,0.9948979591836735,0.9953703703703703,0.995850622406639,0.9927007299270073,0.9804560260586319,0.9821958456973294,0.9812332439678284,0.9775561097256857,0.9792147806004619,0.9785867237687366,0.9738430583501007,0.974757281553398,0.9740740740740741,0.9734982332155477,0.9730639730639731,0.9710610932475884,0.9650986342943855,0.9599427753934192,0.9574759945130316,0.9576158940397351,0.9527458492975734,0.9377289377289377,0.9301775147928995,0.9273356401384083,0.9189789123196448,0.9148471615720524,0.9147121535181236,0.9017580144777663,0.890798786653185,0.8777120315581854,0.8611111111111112,0.850844277673546,0.8374429223744292,0.8245770258236865,0.8178633975481612,0.8018787361229718,0.7834710743801653,0.7697899838449112,0.7517564402810304,0.7309721175584024,0.7142857142857143,0.6956521739130435,0.6723783413296779,0.6562291805463024,0.6375404530744336,0.6242078580481623,0.6060233558696988,0.5930372148859544,0.5789473684210527,0.5685714285714286,0.5567991046446559,0.5451559934318555,0.5337620578778135,0.5242105263157895,0.520605112154408,0.5173485240807871,0.513624678663239,0.511520737327189,0.5089149261334692,0.506079027355623,0.5037783375314862
0.003,0.006,0.007,0.008,0.01,0.016,0.019,0.025,0.033,0.041,0.054,0.069,0.082,0.097,0.113,0.138,0.165,0.195,0.215,0.24,0.272,0.301,0.331,0.366,0.392,0.424,0.457,0.484,0.502,0.526,0.551,0.578,0.604,0.636,0.671,0.698,0.723,0.746,0.768,0.786,0.804,0.828,0.838,0.858,0.872,0.881,0.89,0.899,0.907,0.917,0.926,0.934,0.939,0.948,0.953,0.963,0.97,0.975,0.976,0.981,0.985,0.985,0.985,0.986,0.988,0.99,0.995,0.995,0.996,0.996,0.996,0.998,0.999,0.999,0.999,0.999,0.999,1.0
AUC
0.9460675553806202
 >> c = 3
Time taken
0.0193021297454834
1.0,1.0,1.0,1.0,1.0,1.0,1.0,1.0,1.0,1.0,1.0,1.0,1.0,1.0,1.0,1.0,1.0,1.0,1.0,0.9976958525345622,0.9978991596638656,0.9980392156862745,0.9963235294117647,0.9948364888123924,0.993431855500821,0.9921259842519685,0.9924357034795764,0.9912152269399708,0.9887798036465638,0.9863945578231292,0.9866131191432396,0.9831606217616581,0.9823232323232324,0.9814585908529048,0.9819277108433735,0.9799764428739693,0.9781357882623706,0.978433598183882,0.974472807991121,0.9707158351409978,0.9658848614072495,0.962303664921466,0.9568788501026694,0.9485368314833501,0.94240317775571,0.9325513196480938,0.9247104247104247,0.9180171591992373,0.907981220657277,0.8991674375578168,0.8937728937728938,0.8811881188118812,0.8682581786030061,0.8556521739130435,0.8422847399829497,0.8241666666666667,0.8129614438063987,0.8,0.7762128325508607,0.7555217060167555,0.7371937639198218,0.7215373459028281,0.7046742209631728,0.6798634812286689,0.6574257425742575,0.6384615384615384,0.6240601503759399,0.6084300549786195,0.5903971547125074,0.5757225433526012,0.5641605426794799,0.5529085872576177,0.5423452768729642,0.5361930294906166
0.002,0.005,0.007,0.015,0.021,0.031,0.044,0.061,0.083,0.106,0.127,0.153,0.188,0.217,0.244,0.279,0.32,0.356,0.395,0.433,0.475,0.509,0.542,0.578,0.605,0.63,0.656,0.677,0.705,0.725,0.737,0.759,0.778,0.794,0.815,0.832,0.85,0.862,0.878,0.895,0.906,0.919,0.932,0.94,0.949,0.954,0.958,0.963,0.967,0.972,0.976,0.979,0.982,0.984,0.988,0.989,0.991,0.992,0.992,0.992,0.993,0.995,0.995,0.996,0.996,0.996,0.996,0.996,0.996,0.996,0.998,0.998,0.999,1.0
AUC
0.9833643245315105
-------------------
 Info start 
-------------------
{'learning_rate': 0.0005, 'use_pretrained': False, 'show_loss_figure': False, 'save_loss_figure': False, 'use_bias': True, 'saved_model_file': 'frozen_model_v1_212_1566001021.pb', 'num_epochs': 25, 'op_dims': 12, 'batchsize': 128, 'num_neg_samples': 15}
-------------------
-------------------
DIR china_import2
