 Info start 
{   'batchsize': 64,
    'learning_rate': 0.0001,
    'log_file': 'results_data_2_log.csv',
    'num_epochs': 20,
    'num_neg_samples': 15,
    'op_dims': '8,12',
    'save_loss_figure': False,
    'saved_model_file': 'frozen_model_v1_28_12_1562789098.pb',
    'show_loss_figure': False,
    'use_bias': True,
    'use_pretrained': False}
 Info start 
{   'batchsize': 64,
    'learning_rate': 0.0001,
    'log_file': 'results_data_2_log.csv',
    'num_epochs': 20,
    'num_neg_samples': 15,
    'op_dims': '8,12',
    'save_loss_figure': False,
    'saved_model_file': 'frozen_model_v1_28_12_1562789098.pb',
    'show_loss_figure': False,
    'use_bias': True,
    'use_pretrained': False}
 Info start 
{   'batchsize': 64,
    'learning_rate': 0.0001,
    'log_file': 'results_data_2_log.csv',
    'num_epochs': 20,
    'num_neg_samples': 15,
    'op_dims': '8,12',
    'save_loss_figure': False,
    'saved_model_file': 'frozen_model_v1_28_12_1562789098.pb',
    'show_loss_figure': False,
    'use_bias': True,
    'use_pretrained': False}
 Info start 
{   'batchsize': 64,
    'learning_rate': 0.0001,
    'log_file': 'results_data_2_log.csv',
    'num_epochs': 20,
    'num_neg_samples': 15,
    'op_dims': '8,12',
    'save_loss_figure': False,
    'saved_model_file': 'frozen_model_v1_28_12_1562789098.pb',
    'show_loss_figure': False,
    'use_bias': True,
    'use_pretrained': False}
 Info start 
{   'batchsize': 64,
    'learning_rate': 0.0001,
    'log_file': 'results_data_2_log.csv',
    'num_epochs': 20,
    'num_neg_samples': 15,
    'op_dims': 10,
    'save_loss_figure': False,
    'saved_model_file': 'frozen_model_v1_28_12_1562789098.pb',
    'show_loss_figure': False,
    'use_bias': True,
    'use_pretrained': False}
AUC
0.986346454739212
 Info start 
{   'batchsize': 64,
    'learning_rate': 0.0001,
    'log_file': 'results_data_2_log.csv',
    'num_epochs': 20,
    'num_neg_samples': 15,
    'op_dims': 10,
    'save_loss_figure': False,
    'saved_model_file': 'frozen_model_v1_28_12_1562789098.pb',
    'show_loss_figure': False,
    'use_bias': True,
    'use_pretrained': False}
 Info start 
{   'batchsize': 64,
    'learning_rate': 0.0001,
    'log_file': 'results_data_2_log.csv',
    'num_epochs': 20,
    'num_neg_samples': 15,
    'op_dims': 10,
    'save_loss_figure': False,
    'saved_model_file': 'frozen_model_v1_210_1563802678.pb',
    'show_loss_figure': False,
    'use_bias': True,
    'use_pretrained': True}
AUC
0.8343168605754643
 Info start 
{   'batchsize': 64,
    'learning_rate': 0.0001,
    'log_file': 'results_data_2_log.csv',
    'num_epochs': 20,
    'num_neg_samples': 15,
    'op_dims': 12,
    'save_loss_figure': False,
    'saved_model_file': 'frozen_model_v1_210_1563802678.pb',
    'show_loss_figure': False,
    'use_bias': True,
    'use_pretrained': False}
AUC
0.8398121549600621
 Info start 
{   'batchsize': 64,
    'learning_rate': 0.0001,
    'log_file': 'results_data_2_log.csv',
    'num_epochs': 20,
    'num_neg_samples': 15,
    'op_dims': 12,
    'save_loss_figure': False,
    'saved_model_file': 'frozen_model_v1_210_1563802678.pb',
    'show_loss_figure': False,
    'use_bias': True,
    'use_pretrained': False}
=================================
L2 loss added


