 Info start 
-------------------
{'learning_rate': 0.0005, 'use_pretrained': False, 'show_loss_figure': False, 'save_loss_figure': False, 'use_bias': True, 'saved_model_file': False, 'num_epochs': 25, 'op_dims': 12, 'batchsize': 128, 'num_neg_samples': 15}
-------------------
-------------------
DIR us_import
 Info start 
-------------------
{'learning_rate': 0.0005, 'use_pretrained': False, 'show_loss_figure': False, 'save_loss_figure': False, 'use_bias': True, 'saved_model_file': False, 'num_epochs': 25, 'op_dims': 12, 'batchsize': 128, 'num_neg_samples': 15}
-------------------
-------------------
DIR us_import
 Info start 
-------------------
{'learning_rate': 0.0005, 'use_pretrained': False, 'show_loss_figure': False, 'save_loss_figure': False, 'use_bias': True, 'saved_model_file': False, 'num_epochs': 25, 'op_dims': 12, 'batchsize': 128, 'num_neg_samples': 15}
-------------------
-------------------
DIR us_import
 Info start 
-------------------
{'learning_rate': 0.0005, 'use_pretrained': False, 'show_loss_figure': False, 'save_loss_figure': False, 'use_bias': True, 'saved_model_file': False, 'num_epochs': 25, 'op_dims': 12, 'batchsize': 128, 'num_neg_samples': 15}
-------------------
-------------------
DIR us_import
 Info start 
-------------------
{'learning_rate': 0.0005, 'use_pretrained': False, 'show_loss_figure': False, 'save_loss_figure': False, 'use_bias': True, 'saved_model_file': False, 'num_epochs': 25, 'op_dims': 12, 'batchsize': 128, 'num_neg_samples': 15}
-------------------
-------------------
DIR us_import
 Info start 
-------------------
{'learning_rate': 0.0005, 'use_pretrained': False, 'show_loss_figure': False, 'save_loss_figure': False, 'use_bias': True, 'saved_model_file': False, 'num_epochs': 25, 'op_dims': 12, 'batchsize': 128, 'num_neg_samples': 15}
-------------------
-------------------
DIR us_import
 Info start 
-------------------
{'learning_rate': 0.0005, 'use_pretrained': False, 'show_loss_figure': False, 'save_loss_figure': False, 'use_bias': True, 'saved_model_file': False, 'num_epochs': 25, 'op_dims': 12, 'batchsize': 128, 'num_neg_samples': 15}
-------------------
-------------------
DIR us_import
 Info start 
-------------------
{'learning_rate': 0.0005, 'use_pretrained': False, 'show_loss_figure': False, 'save_loss_figure': False, 'use_bias': True, 'saved_model_file': False, 'num_epochs': 25, 'op_dims': 12, 'batchsize': 128, 'num_neg_samples': 15}
-------------------
-------------------
DIR us_import
 >> c = 1
1.0,1.0,1.0,1.0,1.0,1.0,1.0,0.9411764705882353,0.9523809523809523,0.9615384615384616,0.9696969696969697,0.975,0.9791666666666666,0.9846153846153847,0.9861111111111112,0.9759036144578314,0.9782608695652174,0.9690721649484536,0.9734513274336283,0.9694656488549618,0.9662162162162162,0.9553072625698324,0.9523809523809523,0.9549180327868853,0.9574468085106383,0.948948948948949,0.9391534391534392,0.941320293398533,0.9419642857142857,0.93,0.9134438305709024,0.9065743944636678,0.9032786885245901,0.9,0.8935532233883059,0.8901408450704226,0.876010781671159,0.8737244897959183,0.8618181818181818,0.8561484918793504,0.8439955106621774,0.8333333333333334,0.8273684210526315,0.8140960163432074,0.7962781586679726,0.78060263653484,0.7553571428571428,0.7426086956521739,0.7310924369747899,0.7167207792207793,0.7044025157232704,0.6922486569455104,0.6715867158671587,0.6592698639942735,0.6474670367800138,0.6316498316498317,0.6213910761154856,0.6066199872692553,0.5903763109191857,0.571513353115727,0.5622466705269253,0.547191011235955,0.5340971085651937,0.5273019271948608,0.5197264597580221,0.5147898287493513,0.5102774922918808,0.5063678043810494,0.5048198883815322,0.5035353535353535,0.5015090543259557,0.5010050251256282,0.5005015045135406,0.5002506265664161,0.5,0.5,0.49974987493746875
0.003,0.004,0.005,0.006,0.007,0.014,0.015,0.016,0.02,0.025,0.032,0.039,0.047,0.064,0.071,0.081,0.09,0.094,0.11,0.127,0.143,0.171,0.2,0.233,0.27,0.316,0.355,0.385,0.422,0.465,0.496,0.524,0.551,0.576,0.596,0.632,0.65,0.685,0.711,0.738,0.752,0.77,0.786,0.797,0.813,0.829,0.846,0.854,0.87,0.883,0.896,0.902,0.91,0.921,0.933,0.938,0.947,0.953,0.957,0.963,0.971,0.974,0.979,0.985,0.988,0.992,0.993,0.994,0.995,0.997,0.997,0.997,0.998,0.998,0.998,0.999,0.999
AUC
0.8720269684576631
1.0,1.0,1.0,1.0,1.0,1.0,1.0,0.9411764705882353,0.9523809523809523,0.9615384615384616,0.9696969696969697,0.975,0.9791666666666666,0.9846153846153847,0.9861111111111112,0.9759036144578314,0.9782608695652174,0.9690721649484536,0.9734513274336283,0.9694656488549618,0.9662162162162162,0.9553072625698324,0.9523809523809523,0.9549180327868853,0.9574468085106383,0.948948948948949,0.9391534391534392,0.941320293398533,0.9419642857142857,0.93,0.9134438305709024,0.9065743944636678,0.9032786885245901,0.9,0.8935532233883059,0.8901408450704226,0.876010781671159,0.8737244897959183,0.8618181818181818,0.8561484918793504,0.8439955106621774,0.8333333333333334,0.8273684210526315,0.8140960163432074,0.7962781586679726,0.78060263653484,0.7553571428571428,0.7426086956521739,0.7310924369747899,0.7167207792207793,0.7044025157232704,0.6922486569455104,0.6715867158671587,0.6592698639942735,0.6474670367800138,0.6316498316498317,0.6213910761154856,0.6066199872692553,0.5903763109191857,0.571513353115727,0.5622466705269253,0.547191011235955,0.5340971085651937,0.5273019271948608,0.5197264597580221,0.5147898287493513,0.5102774922918808,0.5063678043810494,0.5048198883815322,0.5035353535353535,0.5015090543259557,0.5010050251256282,0.5005015045135406,0.5002506265664161,0.5,0.5,0.49974987493746875
0.003,0.004,0.005,0.006,0.007,0.014,0.015,0.016,0.02,0.025,0.032,0.039,0.047,0.064,0.071,0.081,0.09,0.094,0.11,0.127,0.143,0.171,0.2,0.233,0.27,0.316,0.355,0.385,0.422,0.465,0.496,0.524,0.551,0.576,0.596,0.632,0.65,0.685,0.711,0.738,0.752,0.77,0.786,0.797,0.813,0.829,0.846,0.854,0.87,0.883,0.896,0.902,0.91,0.921,0.933,0.938,0.947,0.953,0.957,0.963,0.971,0.974,0.979,0.985,0.988,0.992,0.993,0.994,0.995,0.997,0.997,0.997,0.998,0.998,0.998,0.999,0.999
AUC
0.8720269684576631
1.0,1.0,1.0,1.0,1.0,1.0,1.0,0.9411764705882353,0.9523809523809523,0.9615384615384616,0.9696969696969697,0.975,0.9791666666666666,0.9846153846153847,0.9861111111111112,0.9759036144578314,0.9782608695652174,0.9690721649484536,0.9734513274336283,0.9694656488549618,0.9662162162162162,0.9553072625698324,0.9523809523809523,0.9549180327868853,0.9574468085106383,0.948948948948949,0.9391534391534392,0.941320293398533,0.9419642857142857,0.93,0.9134438305709024,0.9065743944636678,0.9032786885245901,0.9,0.8935532233883059,0.8901408450704226,0.876010781671159,0.8737244897959183,0.8618181818181818,0.8561484918793504,0.8439955106621774,0.8333333333333334,0.8273684210526315,0.8140960163432074,0.7962781586679726,0.78060263653484,0.7553571428571428,0.7426086956521739,0.7310924369747899,0.7167207792207793,0.7044025157232704,0.6922486569455104,0.6715867158671587,0.6592698639942735,0.6474670367800138,0.6316498316498317,0.6213910761154856,0.6066199872692553,0.5903763109191857,0.571513353115727,0.5622466705269253,0.547191011235955,0.5340971085651937,0.5273019271948608,0.5197264597580221,0.5147898287493513,0.5102774922918808,0.5063678043810494,0.5048198883815322,0.5035353535353535,0.5015090543259557,0.5010050251256282,0.5005015045135406,0.5002506265664161,0.5,0.5,0.49974987493746875
0.003,0.004,0.005,0.006,0.007,0.014,0.015,0.016,0.02,0.025,0.032,0.039,0.047,0.064,0.071,0.081,0.09,0.094,0.11,0.127,0.143,0.171,0.2,0.233,0.27,0.316,0.355,0.385,0.422,0.465,0.496,0.524,0.551,0.576,0.596,0.632,0.65,0.685,0.711,0.738,0.752,0.77,0.786,0.797,0.813,0.829,0.846,0.854,0.87,0.883,0.896,0.902,0.91,0.921,0.933,0.938,0.947,0.953,0.957,0.963,0.971,0.974,0.979,0.985,0.988,0.992,0.993,0.994,0.995,0.997,0.997,0.997,0.998,0.998,0.998,0.999,0.999
AUC
0.8720269684576631
 >> c = 2
1.0,1.0,1.0,1.0,1.0,1.0,1.0,1.0,1.0,1.0,1.0,1.0,1.0,1.0,1.0,1.0,1.0,1.0,1.0,1.0,0.99644128113879,0.9967845659163987,0.997093023255814,0.9973404255319149,0.9975124378109452,0.9976689976689976,0.9977876106194691,0.997907949790795,0.996039603960396,0.9962616822429906,0.9947089947089947,0.9948892674616695,0.9934959349593496,0.9923312883435583,0.9881305637982196,0.9857954545454546,0.9848275862068966,0.9839786381842457,0.9781771501925546,0.9713574097135741,0.9706959706959707,0.9688995215311005,0.9592074592074592,0.9464082098061574,0.9399332591768632,0.9357997823721437,0.9321314952279958,0.9259645464025026,0.9197530864197531,0.9076305220883534,0.9021739130434783,0.8901734104046243,0.8826868495742668,0.871177015755329,0.860127157129882,0.8534405719392315,0.840630472854641,0.8220701454234388,0.8051839464882943,0.7788539144471348,0.7658227848101266,0.7517455391776571,0.7360060514372163,0.7218934911242604,0.7087872185911401,0.6872803935347856,0.672852233676976,0.6595174262734584,0.6427171783148269,0.6306017925736236,0.6144728633811604,0.5980629539951574,0.5785172212492703,0.5672581568402977,0.5519733185102835,0.5381287182260681,0.5300691857370942,0.5219895287958115,0.5162959130884636,0.5117827868852459,0.5076219512195121,0.5058227848101265,0.5042864346949067
0.001,0.002,0.005,0.006,0.009,0.01,0.013,0.022,0.034,0.046,0.064,0.078,0.095,0.116,0.139,0.155,0.174,0.197,0.23,0.254,0.28,0.31,0.343,0.375,0.401,0.428,0.451,0.477,0.503,0.533,0.564,0.584,0.611,0.647,0.666,0.694,0.714,0.737,0.762,0.78,0.795,0.81,0.823,0.83,0.845,0.86,0.879,0.888,0.894,0.904,0.913,0.924,0.933,0.94,0.947,0.955,0.96,0.961,0.963,0.965,0.968,0.969,0.973,0.976,0.976,0.978,0.979,0.984,0.984,0.985,0.985,0.988,0.991,0.991,0.993,0.995,0.996,0.997,0.998,0.999,0.999,0.999,1.0
AUC
0.9687358856826966
1.0,1.0,1.0,1.0,1.0,1.0,1.0,1.0,1.0,1.0,1.0,1.0,1.0,1.0,1.0,1.0,1.0,1.0,1.0,1.0,0.99644128113879,0.9967845659163987,0.997093023255814,0.9973404255319149,0.9975124378109452,0.9976689976689976,0.9977876106194691,0.997907949790795,0.996039603960396,0.9962616822429906,0.9947089947089947,0.9948892674616695,0.9934959349593496,0.9923312883435583,0.9881305637982196,0.9857954545454546,0.9848275862068966,0.9839786381842457,0.9781771501925546,0.9713574097135741,0.9706959706959707,0.9688995215311005,0.9592074592074592,0.9464082098061574,0.9399332591768632,0.9357997823721437,0.9321314952279958,0.9259645464025026,0.9197530864197531,0.9076305220883534,0.9021739130434783,0.8901734104046243,0.8826868495742668,0.871177015755329,0.860127157129882,0.8534405719392315,0.840630472854641,0.8220701454234388,0.8051839464882943,0.7788539144471348,0.7658227848101266,0.7517455391776571,0.7360060514372163,0.7218934911242604,0.7087872185911401,0.6872803935347856,0.672852233676976,0.6595174262734584,0.6427171783148269,0.6306017925736236,0.6144728633811604,0.5980629539951574,0.5785172212492703,0.5672581568402977,0.5519733185102835,0.5381287182260681,0.5300691857370942,0.5219895287958115,0.5162959130884636,0.5117827868852459,0.5076219512195121,0.5058227848101265,0.5042864346949067
0.001,0.002,0.005,0.006,0.009,0.01,0.013,0.022,0.034,0.046,0.064,0.078,0.095,0.116,0.139,0.155,0.174,0.197,0.23,0.254,0.28,0.31,0.343,0.375,0.401,0.428,0.451,0.477,0.503,0.533,0.564,0.584,0.611,0.647,0.666,0.694,0.714,0.737,0.762,0.78,0.795,0.81,0.823,0.83,0.845,0.86,0.879,0.888,0.894,0.904,0.913,0.924,0.933,0.94,0.947,0.955,0.96,0.961,0.963,0.965,0.968,0.969,0.973,0.976,0.976,0.978,0.979,0.984,0.984,0.985,0.985,0.988,0.991,0.991,0.993,0.995,0.996,0.997,0.998,0.999,0.999,0.999,1.0
AUC
0.9687358856826966
1.0,1.0,1.0,1.0,1.0,1.0,1.0,1.0,1.0,1.0,1.0,1.0,1.0,1.0,1.0,1.0,1.0,1.0,1.0,1.0,0.99644128113879,0.9967845659163987,0.997093023255814,0.9973404255319149,0.9975124378109452,0.9976689976689976,0.9977876106194691,0.997907949790795,0.996039603960396,0.9962616822429906,0.9947089947089947,0.9948892674616695,0.9934959349593496,0.9923312883435583,0.9881305637982196,0.9857954545454546,0.9848275862068966,0.9839786381842457,0.9781771501925546,0.9713574097135741,0.9706959706959707,0.9688995215311005,0.9592074592074592,0.9464082098061574,0.9399332591768632,0.9357997823721437,0.9321314952279958,0.9259645464025026,0.9197530864197531,0.9076305220883534,0.9021739130434783,0.8901734104046243,0.8826868495742668,0.871177015755329,0.860127157129882,0.8534405719392315,0.840630472854641,0.8220701454234388,0.8051839464882943,0.7788539144471348,0.7658227848101266,0.7517455391776571,0.7360060514372163,0.7218934911242604,0.7087872185911401,0.6872803935347856,0.672852233676976,0.6595174262734584,0.6427171783148269,0.6306017925736236,0.6144728633811604,0.5980629539951574,0.5785172212492703,0.5672581568402977,0.5519733185102835,0.5381287182260681,0.5300691857370942,0.5219895287958115,0.5162959130884636,0.5117827868852459,0.5076219512195121,0.5058227848101265,0.5042864346949067
0.001,0.002,0.005,0.006,0.009,0.01,0.013,0.022,0.034,0.046,0.064,0.078,0.095,0.116,0.139,0.155,0.174,0.197,0.23,0.254,0.28,0.31,0.343,0.375,0.401,0.428,0.451,0.477,0.503,0.533,0.564,0.584,0.611,0.647,0.666,0.694,0.714,0.737,0.762,0.78,0.795,0.81,0.823,0.83,0.845,0.86,0.879,0.888,0.894,0.904,0.913,0.924,0.933,0.94,0.947,0.955,0.96,0.961,0.963,0.965,0.968,0.969,0.973,0.976,0.976,0.978,0.979,0.984,0.984,0.985,0.985,0.988,0.991,0.991,0.993,0.995,0.996,0.997,0.998,0.999,0.999,0.999,1.0
AUC
0.9687358856826966
 >> c = 3
1.0,1.0,1.0,1.0,1.0,1.0,1.0,1.0,1.0,1.0,1.0,1.0,1.0,1.0,1.0,1.0,1.0,1.0,1.0,1.0,1.0,1.0,1.0,1.0,1.0,0.9984076433121019,0.9984591679506933,0.9984962406015038,0.9985549132947977,0.9985974754558204,0.9986468200270636,0.9986859395532195,0.9987146529562982,0.9974905897114178,0.9975579975579976,0.9963942307692307,0.9964830011723329,0.9953810623556582,0.9943117178612059,0.9910313901345291,0.988998899889989,0.988056460369164,0.9870828848223897,0.9819148936170212,0.9758403361344538,0.9749216300940439,0.9730848861283644,0.9643221202854231,0.9529058116232465,0.9463753723932473,0.9419862340216323,0.9375,0.9312681510164569,0.9250720461095101,0.9130434782608695,0.9071294559099438,0.8947368421052632,0.886964448495898,0.8752244165170556,0.863716814159292,0.8565179352580927,0.8433734939759037,0.8253568429890848,0.8088597210828548,0.7827121332275971,0.7694704049844237,0.7555385790679908,0.7393577296489918,0.7249451353328457,0.7119252873563219,0.6901114206128134,0.6757493188010899,0.6613333333333333,0.6448051948051948,0.6329516539440203,0.6173374613003096,0.6004813477737665,0.5802325581395349,0.5689851767388826,0.5532150776053215,0.5391257420399352,0.5308182784272051,0.522489539748954,0.516546018614271,0.5117827868852459,0.5076219512195121,0.5058227848101265,0.5040363269424823,0.5020100502512563,0.5015060240963856,0.5007518796992482,0.5007511266900351
0.001,0.005,0.009,0.017,0.022,0.035,0.053,0.072,0.092,0.114,0.139,0.173,0.213,0.239,0.274,0.318,0.344,0.379,0.414,0.436,0.473,0.501,0.536,0.562,0.598,0.627,0.648,0.664,0.691,0.712,0.738,0.76,0.777,0.795,0.817,0.829,0.85,0.862,0.874,0.884,0.899,0.91,0.917,0.923,0.929,0.933,0.94,0.946,0.951,0.953,0.958,0.96,0.962,0.963,0.966,0.967,0.969,0.973,0.975,0.976,0.979,0.98,0.983,0.986,0.987,0.988,0.989,0.99,0.991,0.991,0.991,0.992,0.992,0.993,0.995,0.997,0.998,0.998,0.998,0.998,0.999,0.999,0.999,0.999,0.999,0.999,0.999,0.999,0.999,0.999,0.999,1.0
AUC
0.9888005402141706
1.0,1.0,1.0,1.0,1.0,1.0,1.0,1.0,1.0,1.0,1.0,1.0,1.0,1.0,1.0,1.0,1.0,1.0,1.0,1.0,1.0,1.0,1.0,1.0,1.0,0.9984076433121019,0.9984591679506933,0.9984962406015038,0.9985549132947977,0.9985974754558204,0.9986468200270636,0.9986859395532195,0.9987146529562982,0.9974905897114178,0.9975579975579976,0.9963942307692307,0.9964830011723329,0.9953810623556582,0.9943117178612059,0.9910313901345291,0.988998899889989,0.988056460369164,0.9870828848223897,0.9819148936170212,0.9758403361344538,0.9749216300940439,0.9730848861283644,0.9643221202854231,0.9529058116232465,0.9463753723932473,0.9419862340216323,0.9375,0.9312681510164569,0.9250720461095101,0.9130434782608695,0.9071294559099438,0.8947368421052632,0.886964448495898,0.8752244165170556,0.863716814159292,0.8565179352580927,0.8433734939759037,0.8253568429890848,0.8088597210828548,0.7827121332275971,0.7694704049844237,0.7555385790679908,0.7393577296489918,0.7249451353328457,0.7119252873563219,0.6901114206128134,0.6757493188010899,0.6613333333333333,0.6448051948051948,0.6329516539440203,0.6173374613003096,0.6004813477737665,0.5802325581395349,0.5689851767388826,0.5532150776053215,0.5391257420399352,0.5308182784272051,0.522489539748954,0.516546018614271,0.5117827868852459,0.5076219512195121,0.5058227848101265,0.5040363269424823,0.5020100502512563,0.5015060240963856,0.5007518796992482,0.5007511266900351
0.001,0.005,0.009,0.017,0.022,0.035,0.053,0.072,0.092,0.114,0.139,0.173,0.213,0.239,0.274,0.318,0.344,0.379,0.414,0.436,0.473,0.501,0.536,0.562,0.598,0.627,0.648,0.664,0.691,0.712,0.738,0.76,0.777,0.795,0.817,0.829,0.85,0.862,0.874,0.884,0.899,0.91,0.917,0.923,0.929,0.933,0.94,0.946,0.951,0.953,0.958,0.96,0.962,0.963,0.966,0.967,0.969,0.973,0.975,0.976,0.979,0.98,0.983,0.986,0.987,0.988,0.989,0.99,0.991,0.991,0.991,0.992,0.992,0.993,0.995,0.997,0.998,0.998,0.998,0.998,0.999,0.999,0.999,0.999,0.999,0.999,0.999,0.999,0.999,0.999,0.999,1.0
AUC
0.9888005402141706
1.0,1.0,1.0,1.0,1.0,1.0,1.0,1.0,1.0,1.0,1.0,1.0,1.0,1.0,1.0,1.0,1.0,1.0,1.0,1.0,1.0,1.0,1.0,1.0,1.0,0.9984076433121019,0.9984591679506933,0.9984962406015038,0.9985549132947977,0.9985974754558204,0.9986468200270636,0.9986859395532195,0.9987146529562982,0.9974905897114178,0.9975579975579976,0.9963942307692307,0.9964830011723329,0.9953810623556582,0.9943117178612059,0.9910313901345291,0.988998899889989,0.988056460369164,0.9870828848223897,0.9819148936170212,0.9758403361344538,0.9749216300940439,0.9730848861283644,0.9643221202854231,0.9529058116232465,0.9463753723932473,0.9419862340216323,0.9375,0.9312681510164569,0.9250720461095101,0.9130434782608695,0.9071294559099438,0.8947368421052632,0.886964448495898,0.8752244165170556,0.863716814159292,0.8565179352580927,0.8433734939759037,0.8253568429890848,0.8088597210828548,0.7827121332275971,0.7694704049844237,0.7555385790679908,0.7393577296489918,0.7249451353328457,0.7119252873563219,0.6901114206128134,0.6757493188010899,0.6613333333333333,0.6448051948051948,0.6329516539440203,0.6173374613003096,0.6004813477737665,0.5802325581395349,0.5689851767388826,0.5532150776053215,0.5391257420399352,0.5308182784272051,0.522489539748954,0.516546018614271,0.5117827868852459,0.5076219512195121,0.5058227848101265,0.5040363269424823,0.5020100502512563,0.5015060240963856,0.5007518796992482,0.5007511266900351
0.001,0.005,0.009,0.017,0.022,0.035,0.053,0.072,0.092,0.114,0.139,0.173,0.213,0.239,0.274,0.318,0.344,0.379,0.414,0.436,0.473,0.501,0.536,0.562,0.598,0.627,0.648,0.664,0.691,0.712,0.738,0.76,0.777,0.795,0.817,0.829,0.85,0.862,0.874,0.884,0.899,0.91,0.917,0.923,0.929,0.933,0.94,0.946,0.951,0.953,0.958,0.96,0.962,0.963,0.966,0.967,0.969,0.973,0.975,0.976,0.979,0.98,0.983,0.986,0.987,0.988,0.989,0.99,0.991,0.991,0.991,0.992,0.992,0.993,0.995,0.997,0.998,0.998,0.998,0.998,0.999,0.999,0.999,0.999,0.999,0.999,0.999,0.999,0.999,0.999,0.999,1.0
AUC
0.9888005402141706
-------------------
 Info start 
-------------------
{'learning_rate': 0.0005, 'use_pretrained': True, 'show_loss_figure': False, 'save_loss_figure': False, 'use_bias': True, 'saved_model_file': 'frozen_model_v1_212_1565737663.pb', 'num_epochs': 25, 'op_dims': 12, 'batchsize': 128, 'num_neg_samples': 15}
-------------------
-------------------
DIR us_import
 >> c = 1
Time taken
0.020378828048706055
1.0,1.0,1.0,1.0,1.0,1.0,1.0,0.9411764705882353,0.9523809523809523,0.9615384615384616,0.9696969696969697,0.975,0.9791666666666666,0.9846153846153847,0.9861111111111112,0.9759036144578314,0.9782608695652174,0.9690721649484536,0.9734513274336283,0.9694656488549618,0.9662162162162162,0.9553072625698324,0.9523809523809523,0.9549180327868853,0.9574468085106383,0.948948948948949,0.9391534391534392,0.941320293398533,0.9419642857142857,0.93,0.9134438305709024,0.9065743944636678,0.9032786885245901,0.9,0.8935532233883059,0.8901408450704226,0.876010781671159,0.8737244897959183,0.8618181818181818,0.8561484918793504,0.8439955106621774,0.8333333333333334,0.8273684210526315,0.8140960163432074,0.7962781586679726,0.78060263653484,0.7553571428571428,0.7426086956521739,0.7310924369747899,0.7167207792207793,0.7044025157232704,0.6922486569455104,0.6715867158671587,0.6592698639942735,0.6474670367800138,0.6316498316498317,0.6213910761154856,0.6066199872692553,0.5903763109191857,0.571513353115727,0.5622466705269253,0.547191011235955,0.5340971085651937,0.5273019271948608,0.5197264597580221,0.5147898287493513,0.5102774922918808,0.5063678043810494,0.5048198883815322,0.5035353535353535,0.5015090543259557,0.5010050251256282,0.5005015045135406,0.5002506265664161,0.5,0.5,0.49974987493746875
0.003,0.004,0.005,0.006,0.007,0.014,0.015,0.016,0.02,0.025,0.032,0.039,0.047,0.064,0.071,0.081,0.09,0.094,0.11,0.127,0.143,0.171,0.2,0.233,0.27,0.316,0.355,0.385,0.422,0.465,0.496,0.524,0.551,0.576,0.596,0.632,0.65,0.685,0.711,0.738,0.752,0.77,0.786,0.797,0.813,0.829,0.846,0.854,0.87,0.883,0.896,0.902,0.91,0.921,0.933,0.938,0.947,0.953,0.957,0.963,0.971,0.974,0.979,0.985,0.988,0.992,0.993,0.994,0.995,0.997,0.997,0.997,0.998,0.998,0.998,0.999,0.999
AUC
0.8720269684576631
Time taken
0.020120859146118164
1.0,1.0,1.0,1.0,1.0,1.0,1.0,0.9411764705882353,0.9523809523809523,0.9615384615384616,0.9696969696969697,0.975,0.9791666666666666,0.9846153846153847,0.9861111111111112,0.9759036144578314,0.9782608695652174,0.9690721649484536,0.9734513274336283,0.9694656488549618,0.9662162162162162,0.9553072625698324,0.9523809523809523,0.9549180327868853,0.9574468085106383,0.948948948948949,0.9391534391534392,0.941320293398533,0.9419642857142857,0.93,0.9134438305709024,0.9065743944636678,0.9032786885245901,0.9,0.8935532233883059,0.8901408450704226,0.876010781671159,0.8737244897959183,0.8618181818181818,0.8561484918793504,0.8439955106621774,0.8333333333333334,0.8273684210526315,0.8140960163432074,0.7962781586679726,0.78060263653484,0.7553571428571428,0.7426086956521739,0.7310924369747899,0.7167207792207793,0.7044025157232704,0.6922486569455104,0.6715867158671587,0.6592698639942735,0.6474670367800138,0.6316498316498317,0.6213910761154856,0.6066199872692553,0.5903763109191857,0.571513353115727,0.5622466705269253,0.547191011235955,0.5340971085651937,0.5273019271948608,0.5197264597580221,0.5147898287493513,0.5102774922918808,0.5063678043810494,0.5048198883815322,0.5035353535353535,0.5015090543259557,0.5010050251256282,0.5005015045135406,0.5002506265664161,0.5,0.5,0.49974987493746875
0.003,0.004,0.005,0.006,0.007,0.014,0.015,0.016,0.02,0.025,0.032,0.039,0.047,0.064,0.071,0.081,0.09,0.094,0.11,0.127,0.143,0.171,0.2,0.233,0.27,0.316,0.355,0.385,0.422,0.465,0.496,0.524,0.551,0.576,0.596,0.632,0.65,0.685,0.711,0.738,0.752,0.77,0.786,0.797,0.813,0.829,0.846,0.854,0.87,0.883,0.896,0.902,0.91,0.921,0.933,0.938,0.947,0.953,0.957,0.963,0.971,0.974,0.979,0.985,0.988,0.992,0.993,0.994,0.995,0.997,0.997,0.997,0.998,0.998,0.998,0.999,0.999
AUC
0.8720269684576631
Time taken
0.019936323165893555
1.0,1.0,1.0,1.0,1.0,1.0,1.0,0.9411764705882353,0.9523809523809523,0.9615384615384616,0.9696969696969697,0.975,0.9791666666666666,0.9846153846153847,0.9861111111111112,0.9759036144578314,0.9782608695652174,0.9690721649484536,0.9734513274336283,0.9694656488549618,0.9662162162162162,0.9553072625698324,0.9523809523809523,0.9549180327868853,0.9574468085106383,0.948948948948949,0.9391534391534392,0.941320293398533,0.9419642857142857,0.93,0.9134438305709024,0.9065743944636678,0.9032786885245901,0.9,0.8935532233883059,0.8901408450704226,0.876010781671159,0.8737244897959183,0.8618181818181818,0.8561484918793504,0.8439955106621774,0.8333333333333334,0.8273684210526315,0.8140960163432074,0.7962781586679726,0.78060263653484,0.7553571428571428,0.7426086956521739,0.7310924369747899,0.7167207792207793,0.7044025157232704,0.6922486569455104,0.6715867158671587,0.6592698639942735,0.6474670367800138,0.6316498316498317,0.6213910761154856,0.6066199872692553,0.5903763109191857,0.571513353115727,0.5622466705269253,0.547191011235955,0.5340971085651937,0.5273019271948608,0.5197264597580221,0.5147898287493513,0.5102774922918808,0.5063678043810494,0.5048198883815322,0.5035353535353535,0.5015090543259557,0.5010050251256282,0.5005015045135406,0.5002506265664161,0.5,0.5,0.49974987493746875
0.003,0.004,0.005,0.006,0.007,0.014,0.015,0.016,0.02,0.025,0.032,0.039,0.047,0.064,0.071,0.081,0.09,0.094,0.11,0.127,0.143,0.171,0.2,0.233,0.27,0.316,0.355,0.385,0.422,0.465,0.496,0.524,0.551,0.576,0.596,0.632,0.65,0.685,0.711,0.738,0.752,0.77,0.786,0.797,0.813,0.829,0.846,0.854,0.87,0.883,0.896,0.902,0.91,0.921,0.933,0.938,0.947,0.953,0.957,0.963,0.971,0.974,0.979,0.985,0.988,0.992,0.993,0.994,0.995,0.997,0.997,0.997,0.998,0.998,0.998,0.999,0.999
AUC
0.8720269684576631
 >> c = 2
Time taken
0.020381927490234375
1.0,1.0,1.0,1.0,1.0,1.0,1.0,1.0,1.0,1.0,1.0,1.0,1.0,1.0,1.0,1.0,1.0,1.0,1.0,1.0,0.99644128113879,0.9967845659163987,0.997093023255814,0.9973404255319149,0.9975124378109452,0.9976689976689976,0.9977876106194691,0.997907949790795,0.996039603960396,0.9962616822429906,0.9947089947089947,0.9948892674616695,0.9934959349593496,0.9923312883435583,0.9881305637982196,0.9857954545454546,0.9848275862068966,0.9839786381842457,0.9781771501925546,0.9713574097135741,0.9706959706959707,0.9688995215311005,0.9592074592074592,0.9464082098061574,0.9399332591768632,0.9357997823721437,0.9321314952279958,0.9259645464025026,0.9197530864197531,0.9076305220883534,0.9021739130434783,0.8901734104046243,0.8826868495742668,0.871177015755329,0.860127157129882,0.8534405719392315,0.840630472854641,0.8220701454234388,0.8051839464882943,0.7788539144471348,0.7658227848101266,0.7517455391776571,0.7360060514372163,0.7218934911242604,0.7087872185911401,0.6872803935347856,0.672852233676976,0.6595174262734584,0.6427171783148269,0.6306017925736236,0.6144728633811604,0.5980629539951574,0.5785172212492703,0.5672581568402977,0.5519733185102835,0.5381287182260681,0.5300691857370942,0.5219895287958115,0.5162959130884636,0.5117827868852459,0.5076219512195121,0.5058227848101265,0.5042864346949067
0.001,0.002,0.005,0.006,0.009,0.01,0.013,0.022,0.034,0.046,0.064,0.078,0.095,0.116,0.139,0.155,0.174,0.197,0.23,0.254,0.28,0.31,0.343,0.375,0.401,0.428,0.451,0.477,0.503,0.533,0.564,0.584,0.611,0.647,0.666,0.694,0.714,0.737,0.762,0.78,0.795,0.81,0.823,0.83,0.845,0.86,0.879,0.888,0.894,0.904,0.913,0.924,0.933,0.94,0.947,0.955,0.96,0.961,0.963,0.965,0.968,0.969,0.973,0.976,0.976,0.978,0.979,0.984,0.984,0.985,0.985,0.988,0.991,0.991,0.993,0.995,0.996,0.997,0.998,0.999,0.999,0.999,1.0
AUC
0.9687358856826966
Time taken
0.020219087600708008
1.0,1.0,1.0,1.0,1.0,1.0,1.0,1.0,1.0,1.0,1.0,1.0,1.0,1.0,1.0,1.0,1.0,1.0,1.0,1.0,0.99644128113879,0.9967845659163987,0.997093023255814,0.9973404255319149,0.9975124378109452,0.9976689976689976,0.9977876106194691,0.997907949790795,0.996039603960396,0.9962616822429906,0.9947089947089947,0.9948892674616695,0.9934959349593496,0.9923312883435583,0.9881305637982196,0.9857954545454546,0.9848275862068966,0.9839786381842457,0.9781771501925546,0.9713574097135741,0.9706959706959707,0.9688995215311005,0.9592074592074592,0.9464082098061574,0.9399332591768632,0.9357997823721437,0.9321314952279958,0.9259645464025026,0.9197530864197531,0.9076305220883534,0.9021739130434783,0.8901734104046243,0.8826868495742668,0.871177015755329,0.860127157129882,0.8534405719392315,0.840630472854641,0.8220701454234388,0.8051839464882943,0.7788539144471348,0.7658227848101266,0.7517455391776571,0.7360060514372163,0.7218934911242604,0.7087872185911401,0.6872803935347856,0.672852233676976,0.6595174262734584,0.6427171783148269,0.6306017925736236,0.6144728633811604,0.5980629539951574,0.5785172212492703,0.5672581568402977,0.5519733185102835,0.5381287182260681,0.5300691857370942,0.5219895287958115,0.5162959130884636,0.5117827868852459,0.5076219512195121,0.5058227848101265,0.5042864346949067
0.001,0.002,0.005,0.006,0.009,0.01,0.013,0.022,0.034,0.046,0.064,0.078,0.095,0.116,0.139,0.155,0.174,0.197,0.23,0.254,0.28,0.31,0.343,0.375,0.401,0.428,0.451,0.477,0.503,0.533,0.564,0.584,0.611,0.647,0.666,0.694,0.714,0.737,0.762,0.78,0.795,0.81,0.823,0.83,0.845,0.86,0.879,0.888,0.894,0.904,0.913,0.924,0.933,0.94,0.947,0.955,0.96,0.961,0.963,0.965,0.968,0.969,0.973,0.976,0.976,0.978,0.979,0.984,0.984,0.985,0.985,0.988,0.991,0.991,0.993,0.995,0.996,0.997,0.998,0.999,0.999,0.999,1.0
AUC
0.9687358856826966
Time taken
0.019612550735473633
1.0,1.0,1.0,1.0,1.0,1.0,1.0,1.0,1.0,1.0,1.0,1.0,1.0,1.0,1.0,1.0,1.0,1.0,1.0,1.0,0.99644128113879,0.9967845659163987,0.997093023255814,0.9973404255319149,0.9975124378109452,0.9976689976689976,0.9977876106194691,0.997907949790795,0.996039603960396,0.9962616822429906,0.9947089947089947,0.9948892674616695,0.9934959349593496,0.9923312883435583,0.9881305637982196,0.9857954545454546,0.9848275862068966,0.9839786381842457,0.9781771501925546,0.9713574097135741,0.9706959706959707,0.9688995215311005,0.9592074592074592,0.9464082098061574,0.9399332591768632,0.9357997823721437,0.9321314952279958,0.9259645464025026,0.9197530864197531,0.9076305220883534,0.9021739130434783,0.8901734104046243,0.8826868495742668,0.871177015755329,0.860127157129882,0.8534405719392315,0.840630472854641,0.8220701454234388,0.8051839464882943,0.7788539144471348,0.7658227848101266,0.7517455391776571,0.7360060514372163,0.7218934911242604,0.7087872185911401,0.6872803935347856,0.672852233676976,0.6595174262734584,0.6427171783148269,0.6306017925736236,0.6144728633811604,0.5980629539951574,0.5785172212492703,0.5672581568402977,0.5519733185102835,0.5381287182260681,0.5300691857370942,0.5219895287958115,0.5162959130884636,0.5117827868852459,0.5076219512195121,0.5058227848101265,0.5042864346949067
0.001,0.002,0.005,0.006,0.009,0.01,0.013,0.022,0.034,0.046,0.064,0.078,0.095,0.116,0.139,0.155,0.174,0.197,0.23,0.254,0.28,0.31,0.343,0.375,0.401,0.428,0.451,0.477,0.503,0.533,0.564,0.584,0.611,0.647,0.666,0.694,0.714,0.737,0.762,0.78,0.795,0.81,0.823,0.83,0.845,0.86,0.879,0.888,0.894,0.904,0.913,0.924,0.933,0.94,0.947,0.955,0.96,0.961,0.963,0.965,0.968,0.969,0.973,0.976,0.976,0.978,0.979,0.984,0.984,0.985,0.985,0.988,0.991,0.991,0.993,0.995,0.996,0.997,0.998,0.999,0.999,0.999,1.0
AUC
0.9687358856826966
 >> c = 3
Time taken
0.020546674728393555
1.0,1.0,1.0,1.0,1.0,1.0,1.0,1.0,1.0,1.0,1.0,1.0,1.0,1.0,1.0,1.0,1.0,1.0,1.0,1.0,1.0,1.0,1.0,1.0,1.0,0.9984076433121019,0.9984591679506933,0.9984962406015038,0.9985549132947977,0.9985974754558204,0.9986468200270636,0.9986859395532195,0.9987146529562982,0.9974905897114178,0.9975579975579976,0.9963942307692307,0.9964830011723329,0.9953810623556582,0.9943117178612059,0.9910313901345291,0.988998899889989,0.988056460369164,0.9870828848223897,0.9819148936170212,0.9758403361344538,0.9749216300940439,0.9730848861283644,0.9643221202854231,0.9529058116232465,0.9463753723932473,0.9419862340216323,0.9375,0.9312681510164569,0.9250720461095101,0.9130434782608695,0.9071294559099438,0.8947368421052632,0.886964448495898,0.8752244165170556,0.863716814159292,0.8565179352580927,0.8433734939759037,0.8253568429890848,0.8088597210828548,0.7827121332275971,0.7694704049844237,0.7555385790679908,0.7393577296489918,0.7249451353328457,0.7119252873563219,0.6901114206128134,0.6757493188010899,0.6613333333333333,0.6448051948051948,0.6329516539440203,0.6173374613003096,0.6004813477737665,0.5802325581395349,0.5689851767388826,0.5532150776053215,0.5391257420399352,0.5308182784272051,0.522489539748954,0.516546018614271,0.5117827868852459,0.5076219512195121,0.5058227848101265,0.5040363269424823,0.5020100502512563,0.5015060240963856,0.5007518796992482,0.5007511266900351
0.001,0.005,0.009,0.017,0.022,0.035,0.053,0.072,0.092,0.114,0.139,0.173,0.213,0.239,0.274,0.318,0.344,0.379,0.414,0.436,0.473,0.501,0.536,0.562,0.598,0.627,0.648,0.664,0.691,0.712,0.738,0.76,0.777,0.795,0.817,0.829,0.85,0.862,0.874,0.884,0.899,0.91,0.917,0.923,0.929,0.933,0.94,0.946,0.951,0.953,0.958,0.96,0.962,0.963,0.966,0.967,0.969,0.973,0.975,0.976,0.979,0.98,0.983,0.986,0.987,0.988,0.989,0.99,0.991,0.991,0.991,0.992,0.992,0.993,0.995,0.997,0.998,0.998,0.998,0.998,0.999,0.999,0.999,0.999,0.999,0.999,0.999,0.999,0.999,0.999,0.999,1.0
AUC
0.9888005402141706
Time taken
0.020610332489013672
1.0,1.0,1.0,1.0,1.0,1.0,1.0,1.0,1.0,1.0,1.0,1.0,1.0,1.0,1.0,1.0,1.0,1.0,1.0,1.0,1.0,1.0,1.0,1.0,1.0,0.9984076433121019,0.9984591679506933,0.9984962406015038,0.9985549132947977,0.9985974754558204,0.9986468200270636,0.9986859395532195,0.9987146529562982,0.9974905897114178,0.9975579975579976,0.9963942307692307,0.9964830011723329,0.9953810623556582,0.9943117178612059,0.9910313901345291,0.988998899889989,0.988056460369164,0.9870828848223897,0.9819148936170212,0.9758403361344538,0.9749216300940439,0.9730848861283644,0.9643221202854231,0.9529058116232465,0.9463753723932473,0.9419862340216323,0.9375,0.9312681510164569,0.9250720461095101,0.9130434782608695,0.9071294559099438,0.8947368421052632,0.886964448495898,0.8752244165170556,0.863716814159292,0.8565179352580927,0.8433734939759037,0.8253568429890848,0.8088597210828548,0.7827121332275971,0.7694704049844237,0.7555385790679908,0.7393577296489918,0.7249451353328457,0.7119252873563219,0.6901114206128134,0.6757493188010899,0.6613333333333333,0.6448051948051948,0.6329516539440203,0.6173374613003096,0.6004813477737665,0.5802325581395349,0.5689851767388826,0.5532150776053215,0.5391257420399352,0.5308182784272051,0.522489539748954,0.516546018614271,0.5117827868852459,0.5076219512195121,0.5058227848101265,0.5040363269424823,0.5020100502512563,0.5015060240963856,0.5007518796992482,0.5007511266900351
0.001,0.005,0.009,0.017,0.022,0.035,0.053,0.072,0.092,0.114,0.139,0.173,0.213,0.239,0.274,0.318,0.344,0.379,0.414,0.436,0.473,0.501,0.536,0.562,0.598,0.627,0.648,0.664,0.691,0.712,0.738,0.76,0.777,0.795,0.817,0.829,0.85,0.862,0.874,0.884,0.899,0.91,0.917,0.923,0.929,0.933,0.94,0.946,0.951,0.953,0.958,0.96,0.962,0.963,0.966,0.967,0.969,0.973,0.975,0.976,0.979,0.98,0.983,0.986,0.987,0.988,0.989,0.99,0.991,0.991,0.991,0.992,0.992,0.993,0.995,0.997,0.998,0.998,0.998,0.998,0.999,0.999,0.999,0.999,0.999,0.999,0.999,0.999,0.999,0.999,0.999,1.0
AUC
0.9888005402141706
Time taken
0.02018117904663086
1.0,1.0,1.0,1.0,1.0,1.0,1.0,1.0,1.0,1.0,1.0,1.0,1.0,1.0,1.0,1.0,1.0,1.0,1.0,1.0,1.0,1.0,1.0,1.0,1.0,0.9984076433121019,0.9984591679506933,0.9984962406015038,0.9985549132947977,0.9985974754558204,0.9986468200270636,0.9986859395532195,0.9987146529562982,0.9974905897114178,0.9975579975579976,0.9963942307692307,0.9964830011723329,0.9953810623556582,0.9943117178612059,0.9910313901345291,0.988998899889989,0.988056460369164,0.9870828848223897,0.9819148936170212,0.9758403361344538,0.9749216300940439,0.9730848861283644,0.9643221202854231,0.9529058116232465,0.9463753723932473,0.9419862340216323,0.9375,0.9312681510164569,0.9250720461095101,0.9130434782608695,0.9071294559099438,0.8947368421052632,0.886964448495898,0.8752244165170556,0.863716814159292,0.8565179352580927,0.8433734939759037,0.8253568429890848,0.8088597210828548,0.7827121332275971,0.7694704049844237,0.7555385790679908,0.7393577296489918,0.7249451353328457,0.7119252873563219,0.6901114206128134,0.6757493188010899,0.6613333333333333,0.6448051948051948,0.6329516539440203,0.6173374613003096,0.6004813477737665,0.5802325581395349,0.5689851767388826,0.5532150776053215,0.5391257420399352,0.5308182784272051,0.522489539748954,0.516546018614271,0.5117827868852459,0.5076219512195121,0.5058227848101265,0.5040363269424823,0.5020100502512563,0.5015060240963856,0.5007518796992482,0.5007511266900351
0.001,0.005,0.009,0.017,0.022,0.035,0.053,0.072,0.092,0.114,0.139,0.173,0.213,0.239,0.274,0.318,0.344,0.379,0.414,0.436,0.473,0.501,0.536,0.562,0.598,0.627,0.648,0.664,0.691,0.712,0.738,0.76,0.777,0.795,0.817,0.829,0.85,0.862,0.874,0.884,0.899,0.91,0.917,0.923,0.929,0.933,0.94,0.946,0.951,0.953,0.958,0.96,0.962,0.963,0.966,0.967,0.969,0.973,0.975,0.976,0.979,0.98,0.983,0.986,0.987,0.988,0.989,0.99,0.991,0.991,0.991,0.992,0.992,0.993,0.995,0.997,0.998,0.998,0.998,0.998,0.999,0.999,0.999,0.999,0.999,0.999,0.999,0.999,0.999,0.999,0.999,1.0
AUC
0.9888005402141706
-------------------
