 Info start 
-------------------
{'learning_rate': 0.0005, 'use_pretrained': False, 'show_loss_figure': False, 'save_loss_figure': False, 'use_bias': True, 'saved_model_file': False, 'num_epochs': 25, 'op_dims': 12, 'batchsize': 128, 'num_neg_samples': 15}
-------------------
-------------------
DIR us_import
Model embedding dimension: 2
 >> c = 1
 >> c = 2
 >> c = 3
Avg AUC
0.8691828253922612
Model embedding dimension: 4
 >> c = 1
 >> c = 2
 >> c = 3
Avg AUC
0.9083471323990743
Model embedding dimension: 6
 >> c = 1
 >> c = 2
 >> c = 3
Avg AUC
0.9261682449863761
Model embedding dimension: 10
 Info start 
-------------------
{'learning_rate': 0.0005, 'use_pretrained': False, 'show_loss_figure': False, 'save_loss_figure': False, 'use_bias': True, 'saved_model_file': False, 'num_epochs': 25, 'op_dims': 12, 'batchsize': 128, 'num_neg_samples': 15}
-------------------
-------------------
DIR us_import
Model embedding dimension: 2
 >> c = 1
 >> c = 2
 >> c = 3
Avg AUC
0.8691828253922612
Model embedding dimension: 4
 >> c = 1
 >> c = 2
 >> c = 3
Avg AUC
0.907162535469333
Model embedding dimension: 6
 >> c = 1
 >> c = 2
 >> c = 3
Avg AUC
0.930387840137532
Model embedding dimension: 10
 >> c = 1
 >> c = 2
 >> c = 3
Avg AUC
0.941434342641915
Model embedding dimension: 12
 >> c = 1
 >> c = 2
 >> c = 3
Avg AUC
0.9418575037839679
Model embedding dimension: 15
 >> c = 1
 >> c = 2
 >> c = 3
Avg AUC
0.9437531575691422
Model embedding dimension: 20
 >> c = 1
 >> c = 2
 >> c = 3
Avg AUC
0.9449072684444818
Model embedding dimension: 25
 >> c = 1
 >> c = 2
 >> c = 3
Avg AUC
0.9446667642360534
-------------------
