 Info start 
1.0,0.8244761615548133,0.7323943661971831,0.672015937136849,0.6228516707827226,0.5878667985492911,0.5638044795547377,0.5462497834747965,0.5331844422906746,0.5244422368475516,0.5191158411788784,0.5140693955220859,0.5106092268124096,0.5077291791491911,0.5060485475527259,0.5047225970315105,0.5035635096610707,0.5028462998102466,0.5024688919612877,0.5019730092336833,0.5014385370275489,0.5007870297497246,0.5003931744908391,0.5001178874567745,0.49988217736234386,0.49962714392244595,0.4995879282602724,0.4995879929370218,0.49958802526778356,0.49954882498332615,0.49952922714790116,0.49941167241920303,0.4993920853433737,0.4993724998039062,0.4992942836979534,0.4992551356437196,0.4991964250715378,0.4991572923607573,0.49913772830602804,0.49909860479699014,0.49911823490222207,0.4990986754447841,0.49911830400877777
7.851142341210646e-05,0.8526340582554762,0.9226662479390751,0.9534427259166208,0.9702441705268117,0.9799010756065007,0.9861819894794692,0.9903430949203109,0.9934050404333831,0.9947397346313889,0.9956818717123341,0.9968595430635158,0.9975661458742247,0.9979587029912852,0.9984297715317578,0.99850828295517,0.99850828295517,0.9986653058019942,0.9986653058019942,0.9987438172254063,0.9989008400722305,0.9991363743424668,0.9992148857658789,0.9992148857658789,0.999293397189291,0.9994504200361153,0.9994504200361153,0.9996074428829395,0.9996859543063515,0.9996859543063515,0.9996859543063515,0.9996859543063515,0.9996859543063515,0.9996859543063515,0.9998429771531758,0.9998429771531758,0.9998429771531758,0.9998429771531758,0.9998429771531758,0.9998429771531758,0.9999214885765879,0.9999214885765879,1.0
c=1
AUC
0.8815560242773408
1.0,0.842345721104671,0.745525660779898,0.6812755431275543,0.6294810853634383,0.5928149285681046,0.567473740430835,0.5490618006541573,0.5352798053527981,0.5263049393914406,0.5208222865766611,0.5155404859933802,0.5119233698048175,0.5090235448786901,0.5072250893211592,0.5058991210705519,0.5047792084682834,0.5040422762945144,0.5036648802017655,0.5031689170570405,0.5025951557093425,0.5019238319591677,0.5015103369816798,0.5012350519505979,0.5009797006034956,0.5006853875376963,0.5006461719208929,0.500606962446646,0.5006069149144445
7.821666014861165e-05,0.9662104028157997,0.9839655846695347,0.990926867422761,0.9943684004693,0.9964020336331638,0.9972624168947986,0.9978881501759875,0.9980445834962847,0.9984356667970278,0.9987485334376223,0.998983183418068,0.9990614000782166,0.9993742667188111,0.9993742667188111,0.9994524833789598,0.9996089166992569,0.9996871333594055,0.9996871333594055,0.9997653500195541,0.9997653500195541,0.9999217833398514,0.9999217833398514,0.9999217833398514,0.9999217833398514,0.9999217833398514,0.9999217833398514,0.9999217833398514,1.0
c=2
AUC
0.9144771509307777
1.0,0.8461845519260196,0.748182031433263,0.6830311781378683,0.6306332987807888,0.5935525826830175,0.568146469359641,0.5496238985600688
7.820442637053257e-05,0.9946820990068038,0.9977320716352546,0.998826933604442,0.9991397513099242,0.9992961601626652,0.999843591147259,1.0
c=3
AUC
0.9220326455326061
 Info start 
1.0,0.8244761615548133,0.7323943661971831,0.672015937136849,0.6228516707827226,0.5878667985492911,0.5638044795547377,0.5462497834747965,0.5331844422906746,0.5244422368475516,0.5191158411788784,0.5140693955220859,0.5106092268124096,0.5077291791491911,0.5060485475527259,0.5047225970315105,0.5035635096610707,0.5028462998102466,0.5024688919612877,0.5019730092336833,0.5014385370275489,0.5007870297497246,0.5003931744908391,0.5001178874567745,0.49988217736234386,0.49962714392244595,0.4995879282602724,0.4995879929370218,0.49958802526778356,0.49954882498332615,0.49952922714790116,0.49941167241920303,0.4993920853433737,0.4993724998039062,0.4992942836979534,0.4992551356437196,0.4991964250715378,0.4991572923607573,0.49913772830602804,0.49909860479699014,0.49911823490222207,0.4990986754447841,0.49911830400877777
7.851142341210646e-05,0.8526340582554762,0.9226662479390751,0.9534427259166208,0.9702441705268117,0.9799010756065007,0.9861819894794692,0.9903430949203109,0.9934050404333831,0.9947397346313889,0.9956818717123341,0.9968595430635158,0.9975661458742247,0.9979587029912852,0.9984297715317578,0.99850828295517,0.99850828295517,0.9986653058019942,0.9986653058019942,0.9987438172254063,0.9989008400722305,0.9991363743424668,0.9992148857658789,0.9992148857658789,0.999293397189291,0.9994504200361153,0.9994504200361153,0.9996074428829395,0.9996859543063515,0.9996859543063515,0.9996859543063515,0.9996859543063515,0.9996859543063515,0.9996859543063515,0.9998429771531758,0.9998429771531758,0.9998429771531758,0.9998429771531758,0.9998429771531758,0.9998429771531758,0.9999214885765879,0.9999214885765879,1.0
c=1
AUC
0.8815560242773408
1.0,0.842345721104671,0.745525660779898,0.6812755431275543,0.6294810853634383,0.5928149285681046,0.567473740430835,0.5490618006541573,0.5352798053527981,0.5263049393914406,0.5208222865766611,0.5155404859933802,0.5119233698048175,0.5090235448786901,0.5072250893211592,0.5058991210705519,0.5047792084682834,0.5040422762945144,0.5036648802017655,0.5031689170570405,0.5025951557093425,0.5019238319591677,0.5015103369816798,0.5012350519505979,0.5009797006034956,0.5006853875376963,0.5006461719208929,0.500606962446646,0.5006069149144445
7.821666014861165e-05,0.9662104028157997,0.9839655846695347,0.990926867422761,0.9943684004693,0.9964020336331638,0.9972624168947986,0.9978881501759875,0.9980445834962847,0.9984356667970278,0.9987485334376223,0.998983183418068,0.9990614000782166,0.9993742667188111,0.9993742667188111,0.9994524833789598,0.9996089166992569,0.9996871333594055,0.9996871333594055,0.9997653500195541,0.9997653500195541,0.9999217833398514,0.9999217833398514,0.9999217833398514,0.9999217833398514,0.9999217833398514,0.9999217833398514,0.9999217833398514,1.0
c=2
AUC
0.9144771509307777
1.0,0.8461845519260196,0.748182031433263,0.6830311781378683,0.6306332987807888,0.5935525826830175,0.568146469359641,0.5496238985600688
7.820442637053257e-05,0.9946820990068038,0.9977320716352546,0.998826933604442,0.9991397513099242,0.9992961601626652,0.999843591147259,1.0
c=3
AUC
0.9220326455326061
