 Info start 
-------------------
{'learning_rate': 0.0005, 'use_pretrained': False, 'show_loss_figure': False, 'save_loss_figure': False, 'use_bias': True, 'saved_model_file': 'frozen_model_v1_212_1566006965.pb', 'num_epochs': 25, 'op_dims': 12, 'batchsize': 64, 'num_neg_samples': 15}
-------------------
-------------------
DIR peru_export2
 >> c = 2
Time taken
0.021460294723510742
1.0,1.0,1.0,1.0,1.0,1.0,1.0,1.0,1.0,0.9538461538461539,0.9156626506024096,0.9326923076923077,0.9224137931034483,0.9370629370629371,0.9454545454545454,0.9430051813471503,0.9473684210526315,0.9482071713147411,0.9528985507246377,0.9572368421052632,0.9602446483180428,0.958217270194986,0.9,0.9006928406466512,0.9035087719298246,0.9047619047619048,0.908203125,0.9139194139194139,0.9151943462897526,0.9159663865546218,0.9185303514376997,0.9145038167938931,0.914327917282127,0.9140845070422535,0.9150943396226415,0.9151436031331592,0.9173027989821882,0.917910447761194,0.8991596638655462,0.9004683840749415,0.9025229357798165,0.8945615982241953,0.8888888888888888,0.8807531380753139,0.8718209562563581,0.8527968596663396,0.8171641791044776,0.8036529680365296,0.796594982078853,0.7920704845814978,0.775,0.7726495726495727,0.7613065326633166,0.7557565789473685,0.7467845659163987,0.7360565593087196,0.7321981424148607,0.7262996941896025,0.7172932330827068,0.7046289493019838,0.686344238975818,0.6752255378209576,0.6717136958017894,0.6682626538987688,0.6650847457627118,0.6626180836707153,0.6597315436241611,0.6519154557463672,0.6417425227568271,0.6343810134701732,0.625236593059937,0.6228786926461345,0.6103257529194838,0.6054878048780488,0.6027895694360218,0.585394581861013,0.5758101851851852,0.5631013016411998,0.554935861684328,0.5467032967032966,0.5387114239306985,0.5301012253596165,0.5238845144356955,0.513360739979445,0.5071065989847716,0.5047955577990914
0.002,0.005,0.007,0.01,0.015,0.023,0.029,0.036,0.045,0.062,0.076,0.097,0.107,0.134,0.156,0.182,0.216,0.238,0.263,0.291,0.314,0.344,0.36,0.39,0.412,0.437,0.465,0.499,0.518,0.545,0.575,0.599,0.619,0.649,0.679,0.701,0.721,0.738,0.749,0.769,0.787,0.806,0.824,0.842,0.857,0.869,0.876,0.88,0.889,0.899,0.899,0.904,0.909,0.919,0.929,0.937,0.946,0.95,0.954,0.959,0.965,0.973,0.976,0.977,0.981,0.982,0.983,0.987,0.987,0.989,0.991,0.991,0.993,0.993,0.994,0.994,0.995,0.995,0.995,0.995,0.995,0.995,0.998,0.999,0.999,1.0
AUC
0.8977360595940392
 >> c = 3
Time taken
0.021405935287475586
1.0,1.0,1.0,1.0,1.0,1.0,1.0,1.0,1.0,1.0,1.0,1.0,0.9891891891891892,0.9764150943396226,0.9790794979079498,0.9676258992805755,0.9700996677740864,0.9728915662650602,0.9602122015915119,0.9626865671641791,0.9606481481481481,0.9639065817409767,0.9664694280078896,0.9678030303030303,0.9677996422182469,0.9358552631578947,0.9375,0.93993993993994,0.9405797101449276,0.9416666666666667,0.9437751004016064,0.9440104166666666,0.944516129032258,0.9447236180904522,0.9406060606060606,0.9403341288782816,0.9368421052631579,0.9368541905855339,0.9298440979955457,0.9303867403314917,0.9295774647887324,0.912906610703043,0.9132231404958677,0.9129989764585466,0.9010989010989011,0.8943731490621916,0.8846899224806202,0.8759541984732825,0.8576709796672828,0.8237378210806023,0.8130434782608695,0.8068669527896996,0.7986520640269588,0.7825370675453048,0.7748776508972267,0.7641886490807354,0.7612648221343874,0.7529319781078968,0.7413660782808903,0.7376800606520091,0.7310861423220973,0.7212389380530974,0.7089065894279507,0.6922535211267605,0.682825484764543,0.6781292984869326,0.672566371681416,0.6689234935680434,0.6653198653198653,0.6615384615384615,0.6528052805280528,0.6451402478799739,0.6376531270148291,0.6284083703233989,0.6264222503160556,0.6147642679900744,0.6090964966195451,0.6068585425597061,0.5876777251184834,0.5760743321718932,0.5607687959299039,0.5543781372002231,0.5479603087100331,0.5419847328244275,0.5306994127068874,0.5253164556962026,0.5120698510529019,0.5078960774325013,0.5053218449062341,0.5042994436014163,0.502773575390822,0.5027707808564231,0.499749624436655,0.4994994994994995,0.49974987493746875,0.5
0.002,0.003,0.007,0.019,0.026,0.038,0.05,0.068,0.081,0.101,0.126,0.148,0.183,0.207,0.234,0.269,0.292,0.323,0.362,0.387,0.415,0.454,0.49,0.511,0.541,0.569,0.6,0.626,0.649,0.678,0.705,0.725,0.732,0.752,0.776,0.788,0.801,0.816,0.835,0.842,0.858,0.87,0.884,0.892,0.902,0.906,0.913,0.918,0.928,0.93,0.935,0.94,0.948,0.95,0.95,0.956,0.963,0.963,0.966,0.973,0.976,0.978,0.979,0.983,0.986,0.986,0.988,0.988,0.988,0.989,0.989,0.989,0.989,0.991,0.991,0.991,0.991,0.991,0.992,0.992,0.992,0.994,0.994,0.994,0.994,0.996,0.997,0.997,0.997,0.997,0.997,0.998,0.998,0.998,0.999,1.0
AUC
0.9412843025299628
-------------------
