 Info start 
--------
peru_export
--------
c = 1
Time taken 1.8981671333312988
AUC : 0.5227630572367867
c = 2
Time taken 1.8976917266845703
AUC : 0.5824564491849005
c = 3
Time taken 1.834005355834961
AUC : 0.6055702280407892
 Info start 
--------
peru_export
--------
train_time taken 0.3483152389526367
c = 1
Time taken 1.7646610736846924
AUC : 0.5227630572367867
c = 2
Time taken 1.7995953559875488
AUC : 0.5824564491849005
c = 3
Time taken 1.7179672718048096
AUC : 0.6055702280407892
 Info start 
--------
peru_export
--------
train_time taken 0.44217944145202637
c = 1
Time taken 1.7945456504821777
AUC : 0.5227630572367867
c = 2
Time taken 1.8158962726593018
AUC : 0.5824564491849005
c = 3
Time taken 1.7497718334197998
AUC : 0.6055702280407892
 Info start 
--------
peru_export
--------
train_time taken 0.3947031497955322
c = 1
Time taken 1.8488569259643555
AUC : 0.5227630572367867
c = 2
Time taken 1.8437597751617432
AUC : 0.5824564491849005
c = 3
Time taken 1.8003504276275635
AUC : 0.6055702280407892
 Info start 
--------
peru_export
--------
train_time taken 0.4040565490722656
c = 1
Time taken 1.9425551891326904
AUC : 0.5227630572367867
c = 2
Time taken 2.2378082275390625
AUC : 0.5824564491849005
c = 3
Time taken 1.9721543788909912
AUC : 0.6055702280407892
