 Info start 
--------
peru_export
--------
train_time taken 0.38689684867858887
c = 1
Time taken 34.025527238845825
AUC : 0.5106287545790528
c = 2
Time taken 31.371381282806396
AUC : 0.567260640150247
c = 3
Time taken 31.694605112075806
AUC : 0.5916969101737843
 Info start 
--------
peru_export
--------
train_time taken 0.4154181480407715
c = 1
Time taken 33.93573331832886
AUC : 0.5106287545790528

--------
peru_export
--------
train_time taken 39.78871035575867
c = 1
Time taken 57.840247631073
AUC : 0.5106287545790528
c = 2
Time taken 58.54188561439514
AUC : 0.567260640150247
c = 3
Time taken 56.41510009765625
AUC : 0.5916969101737843
 Info start 
--------
peru_export
--------
train_time taken 191.29027318954468
c = 1
Time taken 165.49089813232422
AUC : 0.510148410540896
c = 2
Time taken 103.9424958229065
AUC : 0.5664626852251867
c = 3
Time taken 102.82947039604187
AUC : 0.5905118283692912
 Info start 
--------
peru_export
--------
train_time taken 168.92131161689758
 Info start 
--------
peru_export
--------
train_time taken 0.305877685546875
c = 1
Time taken 30.29432439804077
AUC : 0.4967810009266221
c = 2
Time taken 30.074796199798584
AUC : 0.5335385427329202
 Info start 
--------
peru_export
--------
train_time taken 0.32160258293151855
c = 1
Time taken 30.562448263168335
AUC : 0.5072182637287904
c = 2
Time taken 30.361176252365112
AUC : 0.5623989239020031
c = 3
Time taken 28.80223560333252
AUC : 0.5895121450037207
