 Info start 
 Info start 
0.8901122908201162,0.8236669432083867,0.7732857437023818,0.733030951544383,0.6991906610103198,0.6704899745430623,0.6463862689186225,0.6230530414649548,0.6048335752667634,0.5909113459344149,0.5793421531739289,0.567480948650381,0.55870133507609,0.5505331372368784,0.5419472946707047,0.5353071105062359,0.530383689337545,0.525723789307832,0.5224565217391305,0.5184266706919975,0.5157650894427523,0.5137871377005062,0.5119455377087544,0.5100673985842058,0.5086314366006719,0.506352277985781,0.5056068878622427,0.5043463689491213,0.5034079029897554,0.5028506985777833,0.502200346215613,0.5020431138723263,0.501781509803513,0.5016767689391572,0.5014783043224785,0.5013739123194138,0.5013008637735457,0.5011444028297961,0.5010818007822252,0.5008629832186154,0.5008212911945109,0.5007692307692307,0.5006963643544599,0.5005714998233546,0.5005090909090909,0.5004363001745201,0.500436282045955,0.5004154894465681,0.5002699896157841,0.500238822087928,0.5001453367660493,0.5000934172012207,0.49998962246528716,0.499937741252646,0.49992736630211465,0.49991699178218646,0.4998651256406532,0.4998651312376803
0.8456269976339712,0.9066456352994894,0.9352870366526919,0.9525964052965837,0.9646340957203935,0.9730189697397368,0.9785812129010834,0.9829811962973725,0.9858453364326927,0.9888340043999834,0.9906604126022166,0.9922377651405089,0.9936075712921838,0.9944377568386534,0.99535096093977,0.9959320908222988,0.9966792578141215,0.9972188784193268,0.9975924619152381,0.9979245361338259,0.9981320825204433,0.9985056660163547,0.998879249512266,0.9989622680669129,0.9992113237308539,0.9992528330081774,0.9994188701174712,0.9994603793947947,0.9994603793947947,0.9994603793947947,0.9995018886721182,0.9995849072267652,0.9996264165040887,0.9997509443360592,0.9997509443360592,0.9997509443360592,0.9997509443360592,0.9997509443360592,0.9997924536133825,0.9997924536133825,0.999833962890706,0.999833962890706,0.999833962890706,0.999833962890706,0.999833962890706,0.999833962890706,0.9998754721680295,0.9998754721680295,0.9998754721680295,0.9998754721680295,0.999916981445353,0.9999584907226765,0.9999584907226765,0.9999584907226765,0.9999584907226765,0.9999584907226765,0.9999584907226765,1.0
c=1
AUC
0.11868093099509243
0.90372837237789,0.8361655162748327,0.7839340616209851,0.7419095849802372,0.7063902267120874,0.6763226658424882,0.6512533463129715,0.6270661425931229,0.6082752701201656,0.5936930278393693,0.5817282162684045,0.5695248446471186,0.5604352172598982,0.5520771309485641,0.5432891653145845,0.5365169789487738,0.5314187476581957,0.5266353609260674,0.5232855902777778,0.5191835680144684,0.5164703362604413,0.5143990784589786,0.512464137711189,0.5105653186533983,0.5090671114019718,0.5067879959650302
0.9790172092058884,0.989633008500933,0.9939042089985486,0.9963093510263321,0.9974704540742276,0.9981754094961642,0.9987144930541157,0.9989633008500933,0.9991706406800747,0.9992950445780634,0.9994194484760522,0.9995438523740411,0.9996267883060336,0.9996682562720298,0.9997511922040224,0.9997926601700187,0.9998341281360149,0.9998755961020112,0.9999170640680075,0.9999585320340038,0.9999585320340038,0.9999585320340038,0.9999585320340038,0.9999585320340038,0.9999585320340038,1.0
c=2
AUC
0.016968873805658105
1.0,0.9053194292813311,0.8374243793894722,0.7848558866634099,0.7425138632162662,0.7068121169467171,0.6766406557008926,0.6515077821011673,0.6272795858373007,0.6084433117161675,0.593833119889666,0.5818392413310489,0.5696163658697911,0.5605067410506741,0.5521386700860964,0.5433406187332417,0.5365582306083396,0.5314497289196456,0.5266560377399698,0.5233062801093703
0.00029027576197387516,0.99722164627825,0.9987974289861082,0.9993365125440598,0.9994609164420485,0.9995023844080447,0.9996267883060336,0.9998341281360149,0.9998755961020112,0.9998755961020112,0.9998755961020112,0.9998755961020112,0.9999170640680075,0.9999170640680075,0.9999170640680075,0.9999585320340038,0.9999585320340038,0.9999585320340038,0.9999585320340038,1.0
c=3
AUC
0.9519903903765129
 Info start 
 train_time 1721.5112519264221
0.9063775384766681,0.8380664114662156,0.7748818063253994,0.7209631193906026,0.6780898181368303,0.6436510327742626,0.6155973274511685,0.5932312899007769,0.5763379861162947,0.5625801001980659,0.551402935680356,0.5418896578777774,0.5349840321844801,0.5290588010169214,0.5240454243986952,0.5197423164675883,0.5165975380429709,0.513976411902835,0.5117695234069534,0.5097417546998539,0.5082038166437144,0.5067807027868231,0.505663134819145,0.504905217901114,0.5043001938665314,0.5037167957581743,0.5031021234619178,0.5027235941066611,0.5023521636017262,0.5020983912333877,0.5018253372342905,0.5016110039983954,0.5014228430992109,0.5012283106203616,0.5010469174098487,0.5009174311926605,0.5008009301123886,0.5007232899359372,0.500626299409858,0.5005487340382951,0.5005099603651058,0.5004324310369309,0.5003872166864577,0.5003161820692503,0.5002451676172288,0.5001999819371153
0.9509143903634347,0.971291495782713,0.9808094095798189,0.9862776960973975,0.9896308906600635,0.9918491578322887,0.9933967860919807,0.9946864763083907,0.9957956098945033,0.996388867394052,0.9970595063065851,0.997678557610462,0.9981428460883696,0.9984007841316516,0.9986587221749336,0.9988908664138874,0.9991230106528411,0.9993035672831386,0.9993293610874668,0.9994325363047796,0.9994583301091078,0.9995615053264206,0.9995615053264206,0.9996130929350769,0.999742061956718,0.9997678557610462,0.9997936495653744,0.9998194433697026,0.9998452371740308,0.9998452371740308,0.9998710309783589,0.9998968247826872,0.9998968247826872,0.9999226185870154,0.9999226185870154,0.9999226185870154,0.9999484123913436,0.9999742061956718,0.9999742061956718,0.9999742061956718,0.9999742061956718,0.9999742061956718,0.9999742061956718,0.9999742061956718,0.9999742061956718,1.0
c=1
AUC
0.03801267092853635
0.9101038715769594,0.8415574234571666,0.7778827787272544,0.7234658793631811,0.6801475107559927,0.6454138143540032,0.6170846270201417,0.5944602926290604,0.5773286467486819,0.5634511126291769,0.5521440066078982,0.5424921647638236,0.5354785250655987,0.5295089578326415,0.5244445045508026,0.5200836876198651,0.5168939181894519,0.5142341912300941,0.5120273553020701,0.5099867194382717,0.5084488024854817,0.5069999084979281,0.5058823529411764,0.5051115423183612,0.5044742729306487,0.5038844285083275,0.5032633095018749,0.5028847774507643,0.5025068988301139,0.5022531271851449,0.5019736246101283,0.501752842709856,0.5015711274617562,0.5013701463212864,0.5011887533595204,0.5010592672970599,0.5009363174955767,0.5008522287071949,0.5007552382550768,0.5006776729356791,0.5006388992862398,0.5005613700009034,0.5005226008748725
0.9938900203665988,0.9963133878161334,0.9973961690169894,0.9981438036556756,0.9985047307226276,0.998994560313491,0.9991492433421847,0.9992523653613138,0.9993297068756606,0.9994070483900075,0.9995359509139189,0.9995875119234835,0.9996132924282658,0.9996906339426126,0.9997421949521772,0.9997421949521772,0.9997937559617417,0.999819536466524,0.9998453169713063,0.9998968779808709,0.9999226584856532,0.9999226584856532,0.9999226584856532,0.9999226584856532,0.9999226584856532,0.9999226584856532,0.9999226584856532,0.9999484389904354,0.9999484389904354,0.9999484389904354,0.9999484389904354,0.9999484389904354,0.9999742194952177,0.9999742194952177,0.9999742194952177,0.9999742194952177,0.9999742194952177,0.9999742194952177,0.9999742194952177,0.9999742194952177,0.9999742194952177,0.9999742194952177,1.0
c=2
AUC
0.004701839992531865
1.0,0.9105620405383188,0.8419943972724706,0.7782839939789262,0.7237910375333619,0.6804505342198985,0.6456204015048107,0.617273537462601,0.5946405849979304,0.5774922582181992,0.5636033418089357
0.0006187161639597834,0.9994586233565352,0.9995617427171951,0.9996906419180202,0.9997422015983501,0.9998711007991751,0.9998711007991751,0.9999226604795051,0.9999742201598351,0.9999742201598351,1.0
c=3
AUC
0.9545753280228066
 Info start 
 train_time 159.1399176120758
0.9319643028500144,0.8819422897921192,0.8362227207831939,0.7899453686084341,0.7527610155983149,0.720021327645961,0.688804841149773,0.6632353648564144,0.6379990821477742,0.6180137955429784,0.6012666352860627,0.5857225961938004,0.573078793774319,0.5621355757407481,0.5529420927606216,0.544897098838769,0.5363427408719244,0.530748314523038,0.5258770150134642,0.5219824433065106,0.519098673450845,0.5160544659948713,0.5134523510183555,0.5116104332892053,0.5100163969487417,0.5082019599488709,0.5065996673626102,0.5055604589585172,0.5050241511828791,0.5041706261218456,0.5036031919007277,0.5030017905417267,0.5026662924501825,0.502295748484105,0.5019787763107204,0.5018553525169782,0.5016095171448566,0.5011359267414631,0.5009607658176991,0.5007858065868054,0.500541031100562,0.5001918448498378,0.5001395089285714,0.5,0.4999128464354192,0.4997560465602565,0.4997560635628659,0.49972123492926335,0.4997212543554007,0.4992689549537005,0.4991126422382295,0.4991300716820934,0.49911270399109225,0.49909533750869867,0.4990781005392242
0.6769831311863934,0.7925554161438728,0.8573818485989126,0.897044472326781,0.9217203401645058,0.9413076815837167,0.95211208699289,0.9611041405269761,0.9690506064408198,0.9742785445420327,0.979436776801896,0.9825735396626237,0.9855708908406524,0.9878711836051861,0.9897532413216228,0.9910776523072633,0.9921929457688554,0.993238533389098,0.9937264742785445,0.9947720618987871,0.9956085319949812,0.9959570612017287,0.9963752962498257,0.9967238254565732,0.9973511780287188,0.9976997072354663,0.9979088247595148,0.9981876481249129,0.9984664714903109,0.9985361773316604,0.9986058831730099,0.9986755890143594,0.998745294855709,0.9989544123797575,0.9990938240624564,0.9993029415865049,0.9993029415865049,0.9994423532692039,0.9995120591105535,0.9995120591105535,0.999581764951903,0.999581764951903,0.999581764951903,0.999581764951903,0.999581764951903,0.999581764951903,0.9996514707932525,0.9996514707932525,0.999721176634602,0.999721176634602,0.9997908824759515,0.999860588317301,0.999860588317301,0.999860588317301,1.0
c=1
AUC
0.262815719124242
0.9486864008105956,0.9002817270523488,0.8531007988291969,0.8049142010147654,0.7658128875707738,0.7308145793817604,0.698401837642344,0.6716844869630463,0.645116299995501,0.6243749728249054,0.6066860833227808,0.5906048536114648,0.5773613674664955,0.5659064097522611,0.5563456484773536,0.5480322752531019,0.5392421178761327,0.5334419672616844,0.5285378915706844,0.5244177583697235,0.5213427868615251,0.5182295412052351,0.5155232849273911,0.5136117445838084,0.5118607954545454,0.5099766503926979,0.5083221665843853,0.507213230119634,0.5066071554087299,0.5057362382907062,0.505186067699208,0.504567248801316,0.5042143181897667,0.5038087916695786,0.5034569453174105,0.5032812063669366,0.5030353778522085,0.5025269248196298,0.5023516705570846,0.5021767143802459,0.5019145084934559,0.5015653262835675,0.5015129908524921,0.5013734830835564,0.5012863301348909,0.5011295311576826,0.5011121151039133,0.5010772866277453,0.5010598742050943,0.5006075755997639,0.5004338319508556,0.5004164642187825,0.5003990976921742,0.5003470053438823,0.5003296436378778,0.5002949238402554,0.5002081454242697,0.5001213971072803,0.500104051054384,0.5001213886865744
0.9090152565880721,0.9529126213592233,0.9701803051317615,0.9791262135922331,0.9848821081830791,0.988626907073509,0.9909847434119279,0.9932732316227462,0.9943828016643551,0.9958391123439667,0.9967406380027739,0.9974341192787795,0.9978502080443828,0.9979889042995839,0.9983356449375866,0.9985436893203884,0.9986823855755894,0.9988904299583912,0.9992371705963939,0.999375866851595,0.9994452149791956,0.9995145631067961,0.9995145631067961,0.9995839112343967,0.9995839112343967,0.9996532593619972,0.9996532593619972,0.9996532593619972,0.9996532593619972,0.9996532593619972,0.9997919556171984,0.9997919556171984,0.9997919556171984,0.9998613037447989,0.9998613037447989,0.9998613037447989,0.9998613037447989,0.9998613037447989,0.9999306518723995,0.9999306518723995,0.9999306518723995,0.9999306518723995,0.9999306518723995,0.9999306518723995,0.9999306518723995,0.9999306518723995,0.9999306518723995,0.9999306518723995,0.9999306518723995,0.9999306518723995,0.9999306518723995,0.9999306518723995,0.9999306518723995,0.9999306518723995,0.9999306518723995,0.9999306518723995,0.9999306518723995,0.9999306518723995,0.9999306518723995,1.0
c=2
AUC
0.07773130011875361
0.9522848105525271,0.9037074528660003,0.8561705176428444,0.8076879847139485,0.7682002561912895,0.732746335504886,0.7000729040097206,0.6730185418710009,0.6462621642226108,0.6252385910116259,0.6073655823360863,0.5911253280839895,0.5778018278018278,0.5663327440581418,0.5567054098930379,0.5483588787890313,0.5395524622062565,0.5337010030721397,0.5287107656204165,0.5245734657499364
0.9812760055478502,0.9905686546463246,0.9944521497919556,0.9966712898751734,0.998127600554785,0.9984049930651873,0.9988904299583912,0.9993065187239945,0.999375866851595,0.9995145631067961,0.9995839112343967,0.9995839112343967,0.9996532593619972,0.9997226074895977,0.9997919556171984,0.9998613037447989,0.9999306518723995,0.9999306518723995,0.9999306518723995,1.0
c=3
AUC
0.016284416457431727
 Info start 
 train_time 18.949952840805054
0.8151750972762646,0.796415770609319,0.7191629955947136,0.7194637537239325,0.6930604982206405,0.6593625498007968,0.6540195341848234,0.6400570206699929,0.6366782006920415,0.6341627437794216,0.6347167325428195,0.6242017879948915,0.6212645486001888,0.6132800491853674,0.5963926670609107,0.5858294930875576,0.5855469865752642,0.5796695603472417,0.5799721835883171,0.5630026809651475,0.5491164241164241,0.5460390946502057,0.5447570332480819,0.5419518377693283,0.5390998239879305,0.5349937733499377,0.5309800049370526,0.5252131546894032,0.5147830233667143,0.5130579297245964,0.511463011108485,0.5109489051094891,0.5094958968347011,0.5087719298245614,0.5059205943812398,0.5018407731247124,0.5017237416685819,0.5011473152822395,0.5012611786287549,0.5013755158184319,0.49749886311959984,0.49693946950804807,0.49491984646647097,0.4948081264108352,0.4949221394719025,0.49492671927846676,0.49515438359251746,0.4949312908312683,0.4940409264672813,0.4942683749157114,0.49228015215931975,0.491953509164059,0.49206703910614524,0.4819435325016415,0.48205689277899344,0.48068950469125027,0.48080279232111695,0.48091603053435117
0.3800453514739229,0.5038548752834467,0.5922902494331066,0.6571428571428571,0.7065759637188208,0.7505668934240363,0.7895691609977324,0.8145124716553288,0.8344671201814059,0.8553287981859411,0.873922902494331,0.8866213151927438,0.8956916099773242,0.9047619047619048,0.9147392290249433,0.9224489795918367,0.9297052154195011,0.9387755102040817,0.9455782312925171,0.9523809523809523,0.9582766439909297,0.9628117913832199,0.9659863945578231,0.9696145124716553,0.9723356009070295,0.9741496598639455,0.9755102040816327,0.9777777777777777,0.9791383219954648,0.9800453514739229,0.98140589569161,0.9841269841269841,0.9854875283446712,0.9863945578231292,0.9882086167800453,0.9891156462585035,0.9900226757369615,0.9904761904761905,0.9913832199546485,0.9918367346938776,0.9922902494331066,0.9941043083900227,0.9941043083900227,0.9941043083900227,0.9945578231292517,0.9954648526077098,0.9963718820861678,0.9963718820861678,0.9963718820861678,0.9972789115646259,0.9977324263038548,0.9981859410430839,0.998639455782313,0.998639455782313,0.999092970521542,0.999092970521542,0.999546485260771,1.0
c=1
AUC
0.4298467892666471
1.0,0.8956043956043956,0.8693051081454211,0.7981796596755045,0.7872740963855421,0.7575544624033732,0.7203140333660452,0.7079898541534559,0.6915088576664631,0.6844951923076923,0.678391959798995,0.6749706916764361,0.6631368059530623,0.6588268631340323,0.6492890995260664,0.6310810810810811,0.6194760518655729,0.6176548089591568,0.6100285788516497,0.6093143596377749,0.5912738214643932,0.5763125763125763,0.5723285679670462,0.570359642770939,0.5668744007670182,0.5637791527843884,0.5593580363464715,0.5550351288056206,0.5487381338272749,0.5381298229686791,0.5361827227498869,0.5343545843658482,0.5331535176444144,0.5314669652855543,0.5305164319248826,0.5272161741835147,0.5229175848391362,0.5226772346983708,0.5219876868953386,0.5218729391074961,0.5178883071553229,0.5169786678276013,0.5149609713790113,0.5148493388250596,0.514626218851571,0.51440329218107,0.5136186770428015
0.00042087542087542086,0.686026936026936,0.79503367003367,0.8489057239057239,0.8800505050505051,0.9074074074074074,0.9267676767676768,0.9398148148148148,0.9528619528619529,0.9587542087542088,0.9659090909090909,0.9692760942760943,0.9751683501683501,0.9785353535353535,0.9802188552188552,0.9827441077441077,0.9852693602693603,0.9865319865319865,0.9882154882154882,0.9911616161616161,0.9924242424242424,0.9932659932659933,0.9941077441077442,0.9945286195286195,0.9953703703703703,0.9970538720538721,0.9974747474747475,0.9974747474747475,0.9974747474747475,0.997895622895623,0.997895622895623,0.9983164983164983,0.9983164983164983,0.9987373737373737,0.9987373737373737,0.9987373737373737,0.9987373737373737,0.9991582491582491,0.9991582491582491,0.9991582491582491,0.9991582491582491,0.9995791245791246,0.9995791245791246,0.9995791245791246,0.9995791245791246,0.9995791245791246,1.0
c=2
AUC
0.899756498934676
1.0,0.914298601714028,0.8844118844118845,0.8146802325581395,0.8015454864769933,0.7699233077692564,0.7308781869688386,0.716876729173071,0.6987772144348344,0.690903738592876,0.6835369400814427,0.6800346220427005,0.667232117613797,0.6622720897615708,0.6523901630284609,0.6339501206757844,0.6219768664563617,0.6199580932425354,0.6119441571871769,0.6105236007222079,0.5921941456092069,0.5772417153996101,0.5732591876208898,0.5713941728870696,0.5677033492822966,0.564297599239363,0.5598774163130599,0.5556594948550047,0.5493641618497109,0.5386533665835411,0.5367065733002033,0.5347738014854828,0.5335728722209746,0.5317815577439571,0.5308310991957105,0.5275310834813499,0.5233377366798767,0.522992299229923,0.5224077328646749,0.5223978919631094,0.5184135977337111,0.5173988690735102,0.5153812824956673,0.5152696556205328,0.5150465468716172,0.5151515151515151
0.0021008403361344537,0.8516806722689075,0.9130252100840336,0.9420168067226891,0.9588235294117647,0.9701680672268908,0.9756302521008403,0.9798319327731092,0.9844537815126051,0.9861344537815127,0.9873949579831933,0.9903361344537815,0.9915966386554622,0.9920168067226891,0.9920168067226891,0.9932773109243698,0.9941176470588236,0.9945378151260504,0.9945378151260504,0.9945378151260504,0.9945378151260504,0.9953781512605042,0.996218487394958,0.9970588235294118,0.9970588235294118,0.9974789915966387,0.9978991596638656,0.9983193277310924,0.9983193277310924,0.9983193277310924,0.9983193277310924,0.9983193277310924,0.9983193277310924,0.9983193277310924,0.9983193277310924,0.9983193277310924,0.9987394957983193,0.9987394957983193,0.9991596638655462,0.9995798319327731,0.9995798319327731,0.9995798319327731,0.9995798319327731,0.9995798319327731,0.9995798319327731,1.0
c=3
AUC
0.9356897131402693
 Info start 
#---------------------------#
 timing :: us_import
 test_time 1.0014870166778564
 test_time 0.9540717601776123
 test_time 1.0402824878692627
 Info start 
#---------------------------#
 timing :: china_export
 Info start 
#---------------------------#
 timing :: us_import
 train_time 1037.731478214264
 test_time 1.075798749923706
 test_time 0.9590232372283936
 test_time 0.9651517868041992
 Info start 
#---------------------------#
 timing :: china_export
 train_time 1816.2429444789886
 test_time 1.3809945583343506
 test_time 1.351236343383789
 test_time 1.3631904125213623
 Info start 
#---------------------------#
 timing :: china_import
 train_time 160.89884448051453
 test_time 0.42397093772888184
 test_time 0.41336774826049805
 test_time 0.42132115364074707
 Info start 
#---------------------------#
 timing :: peru_export
 train_time 19.526702404022217
 test_time 0.1885664463043213
 test_time 0.17815709114074707
 test_time 0.17934274673461914


 Info start 
0.8406241814167571,0.7611744658539782,0.7037468975210072,0.6601939042736947,0.6246328157784306,0.5970697802335175,0.5753997835758086,0.5595421630460173,0.5486764133891596,0.5374868477019857,0.5288304942999251,0.5231763579387186,0.5181083701389637,0.5136121965280892,0.5108831836231976,0.5085705831378268,0.507089733055222,0.5057352941176471,0.5049502873683769,0.5041462495288352,0.5033975203328525,0.5029872571547942,0.5027037183957241,0.5023576048403923,0.5022108205064031,0.5019281679277927,0.5016771182732973,0.501614213409427,0.5015306441200358,0.5013530954660893,0.5010089242994737,0.5009046856477342,0.5007797068302319,0.5007276204731612,0.5006963933063091,0.5006339506557752,0.500498711661541,0.500477892287234,0.5004154894465681,0.5003843037869503,0.5003635004050433,0.5003219307537333,0.4999169883368613,0.4998754928408384,0.4998547537037806,0.49984438219732336,0.499854759731098
0.9324644057946951,0.9641774936698352,0.9768793325308206,0.9836453447345481,0.9885849487360425,0.9912830517620688,0.9932339877962725,0.994313229006683,0.995433979494417,0.9965962392594745,0.9974264248059441,0.9979245361338259,0.9982151010750903,0.9984641567390312,0.9986301938483251,0.998796230957619,0.9990452866215599,0.9992528330081774,0.9992528330081774,0.9993358515628243,0.9994188701174712,0.9994603793947947,0.9994603793947947,0.9994603793947947,0.9995018886721182,0.9995018886721182,0.9995433979494417,0.9996679257814122,0.9996679257814122,0.9997094350587357,0.9997094350587357,0.9997509443360592,0.9997509443360592,0.9997924536133825,0.9997924536133825,0.9997924536133825,0.9997924536133825,0.999833962890706,0.9998754721680295,0.9998754721680295,0.999916981445353,0.999916981445353,0.999916981445353,0.999916981445353,0.9999584907226765,0.9999584907226765,1.0
c=1
AUC
0.048907190028423794
0.8492869528291872,0.7675279106858054,0.7085404960136507,0.663911162547188,0.6274081016349058,0.5992938660831945,0.5772297378187478,0.5611311532642849,0.5500045624600784,0.5385302658029931,0.5296792618629174,0.523922301407961,0.5187822719449225,0.514224174699309,0.5114641440600675,0.5091101023962842,0.507566987307668,0.5061606599357696,0.5053756680289218,0.504550875651246,0.5037813897129486,0.503360748131758,0.5030772119416685,0.502731101196681,0.5025739355161418,0.502291284785869,0.5020298544750484,0.5019358061696017,0.5018522372528617,0.501664308895731,0.5013201388744517,0.5012055204522781,0.5010805419333388,0.5010180760440474,0.500986848939397,0.500924406406448,0.5007891676358199,0.5007579690582494,0.5006851874922138,0.5006540018685768,0.5006228201295466,0.5005812505189737,0.5001763083113813,0.5001348128175879,0.500103695715293,0.5000933242082997,0.5000622122682593,0.5000518424818033,0.5000414731254147,0.5000311041990668,0.500020735702733,0.5000103676363863,0.5,0.5000103672064525
0.9952311839104292,0.9978021978021978,0.9987144930541157,0.9991291727140784,0.999377980510056,0.9995023844080447,0.9997097242380262,0.9997511922040224,0.9997926601700187,0.9997926601700187,0.9998341281360149,0.9999170640680075,0.9999170640680075,0.9999170640680075,0.9999585320340038,0.9999585320340038,0.9999585320340038,0.9999585320340038,0.9999585320340038,0.9999585320340038,0.9999585320340038,0.9999585320340038,0.9999585320340038,0.9999585320340038,0.9999585320340038,0.9999585320340038,0.9999585320340038,0.9999585320340038,0.9999585320340038,0.9999585320340038,0.9999585320340038,0.9999585320340038,0.9999585320340038,0.9999585320340038,0.9999585320340038,0.9999585320340038,0.9999585320340038,0.9999585320340038,0.9999585320340038,0.9999585320340038,0.9999585320340038,0.9999585320340038,0.9999585320340038,0.9999585320340038,0.9999585320340038,0.9999585320340038,0.9999585320340038,0.9999585320340038,0.9999585320340038,0.9999585320340038,0.9999585320340038,0.9999585320340038,0.9999585320340038,1.0
c=2
AUC
0.003549695014009199
0.8498607536926711,0.7678906971559604,0.7087803874305535,0.6640777768597318,0.6275244638767437,0.5993835139703689,0.5772702243290478,0.5611720077265006,0.5500353566459089,0.5385611864293213,0.5296999253108388,0.523922301407961,0.5187822719449225,0.514224174699309,0.5114537818690875,0.5090997381977873,0.507566987307668,0.5061710255656774
0.9997097242380262,0.9998341281360149,0.9998755961020112,0.9998755961020112,0.9998755961020112,0.9998755961020112,0.9998755961020112,0.9999170640680075,0.9999170640680075,0.9999170640680075,0.9999170640680075,0.9999170640680075,0.9999170640680075,0.9999170640680075,0.9999170640680075,0.9999170640680075,0.9999585320340038,1.0
c=3
AUC
0.00019694738560158603
 Info start 
0.5872394559154516,0.5277180825402394,0.5124499872307823,0.505710926345847,0.5032170461667015,0.5020633597332221,0.5012693524221741,0.5010087144610137,0.5006442763321972,0.5003530926764425,0.5000830357884248,0.5000415144470276,0.5000207563618249,0.5000103779655036,0.49991699178218646,0.4998858708057521,0.4998651256406532,0.49984438219732336,0.4998236404755483,0.49981327026017675,0.4998236477935227
0.996388692872857,0.9989207587895895,0.9995018886721182,0.9997924536133825,0.999916981445353,0.999916981445353,0.999916981445353,0.999916981445353,0.999916981445353,0.9999584907226765,0.9999584907226765,0.9999584907226765,0.9999584907226765,0.9999584907226765,0.9999584907226765,0.9999584907226765,0.9999584907226765,0.9999584907226765,0.9999584907226765,0.9999584907226765,1.0
c=1
AUC
0.001966072546225341
0.588317107093185,0.5282250115002958,0.5128232391970058
0.9998341281360149,0.9999585320340038,1.0
c=2
AUC
9.103617264105904e-05
0.5883472405211536,0.5282250115002958,0.5128232391970058
0.9999585320340038,0.9999585320340038,1.0
c=3
AUC
2.158507673018286e-05
 Info start 
1.0,0.6151593763645237,0.5455824295503018,0.5210069482023421,0.511839979593572,0.5061788071119331,0.5038276511190127,0.5025975922719021,0.5019169062799517,0.5013006472020477,0.5010712428497139,0.5008212228944469,0.5005714523200964,0.5003530926764425,0.5001453307312211,0.5000518941359626,0.5000311351889906,0.5000207563618249,0.4999584924456251,0.49991699178218646,0.4998858708057521,0.4998754980079681,0.4998651256406532,0.4998236404755483,0.49981327026017675,0.4998236477935227
4.15092773234818e-05,0.9941471918973891,0.9981320825204433,0.9991283051762069,0.9995018886721182,0.9997509443360592,0.9998754721680295,0.999916981445353,0.999916981445353,0.999916981445353,0.999916981445353,0.999916981445353,0.999916981445353,0.9999584907226765,0.9999584907226765,0.9999584907226765,0.9999584907226765,0.9999584907226765,0.9999584907226765,0.9999584907226765,0.9999584907226765,0.9999584907226765,0.9999584907226765,0.9999584907226765,0.9999584907226765,1.0
c=1
AUC
0.8061085468461126
1.0,0.616714844849198,0.5462721732629529,0.5214627078692992,0.512213254035684
4.146796599626788e-05,0.9997097242380262,0.9999170640680075,0.9999585320340038,1.0
c=2
AUC
0.8082533923017462
1.0,0.6167736654986317,0.5462824520864483,0.5214627078692992,0.512213254035684
4.146796599626788e-05,0.9999585320340038,0.9999585320340038,0.9999585320340038,1.0
c=3
AUC
0.8083412206537509
 Info start 
1.0,0.6151593763645237,0.5455824295503018,0.5210069482023421,0.511839979593572,0.5061788071119331,0.5038276511190127,0.5025975922719021,0.5019169062799517,0.5013006472020477,0.5010712428497139,0.5008212228944469,0.5005714523200964,0.5003530926764425,0.5001453307312211,0.5000518941359626,0.5000311351889906,0.5000207563618249,0.4999584924456251,0.49991699178218646,0.4998858708057521,0.4998754980079681,0.4998651256406532,0.4998236404755483,0.49981327026017675,0.4998236477935227
4.15092773234818e-05,0.9941471918973891,0.9981320825204433,0.9991283051762069,0.9995018886721182,0.9997509443360592,0.9998754721680295,0.999916981445353,0.999916981445353,0.999916981445353,0.999916981445353,0.999916981445353,0.999916981445353,0.9999584907226765,0.9999584907226765,0.9999584907226765,0.9999584907226765,0.9999584907226765,0.9999584907226765,0.9999584907226765,0.9999584907226765,0.9999584907226765,0.9999584907226765,0.9999584907226765,0.9999584907226765,1.0
c=1
AUC
0.8061085468461126
1.0,0.616714844849198,0.5462721732629529,0.5214627078692992,0.512213254035684
4.146796599626788e-05,0.9997097242380262,0.9999170640680075,0.9999585320340038,1.0
c=2
AUC
0.8082533923017462
1.0,0.6167736654986317,0.5462824520864483,0.5214627078692992,0.512213254035684
4.146796599626788e-05,0.9999585320340038,0.9999585320340038,0.9999585320340038,1.0
c=3
AUC
0.8083412206537509
 Info start 
1.0,0.7034610114969917,0.5983571661115424,0.548904341461183,0.5261176882508699,0.5140458439255731,0.5087285484825429,0.5059142382923294,0.5035646338148899,0.5026290531235655,0.5016347014847671,0.5011546383173487,0.5008108108108108,0.5003738938972208,0.5002595676640986
4.15092773234818e-05,0.9803661118259931,0.9917811630899506,0.9960981279315927,0.9979660454111494,0.9988377402349425,0.9991698144535304,0.9995433979494417,0.9997924536133825,0.999916981445353,0.999916981445353,0.999916981445353,0.999916981445353,0.999916981445353,1.0
c=1
AUC
0.8469254914927552
1.0,0.7075377474883967,0.6004583841957101,0.5500673039629486,0.5268631606545915,0.5145850671105137
4.146796599626788e-05,0.9987974289861082,0.9995023844080447,0.9997926601700187,0.9999585320340038,1.0
c=2
AUC
0.8534456859299194
1.0,0.7077352120945252,0.6005578939503374,0.5501083608988251,0.5268631606545915,0.5145747087192182,0.5091746025042758,0.5062772925764192
4.146796599626788e-05,0.9997511922040224,0.9999170640680075,0.9999585320340038,0.9999585320340038,0.9999585320340038,0.9999585320340038,1.0
c=3
AUC
0.8537731657422543
 Info start 
1.0,0.6923234331150608,0.5955957452108711,0.5527800161160354,0.5266373251001774,0.5151567049152252,0.5092747308530214,0.5059878981427011,0.5041652712659076,0.503017520412638,0.5019168264022001,0.5015093161236598,0.5008420133474708,0.5006234413965087,0.5002388022509708,0.5001868693160583,0.5,0.49998962246528716,0.499937741252646,0.49990661769283445,0.49991699522722555
4.15092773234818e-05,0.9830642148520194,0.9924453115271263,0.996637748536798,0.9983396289070607,0.998879249512266,0.9994603793947947,0.9996679257814122,0.999833962890706,0.9998754721680295,0.9999584907226765,0.9999584907226765,0.9999584907226765,0.9999584907226765,0.9999584907226765,0.9999584907226765,0.9999584907226765,0.9999584907226765,0.9999584907226765,0.9999584907226765,1.0
c=1
AUC
0.842014331153298
1.0,0.6959849797804737,0.5976105492762245,0.5538482739612761,0.5272997616600704
4.146796599626788e-05,0.9991706406800747,0.9997926601700187,0.9999585320340038,1.0
c=2
AUC
0.847774269523018
1.0,0.696151736482,0.5976504411618916,0.5538482739612761,0.5272894253476778,0.5156854778350405
4.146796599626788e-05,0.9999585320340038,0.9999585320340038,0.9999585320340038,0.9999585320340038,1.0
c=3
AUC
0.8480271573023771
 Info start 
1.0,0.7034610114969917,0.5983571661115424,0.548904341461183,0.5261176882508699,0.5140458439255731,0.5087285484825429,0.5059142382923294,0.5035646338148899,0.5026290531235655,0.5016347014847671,0.5011546383173487,0.5008108108108108,0.5003738938972208,0.5002595676640986
4.15092773234818e-05,0.9803661118259931,0.9917811630899506,0.9960981279315927,0.9979660454111494,0.9988377402349425,0.9991698144535304,0.9995433979494417,0.9997924536133825,0.999916981445353,0.999916981445353,0.999916981445353,0.999916981445353,0.999916981445353,1.0
c=1
AUC
0.8469254914927552
1.0,0.7075377474883967,0.6004583841957101,0.5500673039629486,0.5268631606545915,0.5145850671105137
4.146796599626788e-05,0.9987974289861082,0.9995023844080447,0.9997926601700187,0.9999585320340038,1.0
c=2
AUC
0.8534456859299194
1.0,0.7077352120945252,0.6005578939503374,0.5501083608988251,0.5268631606545915,0.5145747087192182,0.5091746025042758,0.5062772925764192
4.146796599626788e-05,0.9997511922040224,0.9999170640680075,0.9999585320340038,0.9999585320340038,0.9999585320340038,0.9999585320340038,1.0
c=3
AUC
0.8537731657422543
 Info start 
1.0,0.7034610114969917,0.5983571661115424,0.548904341461183,0.5261176882508699,0.5140458439255731,0.5087285484825429,0.5059142382923294,0.5035646338148899,0.5026290531235655,0.5016347014847671,0.5011546383173487,0.5008108108108108,0.5003738938972208,0.5002595676640986
4.15092773234818e-05,0.9803661118259931,0.9917811630899506,0.9960981279315927,0.9979660454111494,0.9988377402349425,0.9991698144535304,0.9995433979494417,0.9997924536133825,0.999916981445353,0.999916981445353,0.999916981445353,0.999916981445353,0.999916981445353,1.0
c=1
AUC
0.8469254914927552
1.0,0.7075377474883967,0.6004583841957101,0.5500673039629486,0.5268631606545915,0.5145850671105137
4.146796599626788e-05,0.9987974289861082,0.9995023844080447,0.9997926601700187,0.9999585320340038,1.0
c=2
AUC
0.8534456859299194
1.0,0.7077352120945252,0.6005578939503374,0.5501083608988251,0.5268631606545915,0.5145747087192182,0.5091746025042758,0.5062772925764192
4.146796599626788e-05,0.9997511922040224,0.9999170640680075,0.9999585320340038,0.9999585320340038,0.9999585320340038,0.9999585320340038,1.0
c=3
AUC
0.8537731657422543
