 Info start 
AUC
0.3994880288201903
 Info start 
AUC
0.4514211065118814
 Info start 
AUC
0.42938434467230613
 Info start 
AUC
0.42938434467230613
 Info start 
c=1
AUC
0.4514211065118814
c=2
AUC
0.42938434467230613
c=3
AUC
0.3994880288201903
 Info start 
c=1
AUC
0.0
c=2
AUC
0.0
c=3
AUC
0.0
 Info start 
c=1
AUC
0.0
c=2
AUC
0.0
c=3
AUC
0.0
 Info start 
c=1
AUC
0.0
c=2
AUC
0.0
c=3
AUC
0.0
 Info start 
c=1
AUC
0.0
c=2
AUC
0.0
 Info start 
 Info start 
 Info start 
c=1
AUC
0.002059029010856278
c=2
AUC
0.7671151631378729
c=3
AUC
0.7589228711074613
 Info start 
c=1
AUC
0.042534644211970306
c=2
AUC
0.8516622832785006
c=3
AUC
0.84532724569837
 Info start 
c=1
AUC
0.042534644211970306
c=2
AUC
0.8516622832785006
c=3
AUC
0.84532724569837


==============

embedding size = 10
c=1
AUC
0.6746243393382814
c=2
AUC
0.7955271605765989
c=3
AUC
0.7874867266721471

