 Info start 
 train_time 18.949952840805054
0.8151750972762646,0.796415770609319,0.7191629955947136,0.7194637537239325,0.6930604982206405,0.6593625498007968,0.6540195341848234,0.6400570206699929,0.6366782006920415,0.6341627437794216,0.6347167325428195,0.6242017879948915,0.6212645486001888,0.6132800491853674,0.5963926670609107,0.5858294930875576,0.5855469865752642,0.5796695603472417,0.5799721835883171,0.5630026809651475,0.5491164241164241,0.5460390946502057,0.5447570332480819,0.5419518377693283,0.5390998239879305,0.5349937733499377,0.5309800049370526,0.5252131546894032,0.5147830233667143,0.5130579297245964,0.511463011108485,0.5109489051094891,0.5094958968347011,0.5087719298245614,0.5059205943812398,0.5018407731247124,0.5017237416685819,0.5011473152822395,0.5012611786287549,0.5013755158184319,0.49749886311959984,0.49693946950804807,0.49491984646647097,0.4948081264108352,0.4949221394719025,0.49492671927846676,0.49515438359251746,0.4949312908312683,0.4940409264672813,0.4942683749157114,0.49228015215931975,0.491953509164059,0.49206703910614524,0.4819435325016415,0.48205689277899344,0.48068950469125027,0.48080279232111695,0.48091603053435117
0.3800453514739229,0.5038548752834467,0.5922902494331066,0.6571428571428571,0.7065759637188208,0.7505668934240363,0.7895691609977324,0.8145124716553288,0.8344671201814059,0.8553287981859411,0.873922902494331,0.8866213151927438,0.8956916099773242,0.9047619047619048,0.9147392290249433,0.9224489795918367,0.9297052154195011,0.9387755102040817,0.9455782312925171,0.9523809523809523,0.9582766439909297,0.9628117913832199,0.9659863945578231,0.9696145124716553,0.9723356009070295,0.9741496598639455,0.9755102040816327,0.9777777777777777,0.9791383219954648,0.9800453514739229,0.98140589569161,0.9841269841269841,0.9854875283446712,0.9863945578231292,0.9882086167800453,0.9891156462585035,0.9900226757369615,0.9904761904761905,0.9913832199546485,0.9918367346938776,0.9922902494331066,0.9941043083900227,0.9941043083900227,0.9941043083900227,0.9945578231292517,0.9954648526077098,0.9963718820861678,0.9963718820861678,0.9963718820861678,0.9972789115646259,0.9977324263038548,0.9981859410430839,0.998639455782313,0.998639455782313,0.999092970521542,0.999092970521542,0.999546485260771,1.0
c=1
AUC
0.4298467892666471
1.0,0.8956043956043956,0.8693051081454211,0.7981796596755045,0.7872740963855421,0.7575544624033732,0.7203140333660452,0.7079898541534559,0.6915088576664631,0.6844951923076923,0.678391959798995,0.6749706916764361,0.6631368059530623,0.6588268631340323,0.6492890995260664,0.6310810810810811,0.6194760518655729,0.6176548089591568,0.6100285788516497,0.6093143596377749,0.5912738214643932,0.5763125763125763,0.5723285679670462,0.570359642770939,0.5668744007670182,0.5637791527843884,0.5593580363464715,0.5550351288056206,0.5487381338272749,0.5381298229686791,0.5361827227498869,0.5343545843658482,0.5331535176444144,0.5314669652855543,0.5305164319248826,0.5272161741835147,0.5229175848391362,0.5226772346983708,0.5219876868953386,0.5218729391074961,0.5178883071553229,0.5169786678276013,0.5149609713790113,0.5148493388250596,0.514626218851571,0.51440329218107,0.5136186770428015
0.00042087542087542086,0.686026936026936,0.79503367003367,0.8489057239057239,0.8800505050505051,0.9074074074074074,0.9267676767676768,0.9398148148148148,0.9528619528619529,0.9587542087542088,0.9659090909090909,0.9692760942760943,0.9751683501683501,0.9785353535353535,0.9802188552188552,0.9827441077441077,0.9852693602693603,0.9865319865319865,0.9882154882154882,0.9911616161616161,0.9924242424242424,0.9932659932659933,0.9941077441077442,0.9945286195286195,0.9953703703703703,0.9970538720538721,0.9974747474747475,0.9974747474747475,0.9974747474747475,0.997895622895623,0.997895622895623,0.9983164983164983,0.9983164983164983,0.9987373737373737,0.9987373737373737,0.9987373737373737,0.9987373737373737,0.9991582491582491,0.9991582491582491,0.9991582491582491,0.9991582491582491,0.9995791245791246,0.9995791245791246,0.9995791245791246,0.9995791245791246,0.9995791245791246,1.0
c=2
AUC
0.899756498934676
1.0,0.914298601714028,0.8844118844118845,0.8146802325581395,0.8015454864769933,0.7699233077692564,0.7308781869688386,0.716876729173071,0.6987772144348344,0.690903738592876,0.6835369400814427,0.6800346220427005,0.667232117613797,0.6622720897615708,0.6523901630284609,0.6339501206757844,0.6219768664563617,0.6199580932425354,0.6119441571871769,0.6105236007222079,0.5921941456092069,0.5772417153996101,0.5732591876208898,0.5713941728870696,0.5677033492822966,0.564297599239363,0.5598774163130599,0.5556594948550047,0.5493641618497109,0.5386533665835411,0.5367065733002033,0.5347738014854828,0.5335728722209746,0.5317815577439571,0.5308310991957105,0.5275310834813499,0.5233377366798767,0.522992299229923,0.5224077328646749,0.5223978919631094,0.5184135977337111,0.5173988690735102,0.5153812824956673,0.5152696556205328,0.5150465468716172,0.5151515151515151
0.0021008403361344537,0.8516806722689075,0.9130252100840336,0.9420168067226891,0.9588235294117647,0.9701680672268908,0.9756302521008403,0.9798319327731092,0.9844537815126051,0.9861344537815127,0.9873949579831933,0.9903361344537815,0.9915966386554622,0.9920168067226891,0.9920168067226891,0.9932773109243698,0.9941176470588236,0.9945378151260504,0.9945378151260504,0.9945378151260504,0.9945378151260504,0.9953781512605042,0.996218487394958,0.9970588235294118,0.9970588235294118,0.9974789915966387,0.9978991596638656,0.9983193277310924,0.9983193277310924,0.9983193277310924,0.9983193277310924,0.9983193277310924,0.9983193277310924,0.9983193277310924,0.9983193277310924,0.9983193277310924,0.9987394957983193,0.9987394957983193,0.9991596638655462,0.9995798319327731,0.9995798319327731,0.9995798319327731,0.9995798319327731,0.9995798319327731,0.9995798319327731,1.0
c=3
AUC
0.9356897131402693
 Info start 
#---------------------------#
 timing :: peru_export
 train_time 19.526702404022217
 test_time 0.1885664463043213
 test_time 0.17815709114074707
 test_time 0.17934274673461914
 Info start 
1.0,0.7650531286894924,0.6717651922281934,0.6676535899333826,0.6316661146074859,0.6048214830637778,0.6044086982424784,0.5974514914567043,0.5848476376852111,0.5623173000265745,0.5456176319835981,0.5298193516456323,0.5242387332521316,0.5161290322580645,0.5109489051094891,0.5074592074592075,0.503690036900369,0.5017197890392112,0.5009149130832571,0.49863574351978174,0.49671574178935446,0.49447825107054316,0.4923732615522656,0.48231934987920055,0.4805421950153039,0.48065573770491804,0.48055919615552645,0.4806726359467133,0.480462781052172,0.48057616761239635,0.48068950469125027,0.48080279232111695,0.48091603053435117
0.00045351473922902497,0.5877551020408164,0.7369614512471655,0.818140589569161,0.8648526077097506,0.8988662131519274,0.9201814058956916,0.9356009070294785,0.9487528344671202,0.9596371882086168,0.9655328798185941,0.9709750566893424,0.9759637188208616,0.9795918367346939,0.9841269841269841,0.9873015873015873,0.9904761904761905,0.9922902494331066,0.9931972789115646,0.9945578231292517,0.9945578231292517,0.9950113378684807,0.9954648526077098,0.9959183673469387,0.9968253968253968,0.9972789115646259,0.9977324263038548,0.9981859410430839,0.9981859410430839,0.998639455782313,0.999092970521542,0.999546485260771,1.0
c=1
AUC
0.7883519344739229
1.0,0.9571603427172583,0.877521613832853,0.8343145500420521,0.7686011904761905,0.743804537521815,0.7323896191439164,0.7291598023064251,0.722509702457956,0.7163705583756346,0.6978240882623353,0.6814528133373028,0.6777614138438881,0.6532918903645097,0.6514896008993817,0.645752359800111,0.6424242424242425,0.6407447973713034,0.6392146168530134,0.6362896663954435,0.6322024771136241,0.6291142627776292,0.6262303804203245,0.6171997902464604,0.6140625,0.609875904860393,0.5936635655016343,0.5914328657314629,0.586832298136646,0.579941147621383,0.5767543859649122,0.5692640692640693,0.5607388112716079,0.5554773633591368,0.5524965002333178,0.5494199535962877,0.5492696498956643,0.5483348751156337,0.5458726143941136,0.540386803185438,0.5397727272727273,0.5372087762949559,0.5334681042228212,0.5331088664421998,0.5314388006265384,0.5294248773963441,0.5281298643540138,0.5277777777777778,0.5246299977910316,0.5242825607064018,0.5240511915269197,0.522207563764292,0.5212906057945567,0.5190122377622378,0.5188988420362683,0.5185589519650655,0.518664047151277
0.00042087542087542086,0.6582491582491582,0.7689393939393939,0.835016835016835,0.8695286195286195,0.8968855218855218,0.9145622895622896,0.9313973063973064,0.9402356902356902,0.9503367003367004,0.9583333333333334,0.9633838383838383,0.9684343434343434,0.9730639730639731,0.9755892255892256,0.9789562289562289,0.9814814814814815,0.9848484848484849,0.9865319865319865,0.9873737373737373,0.9882154882154882,0.9894781144781145,0.9907407407407407,0.9907407407407407,0.9924242424242424,0.9928451178451179,0.9936868686868687,0.9936868686868687,0.9941077441077442,0.9953703703703703,0.9962121212121212,0.9962121212121212,0.9966329966329966,0.9966329966329966,0.9966329966329966,0.9966329966329966,0.9970538720538721,0.997895622895623,0.9991582491582491,0.9995791245791246,0.9995791245791246,0.9995791245791246,0.9995791245791246,0.9995791245791246,0.9995791245791246,0.9995791245791246,0.9995791245791246,0.9995791245791246,0.9995791245791246,0.9995791245791246,0.9995791245791246,0.9995791245791246,0.9995791245791246,0.9995791245791246,0.9995791245791246,0.9995791245791246,1.0
c=2
AUC
0.9215608390582968
1.0,0.9656862745098039,0.8932160804020101,0.8490421455938697,0.7846260387811634,0.756953642384106,0.743953563366656,0.7383831954169319,0.7308657465495608,0.72330547818013,0.7039039039039039,0.6870429950277859,0.6824383164005805,0.6576450892857143,0.6556512079977784,0.6496430532674354,0.6460321788928279,0.643575115457756,0.6418516513264754,0.6388365203339618,0.6346616742444504,0.6313829787234042,0.6283068783068783,0.6192959582790091,0.6157635467980296,0.6115830115830115,0.5951903807615231,0.5929623159470926,0.5882644218866055,0.5810711665443874,0.5776805251641138,0.5701943844492441,0.5616729678638941,0.5564138576779026,0.5534342258440047,0.5503588793702245,0.5502082369273484,0.5490648810898175,0.5462899150011487,0.540700318326512,0.5400863047921871,0.5375226039783002,0.5337822671156004,0.5334230596680125,0.5317531305903399,0.5297393628870573,0.5284444444444445,0.5280923828558739,0.5249448123620309,0.5245973968674167,0.5243660418963616,0.5225225225225225,0.5216056152665058,0.5193273640532867,0.5192139737991266,0.5188740999345407,0.5181956853344956,0.518082788671024,0.5162831089882761,0.5147186147186147,0.5146072278727548,0.5136069114470843,0.5125,0.5022175290390708,0.5002103491796382,0.5003154574132492,0.5001051082615093,0.5002101723413199
0.0004201680672268908,0.8277310924369747,0.896218487394958,0.9310924369747899,0.9521008403361344,0.9605042016806723,0.969327731092437,0.9747899159663865,0.9789915966386554,0.9819327731092437,0.984873949579832,0.9869747899159664,0.9878151260504202,0.9903361344537815,0.9920168067226891,0.9941176470588236,0.9953781512605042,0.9953781512605042,0.996218487394958,0.9966386554621849,0.9970588235294118,0.9974789915966387,0.9978991596638656,0.9978991596638656,0.9978991596638656,0.9983193277310924,0.9983193277310924,0.9983193277310924,0.9983193277310924,0.9983193277310924,0.9983193277310924,0.9983193277310924,0.9987394957983193,0.9987394957983193,0.9987394957983193,0.9987394957983193,0.9991596638655462,0.9991596638655462,0.9991596638655462,0.9991596638655462,0.9991596638655462,0.9991596638655462,0.9991596638655462,0.9991596638655462,0.9991596638655462,0.9991596638655462,0.9991596638655462,0.9991596638655462,0.9991596638655462,0.9991596638655462,0.9991596638655462,0.9991596638655462,0.9991596638655462,0.9991596638655462,0.9991596638655462,0.9991596638655462,0.9991596638655462,0.9991596638655462,0.9991596638655462,0.9991596638655462,0.9991596638655462,0.9991596638655462,0.9991596638655462,0.9991596638655462,0.9991596638655462,0.9995798319327731,0.9995798319327731,1.0
c=3
AUC
0.9585553893025264
