 Info start 
-------------------
{'learning_rate': 0.0005, 'use_pretrained': False, 'show_loss_figure': False, 'save_loss_figure': False, 'use_bias': True, 'saved_model_file': 'frozen_model_v1_212_1564515710.pb', 'num_epochs': 25, 'op_dims': 12, 'batchsize': 128, 'num_neg_samples': 15}
-------------------
-------------------
DIR china_export
 >> c = 1
1.0,1.0,1.0,0.8571428571428571,0.9,0.9333333333333333,0.9411764705882353,0.95,0.9545454545454546,0.9642857142857143,0.9354838709677419,0.95,0.9183673469387755,0.896551724137931,0.9117647058823529,0.9090909090909091,0.9213483146067416,0.9056603773584906,0.9016393442622951,0.8985507246376812,0.8987341772151899,0.907608695652174,0.8990825688073395,0.8991596638655462,0.9,0.9033333333333333,0.9003021148036254,0.900523560209424,0.8906976744186047,0.888646288209607,0.878727634194831,0.8722222222222222,0.8643478260869565,0.8625204582651391,0.8560490045941807,0.8491379310344828,0.8475033738191633,0.842985842985843,0.8268765133171913,0.8190255220417634,0.802863436123348,0.7943037974683544,0.7780020181634713,0.7638483965014577,0.7516339869281046,0.736322869955157,0.724762726488352,0.707641196013289,0.6948207171314741,0.6714939024390244,0.6526468455402465,0.6340277777777777,0.6248322147651006,0.6103896103896104,0.5929868503443957,0.5789473684210527,0.5693215339233039,0.5556831228473019,0.5447928331466966,0.5324604473540644,0.527448869752422,0.5211193241816262,0.5167189132706375,0.511340206185567,0.5079202861522739,0.5032911392405063,0.5015120967741935,0.5015090543259557,0.5015075376884423,0.5005015045135406,0.5002503755633451,0.5,0.49974987493746875,0.5
0.001,0.003,0.004,0.006,0.009,0.014,0.016,0.019,0.021,0.027,0.029,0.038,0.045,0.052,0.062,0.07,0.082,0.096,0.11,0.124,0.142,0.167,0.196,0.214,0.243,0.271,0.298,0.344,0.383,0.407,0.442,0.471,0.497,0.527,0.559,0.591,0.628,0.655,0.683,0.706,0.729,0.753,0.771,0.786,0.805,0.821,0.84,0.852,0.872,0.881,0.9,0.913,0.931,0.94,0.947,0.957,0.965,0.968,0.973,0.976,0.98,0.987,0.989,0.992,0.994,0.994,0.995,0.997,0.998,0.998,0.999,0.999,0.999,1.0
AUC
0.8271120449566842
 >> c = 2
1.0,1.0,1.0,1.0,1.0,1.0,1.0,1.0,1.0,1.0,1.0,1.0,1.0,1.0,1.0,1.0,1.0,0.994535519125683,0.9953917050691244,0.9959349593495935,0.9963235294117647,0.9966442953020134,0.996969696969697,0.9916666666666667,0.9894736842105263,0.9808612440191388,0.9803063457330415,0.9752577319587629,0.9733333333333334,0.9712746858168761,0.9677966101694915,0.9612277867528272,0.9612403100775194,0.9558173784977909,0.9559032716927454,0.9478021978021978,0.9471598414795245,0.940279542566709,0.9348894348894349,0.9285714285714286,0.9158016147635525,0.9075723830734966,0.9025974025974026,0.8915537017726799,0.884102564102564,0.8705533596837944,0.8617021276595744,0.8522727272727273,0.8421541318477251,0.8219424460431655,0.8054338299737073,0.7892948173322005,0.7740066225165563,0.7596774193548387,0.7464678178963893,0.7285171102661597,0.7115384615384616,0.6912080057183703,0.6766342141863699,0.6599053414469236,0.6476443264764432,0.6330097087378641,0.6188369152970923,0.6030581039755352,0.5898507462686567,0.5744927536231884,0.5588732394366197,0.5485651214128036,0.5368874528809908,0.5272342675832893,0.5197916666666667,0.5131105398457584,0.5083969465648855,0.5053110773899848,0.5032745591939547,0.502262443438914,0.5007518796992482,0.500501002004008,0.5005005005005005
0.001,0.003,0.005,0.01,0.014,0.023,0.028,0.032,0.04,0.049,0.057,0.073,0.092,0.1,0.122,0.143,0.165,0.182,0.216,0.245,0.271,0.297,0.329,0.357,0.376,0.41,0.448,0.473,0.511,0.541,0.571,0.595,0.62,0.649,0.672,0.69,0.717,0.74,0.761,0.78,0.794,0.815,0.834,0.855,0.862,0.881,0.891,0.9,0.907,0.914,0.919,0.929,0.935,0.942,0.951,0.958,0.962,0.967,0.973,0.976,0.976,0.978,0.979,0.986,0.988,0.991,0.992,0.994,0.997,0.997,0.998,0.998,0.999,0.999,0.999,0.999,0.999,0.999,1.0
AUC
0.9428784793004296
 >> c = 3
1.0,1.0,1.0,1.0,1.0,1.0,1.0,1.0,1.0,1.0,1.0,1.0,1.0,1.0,1.0,0.9963636363636363,0.9968152866242038,0.9970845481049563,0.9973333333333333,0.9974619289340102,0.9953161592505855,0.9956709956709957,0.9959595959595959,0.9942857142857143,0.9945750452079566,0.9931506849315068,0.9900497512437811,0.9875,0.9880597014925373,0.9829545454545454,0.9795361527967258,0.9774535809018567,0.9756410256410256,0.9762796504369539,0.9720873786407767,0.9682352941176471,0.9686046511627907,0.9638009049773756,0.9591611479028698,0.9535637149028078,0.9523305084745762,0.9478079331941545,0.9463364293085655,0.9400406504065041,0.933933933933934,0.9280788177339901,0.9194174757281554,0.9033175355450237,0.8913649025069638,0.8782924613987284,0.8688230008984726,0.8532513181019332,0.8344768439108061,0.8179530201342282,0.7983673469387755,0.78060413354531,0.7572964669738863,0.7434161023325809,0.7298892988929889,0.7151120751988431,0.7002820874471086,0.6845360824742268,0.672972972972973,0.6582947785855915,0.6376440460947503,0.6279949558638083,0.6129230769230769,0.5955794504181601,0.5816802800466745,0.5674445076835515,0.5538290788013318,0.5444626295690126,0.5359442060085837,0.5249605885444035,0.5173485240807871,0.513083632632119
0.001,0.004,0.008,0.014,0.021,0.035,0.047,0.058,0.077,0.103,0.125,0.154,0.183,0.216,0.243,0.274,0.313,0.342,0.374,0.393,0.425,0.46,0.493,0.522,0.55,0.58,0.597,0.632,0.662,0.692,0.718,0.737,0.761,0.782,0.801,0.823,0.833,0.852,0.869,0.883,0.899,0.908,0.917,0.925,0.933,0.942,0.947,0.953,0.96,0.967,0.967,0.971,0.973,0.975,0.978,0.982,0.986,0.988,0.989,0.989,0.993,0.996,0.996,0.996,0.996,0.996,0.996,0.997,0.997,0.997,0.998,0.998,0.999,0.999,0.999,1.0
AUC
0.9771311400072655
-------------------
 Info start 
-------------------
{'learning_rate': 0.0005, 'use_pretrained': False, 'show_loss_figure': False, 'save_loss_figure': False, 'use_bias': True, 'saved_model_file': 'frozen_model_v1_212_1564515710.pb', 'num_epochs': 25, 'op_dims': 12, 'batchsize': 128, 'num_neg_samples': 15}
-------------------
-------------------
DIR china_export
 >> c = 1
1.0,1.0,1.0,0.8571428571428571,0.9,0.9333333333333333,0.9411764705882353,0.95,0.9545454545454546,0.9642857142857143,0.9354838709677419,0.95,0.9183673469387755,0.896551724137931,0.9117647058823529,0.9090909090909091,0.9213483146067416,0.9056603773584906,0.9016393442622951,0.8985507246376812,0.8987341772151899,0.907608695652174,0.8990825688073395,0.8991596638655462,0.9,0.9033333333333333,0.9003021148036254,0.900523560209424,0.8906976744186047,0.888646288209607,0.878727634194831,0.8722222222222222,0.8643478260869565,0.8625204582651391,0.8560490045941807,0.8491379310344828,0.8475033738191633,0.842985842985843,0.8268765133171913,0.8190255220417634,0.802863436123348,0.7943037974683544,0.7780020181634713,0.7638483965014577,0.7516339869281046,0.736322869955157,0.724762726488352,0.707641196013289,0.6948207171314741,0.6714939024390244,0.6526468455402465,0.6340277777777777,0.6248322147651006,0.6103896103896104,0.5929868503443957,0.5789473684210527,0.5693215339233039,0.5556831228473019,0.5447928331466966,0.5324604473540644,0.527448869752422,0.5211193241816262,0.5167189132706375,0.511340206185567,0.5079202861522739,0.5032911392405063,0.5015120967741935,0.5015090543259557,0.5015075376884423,0.5005015045135406,0.5002503755633451,0.5,0.49974987493746875,0.5
0.001,0.003,0.004,0.006,0.009,0.014,0.016,0.019,0.021,0.027,0.029,0.038,0.045,0.052,0.062,0.07,0.082,0.096,0.11,0.124,0.142,0.167,0.196,0.214,0.243,0.271,0.298,0.344,0.383,0.407,0.442,0.471,0.497,0.527,0.559,0.591,0.628,0.655,0.683,0.706,0.729,0.753,0.771,0.786,0.805,0.821,0.84,0.852,0.872,0.881,0.9,0.913,0.931,0.94,0.947,0.957,0.965,0.968,0.973,0.976,0.98,0.987,0.989,0.992,0.994,0.994,0.995,0.997,0.998,0.998,0.999,0.999,0.999,1.0
AUC
0.8271120449566842
 >> c = 2
1.0,1.0,1.0,1.0,1.0,1.0,1.0,1.0,1.0,1.0,1.0,1.0,1.0,1.0,1.0,1.0,1.0,0.994535519125683,0.9953917050691244,0.9959349593495935,0.9963235294117647,0.9966442953020134,0.996969696969697,0.9916666666666667,0.9894736842105263,0.9808612440191388,0.9803063457330415,0.9752577319587629,0.9733333333333334,0.9712746858168761,0.9677966101694915,0.9612277867528272,0.9612403100775194,0.9558173784977909,0.9559032716927454,0.9478021978021978,0.9471598414795245,0.940279542566709,0.9348894348894349,0.9285714285714286,0.9158016147635525,0.9075723830734966,0.9025974025974026,0.8915537017726799,0.884102564102564,0.8705533596837944,0.8617021276595744,0.8522727272727273,0.8421541318477251,0.8219424460431655,0.8054338299737073,0.7892948173322005,0.7740066225165563,0.7596774193548387,0.7464678178963893,0.7285171102661597,0.7115384615384616,0.6912080057183703,0.6766342141863699,0.6599053414469236,0.6476443264764432,0.6330097087378641,0.6188369152970923,0.6030581039755352,0.5898507462686567,0.5744927536231884,0.5588732394366197,0.5485651214128036,0.5368874528809908,0.5272342675832893,0.5197916666666667,0.5131105398457584,0.5083969465648855,0.5053110773899848,0.5032745591939547,0.502262443438914,0.5007518796992482,0.500501002004008,0.5005005005005005
0.001,0.003,0.005,0.01,0.014,0.023,0.028,0.032,0.04,0.049,0.057,0.073,0.092,0.1,0.122,0.143,0.165,0.182,0.216,0.245,0.271,0.297,0.329,0.357,0.376,0.41,0.448,0.473,0.511,0.541,0.571,0.595,0.62,0.649,0.672,0.69,0.717,0.74,0.761,0.78,0.794,0.815,0.834,0.855,0.862,0.881,0.891,0.9,0.907,0.914,0.919,0.929,0.935,0.942,0.951,0.958,0.962,0.967,0.973,0.976,0.976,0.978,0.979,0.986,0.988,0.991,0.992,0.994,0.997,0.997,0.998,0.998,0.999,0.999,0.999,0.999,0.999,0.999,1.0
AUC
0.9428784793004296
 >> c = 3
1.0,1.0,1.0,1.0,1.0,1.0,1.0,1.0,1.0,1.0,1.0,1.0,1.0,1.0,1.0,0.9963636363636363,0.9968152866242038,0.9970845481049563,0.9973333333333333,0.9974619289340102,0.9953161592505855,0.9956709956709957,0.9959595959595959,0.9942857142857143,0.9945750452079566,0.9931506849315068,0.9900497512437811,0.9875,0.9880597014925373,0.9829545454545454,0.9795361527967258,0.9774535809018567,0.9756410256410256,0.9762796504369539,0.9720873786407767,0.9682352941176471,0.9686046511627907,0.9638009049773756,0.9591611479028698,0.9535637149028078,0.9523305084745762,0.9478079331941545,0.9463364293085655,0.9400406504065041,0.933933933933934,0.9280788177339901,0.9194174757281554,0.9033175355450237,0.8913649025069638,0.8782924613987284,0.8688230008984726,0.8532513181019332,0.8344768439108061,0.8179530201342282,0.7983673469387755,0.78060413354531,0.7572964669738863,0.7434161023325809,0.7298892988929889,0.7151120751988431,0.7002820874471086,0.6845360824742268,0.672972972972973,0.6582947785855915,0.6376440460947503,0.6279949558638083,0.6129230769230769,0.5955794504181601,0.5816802800466745,0.5674445076835515,0.5538290788013318,0.5444626295690126,0.5359442060085837,0.5249605885444035,0.5173485240807871,0.513083632632119
0.001,0.004,0.008,0.014,0.021,0.035,0.047,0.058,0.077,0.103,0.125,0.154,0.183,0.216,0.243,0.274,0.313,0.342,0.374,0.393,0.425,0.46,0.493,0.522,0.55,0.58,0.597,0.632,0.662,0.692,0.718,0.737,0.761,0.782,0.801,0.823,0.833,0.852,0.869,0.883,0.899,0.908,0.917,0.925,0.933,0.942,0.947,0.953,0.96,0.967,0.967,0.971,0.973,0.975,0.978,0.982,0.986,0.988,0.989,0.989,0.993,0.996,0.996,0.996,0.996,0.996,0.996,0.997,0.997,0.997,0.998,0.998,0.999,0.999,0.999,1.0
AUC
0.9771311400072655
-------------------
