 Info start 
-------------------
{'learning_rate': 0.0005, 'use_pretrained': True, 'show_loss_figure': False, 'save_loss_figure': False, 'use_bias': True, 'saved_model_file': 'frozen_model_v1_212_1564515710.pb', 'num_epochs': 25, 'op_dims': 12, 'batchsize': 128, 'num_neg_samples': 15}
-------------------
-------------------
DIR china_export
 >> c = 1
 Info start 
-------------------
{'learning_rate': 0.0005, 'use_pretrained': True, 'show_loss_figure': False, 'save_loss_figure': False, 'use_bias': True, 'saved_model_file': 'frozen_model_v1_212_1564515710.pb', 'num_epochs': 25, 'op_dims': 12, 'batchsize': 128, 'num_neg_samples': 15}
-------------------
-------------------
DIR china_export
 >> c = 1
 Info start 
-------------------
{'learning_rate': 0.0005, 'use_pretrained': True, 'show_loss_figure': False, 'save_loss_figure': False, 'use_bias': True, 'saved_model_file': 'frozen_model_v1_212_1564515710.pb', 'num_epochs': 25, 'op_dims': 12, 'batchsize': 128, 'num_neg_samples': 15}
-------------------
-------------------
DIR china_export
 >> c = 1
 Info start 
-------------------
{'learning_rate': 0.0005, 'use_pretrained': True, 'show_loss_figure': False, 'save_loss_figure': False, 'use_bias': True, 'saved_model_file': 'frozen_model_v1_212_1564515710.pb', 'num_epochs': 25, 'op_dims': 12, 'batchsize': 128, 'num_neg_samples': 15}
-------------------
-------------------
DIR china_export
 >> c = 1
1.0,1.0,1.0,1.0,1.0,1.0,1.0,1.0,1.0,1.0,0.967741935483871,0.9493670886075949,0.9481865284974094,0.9551020408163265,0.9546925566343042,0.9525,0.9474747474747475,0.9367720465890182,0.9315436241610738,0.9262114537444934,0.9289520426287744,0.9181034482758621,0.9086538461538461,0.9062964799206743,0.9051124744376278,0.9024644220756681,0.9001168224299065,0.9003754693366708,0.9016253207869974,0.9052727272727272,0.9027712541099108,0.9034733441033925,0.9026072723021162,0.9016309887869521,0.8991423977130606,0.897894570207377,0.8953480188612851,0.8938925030000632,0.8919120174132203,0.8869701726844584,0.8835035652341492,0.8770210681038707,0.8700356521018158,0.8622409526755336,0.8537884552668769,0.8444838885854724,0.8342306328379381,0.8236067780020799,0.8123801220575414,0.7987138441156988,0.7839930473255906,0.7693915583761458,0.7542885973763875,0.7398216630953204,0.725341057333009,0.7114999360641064,0.6970001641497046,0.6817894528935414,0.6650835866261399,0.6491465578749017,0.634358820307116,0.6198166515868003,0.6052913895261516,0.591553800150311,0.577672761078401,0.5645556675138736,0.5525676664228237,0.5419206555411212,0.5318739274203675,0.5238023521680198,0.5169481245872475,0.5116124309576097,0.5079310663097797,0.5049617720988688,0.5028657027484694,0.5017983976731202,0.5010557131569062,0.5004461341505994,0.500090425257066,0.4999419077495062,0.4997935483870968,0.4997935963260146,0.4998129683852077,0.4998194247388108,0.4998194526837069,0.4998323618919895,0.49983881990380774,0.4998646191931304
2.5793804328200366e-05,5.158760865640073e-05,0.00018055663029740255,0.0003095256519384044,0.0005674636952204081,0.0007222265211896102,0.001057545977456215,0.0014960406510356212,0.0020635043462560294,0.002605174237148237,0.003095256519384044,0.0038690706492300548,0.004720266192060667,0.006035750212798886,0.007609172276819108,0.00982743944904434,0.012097294229925972,0.014521911836776806,0.017900900203771053,0.021692589440016508,0.026980319327297584,0.03296448193144007,0.03900023214423896,0.04715107431195027,0.05708168897830741,0.06706389125332095,0.07949650493951353,0.09278031416853671,0.10874667904769274,0.12842735175010964,0.14872707575640332,0.17310222084655266,0.19912816941370684,0.22814619928293223,0.25961464056333666,0.29260491629910496,0.32814877866336506,0.3650597126570198,0.4016353271944079,0.43720498336299624,0.47300678377053834,0.5078800072222652,0.5413345714359411,0.5752276303231963,0.6077536175810571,0.638138719079677,0.6674662746008408,0.6945497691454513,0.721040006190513,0.7464469034537904,0.7678557610461967,0.7880265160308494,0.8097964868838505,0.8282132631741855,0.8461657509866131,0.8611261574969692,0.8761897392246383,0.8903763316051484,0.9030410895302948,0.9152415589775336,0.9259717815780649,0.9364956537439707,0.9459619799324203,0.9542159973174443,0.9616704067682943,0.9682736206763135,0.9741804018674715,0.9791586061028141,0.9832856147953262,0.9868193659882896,0.9893471588124533,0.991513838376022,0.9936289303309345,0.9948928267430164,0.9957698160901751,0.9968015682633031,0.9977301452191184,0.9982202275013542,0.9985555469576208,0.9989166602182156,0.9990972168485129,0.9993293610874668,0.999484123913436,0.9995357115220924,0.9996904743480616,0.9997936495653744,0.9998710309783589,1.0
AUC
0.8313279431841026
 >> c = 2
1.0,1.0,1.0,1.0,1.0,1.0,1.0,1.0,1.0,1.0,1.0,1.0,1.0,1.0,1.0,0.997291807718348,0.9957559681697613,0.9958176495190297,0.996252129471891,0.9961154273029966,0.9956170703575548,0.9949109414758269,0.9936729936729937,0.9926850258175559,0.9916945580761125,0.9912174772203315,0.9889169745284854,0.9867572747865482,0.9851694915254238,0.9834557512657777,0.981641186462825,0.9794273339749759,0.9777628785339144,0.9760591235557406,0.9745779252464136,0.9715385673037261,0.9689945945945946,0.965947183386477,0.9625678820791311,0.958339483394834,0.9544362814354337,0.9495282058244519,0.9449577354039709,0.9402583423035522,0.9338519017578245,0.9282449997032465,0.9204781105990784,0.912216839806233,0.9030370652588037,0.8932228955516156,0.8827254240778398,0.870988784906039,0.8589251204775068,0.8460731486338277,0.830753521617043,0.8149159426830644,0.7989505115707197,0.7818472696245734,0.7658378781909048,0.7493644324280699,0.7338379866299646,0.717361762397841,0.7002716178002679,0.6818608344160532,0.6641272176395383,0.6476818034768691,0.6314134392585237,0.6153103736709187,0.6001221096795404,0.584965130797576,0.5705683436165164,0.5575200752369239,0.5459073927318012,0.5350719175234875,0.5263573597701307,0.5190741361959074,0.5132966377080709,0.5091478251719739,0.5059449148113306,0.5036802954640033,0.5024380122419339,0.5014948166746477,0.5007818254655415,0.5003873066694209,0.5002257860580335,0.5000451385754265,0.49999355246360366,0.5,0.5000128932439402,0.4999871080858086,0.4999871087505801,0.49997421816588034,0.49997421883056614,0.49999355495688264
5.1561009564567274e-05,7.734151434685091e-05,0.00012890252391141818,0.00015468302869370182,0.00030936605738740363,0.0006187321147748073,0.001005439686509062,0.0017272938204130038,0.0028358555260512,0.00482095439428704,0.007192760834257135,0.010363762922478021,0.015262058831111914,0.021294696950166284,0.028100750212689166,0.0379746835443038,0.048390007476346385,0.06138338188661734,0.07538219598339735,0.09255201216839826,0.11126865864033618,0.13104230580834772,0.15385805254066875,0.17842687359818504,0.2062440382582691,0.23277217767923897,0.26223929464538914,0.2919899971641445,0.32367423754157104,0.35553894145247367,0.38735208435381163,0.41975817886514216,0.4511588336899636,0.48348758668694736,0.5149140220165511,0.5464951403748486,0.5776895511614117,0.6091675475005801,0.6397432261723685,0.6695454897006884,0.6966408002268685,0.7212096212843847,0.7435613189306247,0.7656552115290417,0.7861507128309573,0.8064141895898321,0.8239191523370027,0.8398772847972363,0.8554744901905179,0.8701951584212019,0.8840908504988527,0.8949702235169764,0.9052050839155431,0.9148469927041172,0.9228905101961896,0.931011369202609,0.9381267885225193,0.9449328417850421,0.952099822114517,0.9574879476140142,0.9622057799891722,0.9662533192399907,0.9704039805099384,0.9741421537033695,0.9776225218489778,0.9806646214132873,0.9835262574441208,0.9861558689319136,0.988269870324061,0.9904096522209905,0.9917760189744516,0.9934001907757354,0.9945087524813736,0.9954884116631003,0.9964680708448271,0.9972930469978603,0.9977055350743768,0.9979633401221996,0.9982984866843693,0.9985047307226276,0.9988398772847973,0.9989687798087087,0.9990461213230555,0.9992265848565315,0.9995359509139189,0.9995875119234835,0.9996132924282658,0.9997164144473949,0.9997937559617417,0.9998453169713063,0.9998968779808709,0.9998968779808709,0.9999226584856532,1.0
AUC
0.9464700069437177
 >> c = 3
1.0,1.0,1.0,1.0,1.0,1.0,1.0,1.0,1.0,1.0,1.0,1.0,1.0,1.0,1.0,1.0,1.0,1.0,0.9994804520067542,0.9990971673626001,0.9990094105993066,0.9990330520393812,0.9988990248505819,0.9986460485997292,0.9983122362869198,0.9977409190892337,0.9972013389672392,0.9965635738831615,0.9961545856566045,0.994841628959276,0.993487295942414,0.9923111346161669,0.9909976329983314,0.9895375679499591,0.9877634262406526,0.9862592784394959,0.9846395298360436,0.983142977319054,0.9804980686493107,0.97808009782941,0.9751172446754488,0.9717869255057888,0.9676856145171446,0.9637660805572721,0.9590007995809093,0.9544764795144158,0.9496531483457844,0.9433011339773204,0.9374741414977245,0.9297222999974546,0.9214895695074002,0.9122132702589499,0.9021913026615601,0.8914048720026696,0.8795897339827651,0.867309373705766,0.8542071270493654,0.8387859763915293,0.8226709618835535,0.8063567924209102,0.7888902650483032,0.7722422799975797,0.7553472249576555,0.7394024563970277,0.7225604028106565,0.7049807727522431,0.6861090339351209,0.667947918830944,0.6510741627601093,0.6343425719164587,0.6178247251342368,0.602264056928419,0.5867333788188916,0.5721104822143733,0.5587331361373639,0.5469204484482223,0.53590793404891,0.5269950497742479,0.5195640809104436,0.51373520798272,0.5095542238343058,0.5062868035879826,0.5039899147431899,0.5026701923575465,0.5017076326002587,0.5009817345699744,0.5005420613819984,0.5003095975232198,0.5001225000322369,0.5000709119273862,0.500051570316126,0.5000515689864116,0.5000128912494199,0.5000064453754431,0.49999355479072405,0.49999355495688264
2.5779840164990976e-05,5.155968032998195e-05,0.00015467904098994585,0.0003609177623098737,0.000979633926269657,0.002397525135344161,0.004691930910028358,0.008404227893787058,0.013018819283320443,0.019953596287703015,0.029182779066769787,0.041350863624645524,0.05524619747357566,0.07308584686774942,0.09298788347512245,0.11647331786542924,0.14207269914926526,0.1679814385150812,0.19837587006960558,0.22822892498066513,0.259989688063934,0.29298788347512245,0.3274555297757154,0.36127868007218356,0.39646816189739625,0.43266305748904355,0.46847125547821605,0.5009022944057747,0.534261407579273,0.5667955658674916,0.5977571539056458,0.6288218613044599,0.6583913379737045,0.6851508120649652,0.7117040474349059,0.7364526939932973,0.7601701469450889,0.7833462232534159,0.8048981696313483,0.8247744263985564,0.8415571023459655,0.8568961072441351,0.8715906161381799,0.8845578757411704,0.8966744006187162,0.9080690899716422,0.9175818509925239,0.9264243361691158,0.9346223253415828,0.9416344418664604,0.9485949987110079,0.954472802268626,0.9594998711007992,0.9641144624903326,0.9683423562773911,0.9717710750193349,0.9751482340809488,0.9782160350605826,0.9809486981180716,0.9830110853312709,0.9852281515854602,0.9870327403970095,0.988708430007734,0.9901778808971384,0.991466872905388,0.9924980665119876,0.9934519205980923,0.9945346738850219,0.9953596287703016,0.9959783449342614,0.9966744006187161,0.997112657901521,0.9976282547048209,0.9980149523072956,0.9982727507089456,0.9985563289507605,0.9988141273524104,0.9989945862335654,0.9992266047950503,0.9994328435163702,0.9995617427171951,0.9996390822376902,0.9997164217581851,0.9997422015983501,0.99979376127868,0.9998195411188451,0.9998195411188451,0.99984532095901,0.9998711007991751,0.99989688063934,0.99989688063934,0.9999226604795051,0.9999226604795051,0.99994844031967,0.99994844031967,0.9999742201598351
AUC
0.9818365769601309
-------------------
