 Info start 
-------------------
{'learning_rate': 0.0005, 'use_pretrained': False, 'show_loss_figure': False, 'save_loss_figure': False, 'use_bias': True, 'saved_model_file': 'frozen_model_v1_212_1564515710.pb', 'num_epochs': 25, 'op_dims': 12, 'batchsize': 128, 'num_neg_samples': 15}
-------------------
-------------------
DIR china_export
Model embedding dimension: 2
 >> c = 2
 >> c = 3
Avg AUC
0.8307379385188673
Model embedding dimension: 4
 >> c = 2
 >> c = 3
Avg AUC
0.9014306874537779
Model embedding dimension: 6
 >> c = 2
 >> c = 3
Avg AUC
0.9487611028685816
Model embedding dimension: 8
 >> c = 2
 >> c = 3
Avg AUC
0.960471072163368
Model embedding dimension: 10
 >> c = 2
 >> c = 3
Avg AUC
0.9617792575638655
Model embedding dimension: 12
 >> c = 2
 >> c = 3
Avg AUC
0.9625850963032997
Model embedding dimension: 14
 >> c = 2
 >> c = 3
Avg AUC
0.9649414350694803
Model embedding dimension: 16
 >> c = 2
 >> c = 3
Avg AUC
0.9653094322933804
Model embedding dimension: 18
 >> c = 2
 >> c = 3
Avg AUC
0.9652830713560907
Model embedding dimension: 20
 >> c = 2
 >> c = 3
Avg AUC
0.9663116416778823
-------------------
 Info start 
-------------------
{'learning_rate': 0.0005, 'use_pretrained': False, 'show_loss_figure': False, 'save_loss_figure': False, 'use_bias': True, 'saved_model_file': 'frozen_model_v1_212_1566006965.pb', 'num_epochs': 25, 'op_dims': 12, 'batchsize': 64, 'num_neg_samples': 15}
-------------------
-------------------
DIR peru_export2
Model embedding dimension: 2
 >> c = 2
 >> c = 3
Avg AUC
0.8124797086223623
Model embedding dimension: 4
 >> c = 2
 >> c = 3
Avg AUC
0.9052750303979632
Model embedding dimension: 6
 >> c = 2
 >> c = 3
Avg AUC
0.9238556533964744
Model embedding dimension: 8
 >> c = 2
 >> c = 3
Avg AUC
0.9231476070189963
Model embedding dimension: 10
 >> c = 2
 >> c = 3
Avg AUC
0.9115223027395712
Model embedding dimension: 12
 >> c = 2
 >> c = 3
Avg AUC
0.922724532910848
Model embedding dimension: 14
 >> c = 2
 >> c = 3
Avg AUC
0.9228187225461479
Model embedding dimension: 16
 >> c = 2
 >> c = 3
Avg AUC
0.9180788945131633
Model embedding dimension: 18
 >> c = 2
 >> c = 3
Avg AUC
0.9180231847275127
Model embedding dimension: 20
 >> c = 2
 >> c = 3
Avg AUC
0.9178258981840824
-------------------
 Info start 
-------------------
{'learning_rate': 0.0005, 'use_pretrained': False, 'show_loss_figure': False, 'save_loss_figure': False, 'use_bias': True, 'saved_model_file': 'frozen_model_v1_212_1565737663.pb', 'num_epochs': 25, 'op_dims': 12, 'batchsize': 128, 'num_neg_samples': 15}
-------------------
-------------------
DIR us_import3
Model embedding dimension: 2
 >> c = 2
 >> c = 3
Avg AUC
0.8977946890469785
Model embedding dimension: 4
 >> c = 2
 >> c = 3
Avg AUC
0.9570519815501073
Model embedding dimension: 6
 >> c = 2
 >> c = 3
Avg AUC
0.9747919269666845
Model embedding dimension: 8
 >> c = 2
 >> c = 3
Avg AUC
0.9757553491577717
Model embedding dimension: 10
 >> c = 2
 >> c = 3
Avg AUC
0.9807671714631132
Model embedding dimension: 12
 >> c = 2
 >> c = 3
Avg AUC
0.9820735655920945
Model embedding dimension: 14
 >> c = 2
 >> c = 3
Avg AUC
0.9823006588754283
Model embedding dimension: 16
 >> c = 2
 >> c = 3
Avg AUC
0.9828549405688498
Model embedding dimension: 18
 >> c = 2
 >> c = 3
Avg AUC
0.9830779196286661
Model embedding dimension: 20
 >> c = 2
 >> c = 3
Avg AUC
0.9829059104306865
-------------------
 Info start 
-------------------
{'learning_rate': 0.0005, 'use_pretrained': True, 'show_loss_figure': False, 'save_loss_figure': False, 'use_bias': True, 'saved_model_file': 'frozen_model_v1_214_1566057286.pb', 'num_epochs': 25, 'op_dims': 14, 'batchsize': 128, 'num_neg_samples': 15}
-------------------
-------------------
DIR us_import2
Model embedding dimension: 2
 >> c = 2
