 Info start 
-------------------
{'learning_rate': 0.0005, 'use_pretrained': False, 'show_loss_figure': False, 'save_loss_figure': False, 'use_bias': True, 'saved_model_file': 'frozen_model_v1_212_1563826937.pb', 'num_epochs': 25, 'op_dims': 12, 'batchsize': 128, 'num_neg_samples': 15}
-------------------
-------------------
DIR china_export
Model embedding dimension: 2
 >> c = 1
 >> c = 2
 >> c = 3
Avg AUC
0.8106983803855895
Model embedding dimension: 4
 >> c = 1
 >> c = 2
 >> c = 3
Avg AUC
0.8388803268787773
Model embedding dimension: 6
 >> c = 1
 >> c = 2
 >> c = 3
Avg AUC
0.8968212352878049
Model embedding dimension: 10
 >> c = 1
 >> c = 2
 >> c = 3
Avg AUC
0.9138578169036974
Model embedding dimension: 12
 >> c = 1
 >> c = 2
 >> c = 3
Avg AUC
0.9182552769202981
Model embedding dimension: 15
 >> c = 1
 >> c = 2
 >> c = 3
Avg AUC
0.9213373189530469
Model embedding dimension: 20
 >> c = 1
 >> c = 2
 >> c = 3
Avg AUC
0.9214542287719484
Model embedding dimension: 25
