 Info start 
-------------------
{'learning_rate': 0.0005, 'use_pretrained': False, 'show_loss_figure': False, 'save_loss_figure': False, 'use_bias': True, 'saved_model_file': 'frozen_model_v1_212_1564515710.pb', 'num_epochs': 25, 'op_dims': 12, 'batchsize': 128, 'num_neg_samples': 15}
-------------------
-------------------
DIR china_export
Model embedding dimension: 2
 >> c = 1
 >> c = 2
 >> c = 3
Avg AUC
0.823801306210319
Model embedding dimension: 4
 >> c = 1
 >> c = 2
 >> c = 3
Avg AUC
0.863002205569375
Model embedding dimension: 6
 >> c = 1
 >> c = 2
 >> c = 3
Avg AUC
0.9031373527937672
Model embedding dimension: 8
 >> c = 1
 >> c = 2
 >> c = 3
Avg AUC
0.9154257338799726
Model embedding dimension: 10
 >> c = 1
 >> c = 2
 >> c = 3
Avg AUC
0.9193548414737033
Model embedding dimension: 12
 >> c = 1
 >> c = 2
 >> c = 3
Avg AUC
0.9181815937503671
Model embedding dimension: 14
 >> c = 1
 >> c = 2
 >> c = 3
Avg AUC
0.9202948595882643
Model embedding dimension: 16
 >> c = 1
 >> c = 2
 >> c = 3
Avg AUC
0.9218720090815382
Model embedding dimension: 18
 >> c = 1
 >> c = 2
 >> c = 3
Avg AUC
0.9228767664437448
Model embedding dimension: 20
 >> c = 1
 >> c = 2
 >> c = 3
Avg AUC
0.9223986442853214
-------------------
 Info start 
-------------------
{'learning_rate': 0.001, 'use_pretrained': False, 'show_loss_figure': False, 'save_loss_figure': False, 'use_bias': True, 'saved_model_file': False, 'num_epochs': 10, 'op_dims': 12, 'batchsize': 128, 'num_neg_samples': 15}
-------------------
-------------------
DIR china_import
Model embedding dimension: 2
 >> c = 1
 >> c = 2
 >> c = 3
Avg AUC
0.8362305010846711
Model embedding dimension: 4
 >> c = 1
 >> c = 2
 >> c = 3
Avg AUC
0.8857249676233668
Model embedding dimension: 6
 >> c = 1
 >> c = 2
 >> c = 3
Avg AUC
0.9135765817980296
Model embedding dimension: 8
 >> c = 1
 >> c = 2
 >> c = 3
Avg AUC
0.9194966900786978
Model embedding dimension: 10
 >> c = 1
 >> c = 2
 >> c = 3
Avg AUC
0.921680214588786
Model embedding dimension: 12
 >> c = 1
 >> c = 2
 >> c = 3
Avg AUC
0.9229316864695493
Model embedding dimension: 14
 >> c = 1
 >> c = 2
 >> c = 3
Avg AUC
0.9245456577274069
Model embedding dimension: 16
 >> c = 1
 >> c = 2
 >> c = 3
Avg AUC
0.9260912352432232
Model embedding dimension: 18
 >> c = 1
 >> c = 2
 >> c = 3
Avg AUC
0.9269560640543535
Model embedding dimension: 20
 >> c = 1
 >> c = 2
 >> c = 3
Avg AUC
0.9267898165914441
-------------------
 Info start 
-------------------
{'learning_rate': 0.0005, 'use_pretrained': False, 'show_loss_figure': False, 'save_loss_figure': False, 'use_bias': True, 'saved_model_file': False, 'num_epochs': 25, 'op_dims': 10, 'batchsize': 128, 'num_neg_samples': 15}
-------------------
-------------------
DIR peru_export
Model embedding dimension: 2
 >> c = 1
 >> c = 2
 >> c = 3
Avg AUC
0.7910953987102021
Model embedding dimension: 4
 >> c = 1
 >> c = 2
 >> c = 3
Avg AUC
0.8494146639263459
Model embedding dimension: 6
 >> c = 1
 >> c = 2
 >> c = 3
Avg AUC
0.8307536043124003
Model embedding dimension: 8
 >> c = 1
 >> c = 2
 >> c = 3
Avg AUC
0.8601770333605158
Model embedding dimension: 10
 >> c = 1
 >> c = 2
 >> c = 3
Avg AUC
0.8688073268670115
Model embedding dimension: 12
 >> c = 1
 >> c = 2
 >> c = 3
Avg AUC
0.8605093299138366
Model embedding dimension: 14
 >> c = 1
 >> c = 2
 >> c = 3
Avg AUC
0.8572679145436767
Model embedding dimension: 16
 >> c = 1
 >> c = 2
 >> c = 3
Avg AUC
0.8504588510195202
Model embedding dimension: 18
 >> c = 1
 >> c = 2
 >> c = 3
Avg AUC
0.8612712411033397
Model embedding dimension: 20
 >> c = 1
 >> c = 2
 >> c = 3
Avg AUC
0.8571896542706297
-------------------
