 Info start 
china_import
-------------------
False
c =1
0.6910637111389935
c =2
0.6472260748959778
c =3
0.6074664817383366
Average over 3 0.6485854225911026
-------------------
-------------------
True
c =1
0.41474975602955527
c =2
0.41383495145631066
c =3
0.4143435043920398
Average over 3 0.4143094039593019
-------------------
 Info start 
peru_export
-------------------
False
c =1
0.6190476190476191
c =2
0.5961700336700336
c =3
0.5306022408963587
Average over 3 0.5819399645380038
-------------------
-------------------
True
c =1
0.3800453514739229
c =2
0.35795454545454547
c =3
0.3747899159663896
Average over 3 0.3709299376316193
-------------------
 Info start 
us_import
-------------------
False
c =1
0.6984766095222282
c =2
0.6466099937798051
c =3
0.5833851682908036
Average over 3 0.642823923864279
-------------------
-------------------
True
c =1
0.3749948113403346
c =2
0.3766120671781049
c =3
0.3762457668117922
Average over 3 0.3759508817767439
-------------------
 Info start 
china_export
-------------------
False
c =1
0.6606051226495396
c =2
0.6298692928407538
c =3
0.5869468075964842
Average over 3 0.6258070743622591
-------------------
-------------------
True
c =1
0.4089349738192886
c =2
0.4138415530176081
c =3
0.4157214058606556
Average over 3 0.4128326442325174
-------------------
 Info start 
china_export
-------------------
False
