INFO:root:Info start
INFO:root:AUC
INFO:root:0.9806522910082816
INFO:root:Info start
 Info start
{   'batchsize': 512,
    'learning_rate': 1e-05,
    'log_file': 'results_data_2_log.csv',
    'num_epochs': 25,
    'num_neg_samples': 15,
    'op_dims': '8,12',
    'save_loss_figure': False,
    'saved_model_file': 'None',
    'show_loss_figure': False,
    'use_bias': True,
    'use_pretrained': False}
 Info start 
{   'batchsize': 512,
    'learning_rate': 0.0001,
    'log_file': 'results_data_2_log.csv',
    'num_epochs': 20,
    'num_neg_samples': 15,
    'op_dims': '8,12',
    'save_loss_figure': False,
    'saved_model_file': 'None',
    'show_loss_figure': False,
    'use_bias': True,
    'use_pretrained': False}
 Info start 
{   'batchsize': 64,
    'learning_rate': 0.0001,
    'log_file': 'results_data_2_log.csv',
    'num_epochs': 20,
    'num_neg_samples': 15,
    'op_dims': '8,12',
    'save_loss_figure': False,
    'saved_model_file': 'None',
    'show_loss_figure': False,
    'use_bias': True,
    'use_pretrained': False}
 Info start 
{   'batchsize': 64,
    'learning_rate': 0.0001,
    'log_file': 'results_data_2_log.csv',
    'num_epochs': 20,
    'num_neg_samples': 15,
    'op_dims': '8,12',
    'save_loss_figure': False,
    'saved_model_file': 'frozen_model_v1_28_12_1562789098.pb',
    'show_loss_figure': False,
    'use_bias': True,
    'use_pretrained': True}
AUC
0.9625661795739742
 Info start 
{   'batchsize': 64,
    'learning_rate': 0.0001,
    'log_file': 'results_data_2_log.csv',
    'num_epochs': 20,
    'num_neg_samples': 15,
    'op_dims': '8,12',
    'save_loss_figure': False,
    'saved_model_file': 'frozen_model_v1_28_12_1562789098.pb',
    'show_loss_figure': False,
    'use_bias': True,
    'use_pretrained': True}
AUC
0.7949370138030416
 Info start 
{   'batchsize': 64,
    'learning_rate': 0.0001,
    'log_file': 'results_data_2_log.csv',
    'num_epochs': 20,
    'num_neg_samples': 15,
    'op_dims': '8,12',
    'save_loss_figure': False,
    'saved_model_file': 'frozen_model_v1_28_12_1562789098.pb',
    'show_loss_figure': False,
    'use_bias': True,
    'use_pretrained': True}
AUC
0.9124415957929007
 Info start 
{   'batchsize': 64,
    'learning_rate': 0.0001,
    'log_file': 'results_data_2_log.csv',
    'num_epochs': 20,
    'num_neg_samples': 15,
    'op_dims': '8,12',
    'save_loss_figure': False,
    'saved_model_file': 'frozen_model_v1_28_12_1562789098.pb',
    'show_loss_figure': False,
    'use_bias': True,
    'use_pretrained': True}
AUC
0.9124415957929007
