 Info start 
-------------------
{'learning_rate': 0.0005, 'use_pretrained': False, 'show_loss_figure': False, 'save_loss_figure': False, 'use_bias': True, 'saved_model_file': 'frozen_model_v1_212_1565737663.pb', 'num_epochs': 25, 'op_dims': 12, 'batchsize': 128, 'num_neg_samples': 15}
-------------------
-------------------
DIR us_import3
 >> c = 2
Time taken
0.02082228660583496
1.0,1.0,1.0,1.0,1.0,1.0,1.0,1.0,1.0,1.0,1.0,1.0,1.0,0.9861111111111112,0.9883720930232558,0.9900497512437811,0.9910714285714286,0.9880952380952381,0.9892086330935251,0.9901315789473685,0.9880952380952381,0.9888888888888889,0.9899497487437185,0.988399071925754,0.987152034261242,0.9859719438877755,0.9846743295019157,0.9854280510018215,0.9826086956521739,0.9833333333333333,0.9839228295819936,0.9846153846153847,0.9779735682819384,0.9733893557422969,0.9727891156462585,0.9696969696969697,0.9644218551461246,0.9592088998763906,0.9585365853658536,0.9580838323353293,0.9553466509988249,0.9496567505720824,0.9450056116722784,0.9412416851441242,0.9411764705882353,0.9379014989293362,0.9284963196635121,0.9215686274509803,0.9137931034482759,0.9062811565304087,0.8896418199419167,0.8824091778202677,0.866046511627907,0.8493647912885662,0.83348095659876,0.8238884045335658,0.810580204778157,0.7956630525437864,0.7812244897959184,0.768312101910828,0.7480680061823802,0.7322775263951734,0.7181952662721893,0.7055837563451777,0.6917613636363636,0.6784476784476784,0.6626180836707153,0.6495049504950495,0.6377749029754204,0.624920936116382,0.6143831370117793,0.6015767131594906,0.5851502651738362,0.5725806451612904,0.5599324704558244,0.5493112947658402,0.537176724137931,0.5263991552270327,0.5176531671858775,0.5102249488752556,0.5084055017829853,0.5068493150684932,0.5035282258064516,0.5025150905432596,0.5015060240963856,0.5002503755633451,0.5,0.49974987493746875,0.5
0.001,0.006,0.007,0.008,0.014,0.019,0.023,0.029,0.039,0.054,0.076,0.095,0.121,0.142,0.17,0.199,0.222,0.249,0.275,0.301,0.332,0.356,0.394,0.426,0.461,0.492,0.514,0.541,0.565,0.59,0.612,0.64,0.666,0.695,0.715,0.736,0.759,0.776,0.786,0.8,0.813,0.83,0.842,0.849,0.864,0.876,0.883,0.893,0.901,0.909,0.919,0.923,0.931,0.936,0.941,0.945,0.95,0.954,0.957,0.965,0.968,0.971,0.971,0.973,0.974,0.979,0.982,0.984,0.986,0.988,0.991,0.992,0.993,0.994,0.995,0.997,0.997,0.997,0.997,0.998,0.998,0.999,0.999,0.999,0.999,0.999,0.999,0.999,1.0
AUC
0.9601832925207773
 >> c = 3
Time taken
0.01953744888305664
1.0,1.0,1.0,1.0,1.0,1.0,1.0,1.0,1.0,1.0,1.0,1.0,1.0,1.0,1.0,1.0,1.0,1.0,1.0,1.0,1.0,1.0,1.0,0.9983277591973244,0.9984177215189873,0.9984871406959153,0.9985422740524781,0.9986091794158554,0.9986522911051213,0.9973856209150327,0.9949367088607595,0.9950617283950617,0.9951749095295537,0.9952550415183867,0.9953161592505855,0.9953917050691244,0.9954699886749717,0.9944258639910813,0.9933993399339934,0.9913419913419913,0.9913978494623656,0.9893503727369543,0.9883966244725738,0.9874476987447699,0.9843912591050988,0.9834368530020704,0.9794871794871794,0.9765545361875637,0.9707955689828801,0.965,0.9624134520276953,0.9549902152641878,0.9494655004859086,0.9415148609779482,0.9317535545023696,0.9197012138188608,0.9089236430542779,0.900728597449909,0.8878923766816144,0.8732394366197183,0.8566493955094991,0.8481228668941979,0.8397976391231029,0.8245033112582781,0.8097560975609757,0.7929936305732485,0.7732919254658385,0.7556904400606981,0.7416232315711094,0.718817591925018,0.6967155835080363,0.6786929884275017,0.6655540720961282,0.649316851008458,0.6379310344827587,0.6208825357364823,0.6069258809234508,0.5953516090584029,0.5767898383371824,0.5612359550561797,0.5504132231404959,0.5422993492407809
0.002,0.003,0.008,0.015,0.023,0.035,0.056,0.075,0.096,0.12,0.139,0.175,0.2,0.229,0.266,0.302,0.342,0.379,0.409,0.446,0.485,0.516,0.555,0.597,0.631,0.66,0.685,0.718,0.741,0.763,0.786,0.806,0.825,0.839,0.85,0.864,0.879,0.892,0.903,0.916,0.922,0.929,0.937,0.944,0.946,0.95,0.955,0.958,0.964,0.965,0.973,0.976,0.977,0.982,0.983,0.985,0.988,0.989,0.99,0.992,0.992,0.994,0.996,0.996,0.996,0.996,0.996,0.996,0.996,0.997,0.997,0.997,0.997,0.998,0.999,0.999,0.999,0.999,0.999,0.999,0.999,1.0
AUC
0.992533314764834
-------------------
