 Info start 
 train_time 1822.1618361473083
0.8322779165180164,0.7416713776097,0.6783161098527747,0.6305287988991547,0.5972469535326634,0.5729770607511974,0.5551408309167648,0.5422657585694667,0.5323084116005006,0.5247716616527089,0.5189303609228049,0.5146117265747456,0.5113556884014938,0.5088431086776697,0.5069518017134262,0.5054571059734773,0.5042538245394942,0.5033567505096807,0.5027235234612093,0.5021309118229983,0.5017344482124828,0.5012542995319006,0.5009821913205303,0.5007815628673669,0.5006392788418076,0.5004906137836651,0.5003678700966788,0.5002774587360787,0.5002129059729803,0.5001741823108187,0.5001354646437279,0.5001032018369928,0.5000515955937362,0.5000064488669341,0.49998065439725553,0.499954862588824,0.49994196768244714,0.499935520478696,0.4999097333264559,0.49990328695405484,0.4998968407479046,0.4998903947079986,0.4998775031268939,0.49987750628586164,0.4998775094446665
0.9627795403544068,0.9813768732750393,0.9887539013129046,0.9928035285924321,0.9949186205473445,0.9966983930459904,0.9974464133715082,0.9980912584797131,0.9984781655446362,0.9988650726095591,0.9990972168485129,0.9992777734788104,0.999484123913436,0.9996130929350769,0.999742061956718,0.9998452371740308,0.9998452371740308,0.9998452371740308,0.9998452371740308,0.9998452371740308,0.9998452371740308,0.9998710309783589,0.9998968247826872,0.9998968247826872,0.9998968247826872,0.9998968247826872,0.9998968247826872,0.9999226185870154,0.9999226185870154,0.9999226185870154,0.9999226185870154,0.9999484123913436,0.9999484123913436,0.9999484123913436,0.9999484123913436,0.9999484123913436,0.9999484123913436,0.9999484123913436,0.9999484123913436,0.9999484123913436,0.9999484123913436,0.9999484123913436,0.9999484123913436,0.9999742061956718,1.0
c=1
AUC
0.026632645343559302
1.0,0.8367656951889065,0.7448152356010861,0.6805321242794883,0.6320717781402936,0.5984035572573299,0.5737860198025664,0.5557976519831997,0.5427847534259999,0.5327517516142327,0.525138454455593,0.5192459600219571,0.5148823748074983,0.5115941646661566,0.5090558311678085,0.507132303910673,0.5056118258965234,0.5044085518102372,0.5035114820920904,0.502878257487359,0.5022856476865102,0.5018891850624984,0.5014090333255772,0.5011304763504347,0.5009298481248062,0.500787564231673,0.5006388992862398,0.5005161556725508,0.5004192953258247,0.50035474258588,0.5003160189353386,0.5002773012781654,0.500238589612969,0.5001869833778225,0.5001418366557495,0.500116042187782,0.5000902503803409,0.5000773554741891,0.5000709082704828,0.5000451211179724,0.5000386747453912,0.5000322285390159,0.5000386737482597
2.5780504782283637e-05,0.9940704839000748,0.9971641444739489,0.9983500476939339,0.9988914382943618,0.9992008043517492,0.9994843899043543,0.9995875119234835,0.9996648534378303,0.9997421949521772,0.999819536466524,0.9998453169713063,0.9998453169713063,0.9999226584856532,0.9999484389904354,0.9999484389904354,0.9999484389904354,0.9999484389904354,0.9999484389904354,0.9999484389904354,0.9999484389904354,0.9999484389904354,0.9999742194952177,0.9999742194952177,0.9999742194952177,0.9999742194952177,0.9999742194952177,0.9999742194952177,0.9999742194952177,0.9999742194952177,0.9999742194952177,0.9999742194952177,0.9999742194952177,0.9999742194952177,0.9999742194952177,0.9999742194952177,0.9999742194952177,0.9999742194952177,0.9999742194952177,0.9999742194952177,0.9999742194952177,0.9999742194952177,1.0
c=2
AUC
0.917192426098282
1.0,0.8374991898723239,0.7452763094666026,0.6808350012289758,0.6322937215709931,0.5985832896077039,0.5739058384872606,0.5558931437743637,0.5428615414759765,0.5328159340659341,0.5251834601532671,0.5192845763551415,0.5149210142041684,0.5116134903781474,0.50906871751798,0.5071451918676865,0.5056247148536792,0.5044214413898931,0.5035243720386837,0.5028911476430016,0.5022985380003366,0.5019020754619327,0.5014154784834344,0.5011369215265755,0.5009362933116371,0.5008004544515596
0.0016241299303944316,0.9994070636762052,0.9995617427171951,0.9997164217581851,0.9998195411188451,0.9999226604795051,0.99994844031967,0.99994844031967,0.99994844031967,0.9999742201598351,0.9999742201598351,0.9999742201598351,0.9999742201598351,0.9999742201598351,0.9999742201598351,0.9999742201598351,0.9999742201598351,0.9999742201598351,0.9999742201598351,0.9999742201598351,0.9999742201598351,0.9999742201598351,0.9999742201598351,0.9999742201598351,0.9999742201598351,1.0
c=3
AUC
0.9171184311931677
 Info start 
 train_time 1721.5112519264221
0.9063775384766681,0.8380664114662156,0.7748818063253994,0.7209631193906026,0.6780898181368303,0.6436510327742626,0.6155973274511685,0.5932312899007769,0.5763379861162947,0.5625801001980659,0.551402935680356,0.5418896578777774,0.5349840321844801,0.5290588010169214,0.5240454243986952,0.5197423164675883,0.5165975380429709,0.513976411902835,0.5117695234069534,0.5097417546998539,0.5082038166437144,0.5067807027868231,0.505663134819145,0.504905217901114,0.5043001938665314,0.5037167957581743,0.5031021234619178,0.5027235941066611,0.5023521636017262,0.5020983912333877,0.5018253372342905,0.5016110039983954,0.5014228430992109,0.5012283106203616,0.5010469174098487,0.5009174311926605,0.5008009301123886,0.5007232899359372,0.500626299409858,0.5005487340382951,0.5005099603651058,0.5004324310369309,0.5003872166864577,0.5003161820692503,0.5002451676172288,0.5001999819371153
0.9509143903634347,0.971291495782713,0.9808094095798189,0.9862776960973975,0.9896308906600635,0.9918491578322887,0.9933967860919807,0.9946864763083907,0.9957956098945033,0.996388867394052,0.9970595063065851,0.997678557610462,0.9981428460883696,0.9984007841316516,0.9986587221749336,0.9988908664138874,0.9991230106528411,0.9993035672831386,0.9993293610874668,0.9994325363047796,0.9994583301091078,0.9995615053264206,0.9995615053264206,0.9996130929350769,0.999742061956718,0.9997678557610462,0.9997936495653744,0.9998194433697026,0.9998452371740308,0.9998452371740308,0.9998710309783589,0.9998968247826872,0.9998968247826872,0.9999226185870154,0.9999226185870154,0.9999226185870154,0.9999484123913436,0.9999742061956718,0.9999742061956718,0.9999742061956718,0.9999742061956718,0.9999742061956718,0.9999742061956718,0.9999742061956718,0.9999742061956718,1.0
c=1
AUC
0.03801267092853635
0.9101038715769594,0.8415574234571666,0.7778827787272544,0.7234658793631811,0.6801475107559927,0.6454138143540032,0.6170846270201417,0.5944602926290604,0.5773286467486819,0.5634511126291769,0.5521440066078982,0.5424921647638236,0.5354785250655987,0.5295089578326415,0.5244445045508026,0.5200836876198651,0.5168939181894519,0.5142341912300941,0.5120273553020701,0.5099867194382717,0.5084488024854817,0.5069999084979281,0.5058823529411764,0.5051115423183612,0.5044742729306487,0.5038844285083275,0.5032633095018749,0.5028847774507643,0.5025068988301139,0.5022531271851449,0.5019736246101283,0.501752842709856,0.5015711274617562,0.5013701463212864,0.5011887533595204,0.5010592672970599,0.5009363174955767,0.5008522287071949,0.5007552382550768,0.5006776729356791,0.5006388992862398,0.5005613700009034,0.5005226008748725
0.9938900203665988,0.9963133878161334,0.9973961690169894,0.9981438036556756,0.9985047307226276,0.998994560313491,0.9991492433421847,0.9992523653613138,0.9993297068756606,0.9994070483900075,0.9995359509139189,0.9995875119234835,0.9996132924282658,0.9996906339426126,0.9997421949521772,0.9997421949521772,0.9997937559617417,0.999819536466524,0.9998453169713063,0.9998968779808709,0.9999226584856532,0.9999226584856532,0.9999226584856532,0.9999226584856532,0.9999226584856532,0.9999226584856532,0.9999226584856532,0.9999484389904354,0.9999484389904354,0.9999484389904354,0.9999484389904354,0.9999484389904354,0.9999742194952177,0.9999742194952177,0.9999742194952177,0.9999742194952177,0.9999742194952177,0.9999742194952177,0.9999742194952177,0.9999742194952177,0.9999742194952177,0.9999742194952177,1.0
c=2
AUC
0.004701839992531865
1.0,0.9105620405383188,0.8419943972724706,0.7782839939789262,0.7237910375333619,0.6804505342198985,0.6456204015048107,0.617273537462601,0.5946405849979304,0.5774922582181992,0.5636033418089357
0.0006187161639597834,0.9994586233565352,0.9995617427171951,0.9996906419180202,0.9997422015983501,0.9998711007991751,0.9998711007991751,0.9999226604795051,0.9999742201598351,0.9999742201598351,1.0
c=3
AUC
0.9545753280228066
 Info start 
 train_time 159.1399176120758
0.9319643028500144,0.8819422897921192,0.8362227207831939,0.7899453686084341,0.7527610155983149,0.720021327645961,0.688804841149773,0.6632353648564144,0.6379990821477742,0.6180137955429784,0.6012666352860627,0.5857225961938004,0.573078793774319,0.5621355757407481,0.5529420927606216,0.544897098838769,0.5363427408719244,0.530748314523038,0.5258770150134642,0.5219824433065106,0.519098673450845,0.5160544659948713,0.5134523510183555,0.5116104332892053,0.5100163969487417,0.5082019599488709,0.5065996673626102,0.5055604589585172,0.5050241511828791,0.5041706261218456,0.5036031919007277,0.5030017905417267,0.5026662924501825,0.502295748484105,0.5019787763107204,0.5018553525169782,0.5016095171448566,0.5011359267414631,0.5009607658176991,0.5007858065868054,0.500541031100562,0.5001918448498378,0.5001395089285714,0.5,0.4999128464354192,0.4997560465602565,0.4997560635628659,0.49972123492926335,0.4997212543554007,0.4992689549537005,0.4991126422382295,0.4991300716820934,0.49911270399109225,0.49909533750869867,0.4990781005392242
0.6769831311863934,0.7925554161438728,0.8573818485989126,0.897044472326781,0.9217203401645058,0.9413076815837167,0.95211208699289,0.9611041405269761,0.9690506064408198,0.9742785445420327,0.979436776801896,0.9825735396626237,0.9855708908406524,0.9878711836051861,0.9897532413216228,0.9910776523072633,0.9921929457688554,0.993238533389098,0.9937264742785445,0.9947720618987871,0.9956085319949812,0.9959570612017287,0.9963752962498257,0.9967238254565732,0.9973511780287188,0.9976997072354663,0.9979088247595148,0.9981876481249129,0.9984664714903109,0.9985361773316604,0.9986058831730099,0.9986755890143594,0.998745294855709,0.9989544123797575,0.9990938240624564,0.9993029415865049,0.9993029415865049,0.9994423532692039,0.9995120591105535,0.9995120591105535,0.999581764951903,0.999581764951903,0.999581764951903,0.999581764951903,0.999581764951903,0.999581764951903,0.9996514707932525,0.9996514707932525,0.999721176634602,0.999721176634602,0.9997908824759515,0.999860588317301,0.999860588317301,0.999860588317301,1.0
c=1
AUC
0.262815719124242
0.9486864008105956,0.9002817270523488,0.8531007988291969,0.8049142010147654,0.7658128875707738,0.7308145793817604,0.698401837642344,0.6716844869630463,0.645116299995501,0.6243749728249054,0.6066860833227808,0.5906048536114648,0.5773613674664955,0.5659064097522611,0.5563456484773536,0.5480322752531019,0.5392421178761327,0.5334419672616844,0.5285378915706844,0.5244177583697235,0.5213427868615251,0.5182295412052351,0.5155232849273911,0.5136117445838084,0.5118607954545454,0.5099766503926979,0.5083221665843853,0.507213230119634,0.5066071554087299,0.5057362382907062,0.505186067699208,0.504567248801316,0.5042143181897667,0.5038087916695786,0.5034569453174105,0.5032812063669366,0.5030353778522085,0.5025269248196298,0.5023516705570846,0.5021767143802459,0.5019145084934559,0.5015653262835675,0.5015129908524921,0.5013734830835564,0.5012863301348909,0.5011295311576826,0.5011121151039133,0.5010772866277453,0.5010598742050943,0.5006075755997639,0.5004338319508556,0.5004164642187825,0.5003990976921742,0.5003470053438823,0.5003296436378778,0.5002949238402554,0.5002081454242697,0.5001213971072803,0.500104051054384,0.5001213886865744
0.9090152565880721,0.9529126213592233,0.9701803051317615,0.9791262135922331,0.9848821081830791,0.988626907073509,0.9909847434119279,0.9932732316227462,0.9943828016643551,0.9958391123439667,0.9967406380027739,0.9974341192787795,0.9978502080443828,0.9979889042995839,0.9983356449375866,0.9985436893203884,0.9986823855755894,0.9988904299583912,0.9992371705963939,0.999375866851595,0.9994452149791956,0.9995145631067961,0.9995145631067961,0.9995839112343967,0.9995839112343967,0.9996532593619972,0.9996532593619972,0.9996532593619972,0.9996532593619972,0.9996532593619972,0.9997919556171984,0.9997919556171984,0.9997919556171984,0.9998613037447989,0.9998613037447989,0.9998613037447989,0.9998613037447989,0.9998613037447989,0.9999306518723995,0.9999306518723995,0.9999306518723995,0.9999306518723995,0.9999306518723995,0.9999306518723995,0.9999306518723995,0.9999306518723995,0.9999306518723995,0.9999306518723995,0.9999306518723995,0.9999306518723995,0.9999306518723995,0.9999306518723995,0.9999306518723995,0.9999306518723995,0.9999306518723995,0.9999306518723995,0.9999306518723995,0.9999306518723995,0.9999306518723995,1.0
c=2
AUC
0.07773130011875361
0.9522848105525271,0.9037074528660003,0.8561705176428444,0.8076879847139485,0.7682002561912895,0.732746335504886,0.7000729040097206,0.6730185418710009,0.6462621642226108,0.6252385910116259,0.6073655823360863,0.5911253280839895,0.5778018278018278,0.5663327440581418,0.5567054098930379,0.5483588787890313,0.5395524622062565,0.5337010030721397,0.5287107656204165,0.5245734657499364
0.9812760055478502,0.9905686546463246,0.9944521497919556,0.9966712898751734,0.998127600554785,0.9984049930651873,0.9988904299583912,0.9993065187239945,0.999375866851595,0.9995145631067961,0.9995839112343967,0.9995839112343967,0.9996532593619972,0.9997226074895977,0.9997919556171984,0.9998613037447989,0.9999306518723995,0.9999306518723995,0.9999306518723995,1.0
c=3
AUC
0.016284416457431727
 Info start 
 train_time 18.949952840805054
0.8151750972762646,0.796415770609319,0.7191629955947136,0.7194637537239325,0.6930604982206405,0.6593625498007968,0.6540195341848234,0.6400570206699929,0.6366782006920415,0.6341627437794216,0.6347167325428195,0.6242017879948915,0.6212645486001888,0.6132800491853674,0.5963926670609107,0.5858294930875576,0.5855469865752642,0.5796695603472417,0.5799721835883171,0.5630026809651475,0.5491164241164241,0.5460390946502057,0.5447570332480819,0.5419518377693283,0.5390998239879305,0.5349937733499377,0.5309800049370526,0.5252131546894032,0.5147830233667143,0.5130579297245964,0.511463011108485,0.5109489051094891,0.5094958968347011,0.5087719298245614,0.5059205943812398,0.5018407731247124,0.5017237416685819,0.5011473152822395,0.5012611786287549,0.5013755158184319,0.49749886311959984,0.49693946950804807,0.49491984646647097,0.4948081264108352,0.4949221394719025,0.49492671927846676,0.49515438359251746,0.4949312908312683,0.4940409264672813,0.4942683749157114,0.49228015215931975,0.491953509164059,0.49206703910614524,0.4819435325016415,0.48205689277899344,0.48068950469125027,0.48080279232111695,0.48091603053435117
0.3800453514739229,0.5038548752834467,0.5922902494331066,0.6571428571428571,0.7065759637188208,0.7505668934240363,0.7895691609977324,0.8145124716553288,0.8344671201814059,0.8553287981859411,0.873922902494331,0.8866213151927438,0.8956916099773242,0.9047619047619048,0.9147392290249433,0.9224489795918367,0.9297052154195011,0.9387755102040817,0.9455782312925171,0.9523809523809523,0.9582766439909297,0.9628117913832199,0.9659863945578231,0.9696145124716553,0.9723356009070295,0.9741496598639455,0.9755102040816327,0.9777777777777777,0.9791383219954648,0.9800453514739229,0.98140589569161,0.9841269841269841,0.9854875283446712,0.9863945578231292,0.9882086167800453,0.9891156462585035,0.9900226757369615,0.9904761904761905,0.9913832199546485,0.9918367346938776,0.9922902494331066,0.9941043083900227,0.9941043083900227,0.9941043083900227,0.9945578231292517,0.9954648526077098,0.9963718820861678,0.9963718820861678,0.9963718820861678,0.9972789115646259,0.9977324263038548,0.9981859410430839,0.998639455782313,0.998639455782313,0.999092970521542,0.999092970521542,0.999546485260771,1.0
c=1
AUC
0.4298467892666471
1.0,0.8956043956043956,0.8693051081454211,0.7981796596755045,0.7872740963855421,0.7575544624033732,0.7203140333660452,0.7079898541534559,0.6915088576664631,0.6844951923076923,0.678391959798995,0.6749706916764361,0.6631368059530623,0.6588268631340323,0.6492890995260664,0.6310810810810811,0.6194760518655729,0.6176548089591568,0.6100285788516497,0.6093143596377749,0.5912738214643932,0.5763125763125763,0.5723285679670462,0.570359642770939,0.5668744007670182,0.5637791527843884,0.5593580363464715,0.5550351288056206,0.5487381338272749,0.5381298229686791,0.5361827227498869,0.5343545843658482,0.5331535176444144,0.5314669652855543,0.5305164319248826,0.5272161741835147,0.5229175848391362,0.5226772346983708,0.5219876868953386,0.5218729391074961,0.5178883071553229,0.5169786678276013,0.5149609713790113,0.5148493388250596,0.514626218851571,0.51440329218107,0.5136186770428015
0.00042087542087542086,0.686026936026936,0.79503367003367,0.8489057239057239,0.8800505050505051,0.9074074074074074,0.9267676767676768,0.9398148148148148,0.9528619528619529,0.9587542087542088,0.9659090909090909,0.9692760942760943,0.9751683501683501,0.9785353535353535,0.9802188552188552,0.9827441077441077,0.9852693602693603,0.9865319865319865,0.9882154882154882,0.9911616161616161,0.9924242424242424,0.9932659932659933,0.9941077441077442,0.9945286195286195,0.9953703703703703,0.9970538720538721,0.9974747474747475,0.9974747474747475,0.9974747474747475,0.997895622895623,0.997895622895623,0.9983164983164983,0.9983164983164983,0.9987373737373737,0.9987373737373737,0.9987373737373737,0.9987373737373737,0.9991582491582491,0.9991582491582491,0.9991582491582491,0.9991582491582491,0.9995791245791246,0.9995791245791246,0.9995791245791246,0.9995791245791246,0.9995791245791246,1.0
c=2
AUC
0.899756498934676
1.0,0.914298601714028,0.8844118844118845,0.8146802325581395,0.8015454864769933,0.7699233077692564,0.7308781869688386,0.716876729173071,0.6987772144348344,0.690903738592876,0.6835369400814427,0.6800346220427005,0.667232117613797,0.6622720897615708,0.6523901630284609,0.6339501206757844,0.6219768664563617,0.6199580932425354,0.6119441571871769,0.6105236007222079,0.5921941456092069,0.5772417153996101,0.5732591876208898,0.5713941728870696,0.5677033492822966,0.564297599239363,0.5598774163130599,0.5556594948550047,0.5493641618497109,0.5386533665835411,0.5367065733002033,0.5347738014854828,0.5335728722209746,0.5317815577439571,0.5308310991957105,0.5275310834813499,0.5233377366798767,0.522992299229923,0.5224077328646749,0.5223978919631094,0.5184135977337111,0.5173988690735102,0.5153812824956673,0.5152696556205328,0.5150465468716172,0.5151515151515151
0.0021008403361344537,0.8516806722689075,0.9130252100840336,0.9420168067226891,0.9588235294117647,0.9701680672268908,0.9756302521008403,0.9798319327731092,0.9844537815126051,0.9861344537815127,0.9873949579831933,0.9903361344537815,0.9915966386554622,0.9920168067226891,0.9920168067226891,0.9932773109243698,0.9941176470588236,0.9945378151260504,0.9945378151260504,0.9945378151260504,0.9945378151260504,0.9953781512605042,0.996218487394958,0.9970588235294118,0.9970588235294118,0.9974789915966387,0.9978991596638656,0.9983193277310924,0.9983193277310924,0.9983193277310924,0.9983193277310924,0.9983193277310924,0.9983193277310924,0.9983193277310924,0.9983193277310924,0.9983193277310924,0.9987394957983193,0.9987394957983193,0.9991596638655462,0.9995798319327731,0.9995798319327731,0.9995798319327731,0.9995798319327731,0.9995798319327731,0.9995798319327731,1.0
c=3
AUC
0.9356897131402693
 Info start 
#---------------------------#
 timing :: china_export
 Info start 
#---------------------------#
 timing :: china_export
 train_time 1816.2429444789886
 test_time 1.3809945583343506
 test_time 1.351236343383789
 test_time 1.3631904125213623
 Info start 
#---------------------------#
 timing :: china_import
 train_time 160.89884448051453
 test_time 0.42397093772888184
 test_time 0.41336774826049805
 test_time 0.42132115364074707
 Info start 
#---------------------------#
 timing :: peru_export
 train_time 19.526702404022217
 test_time 0.1885664463043213
 test_time 0.17815709114074707
 test_time 0.17934274673461914
 Info start 
1.0,0.9029349796658337,0.828364275513567,0.7615038496150385,0.7074653900892741,0.663751231569668,0.6296968804698108,0.6027108151205328,0.5809622738084484,0.5645095288202969,0.551459468713442,0.5414619121620675,0.5337278596258898,0.5271229145386449,0.5218041667789667,0.5177041423282049,0.5140737595052619,0.5114458467550298,0.5091320001051165,0.5074912253130075,0.5061254342658621,0.5051949575669087,0.5042217972236317,0.5034029509559435,0.502828157027581,0.5024109503810857,0.5020659818918954,0.5016824994175964,0.5013774817305827,0.501085776330076,0.5009368256470558,0.5008268092912694,0.5006974221211965,0.5005551969012266,0.5004582714774414,0.5004130524576621,0.500367841608694,0.5002968124919345,0.5002580778362754,0.5002258035380188,0.500206440957886,0.5001806265159725,0.5001612674330095,0.5001419098485435,0.5001161020666168,0.5000902969479631,0.5000838439213157
2.5793804328200366e-05,0.9506564523201527,0.9725038045861384,0.9822022750135417,0.9872836544661973,0.990482086202894,0.9929067038097449,0.9944285382651087,0.9954087028295804,0.9963114859810673,0.9970337125022569,0.9975753823931491,0.9979880832624004,0.9983234027186669,0.9987618973922464,0.9990198354355284,0.9991745982614976,0.9992777734788104,0.9994583301091078,0.9995099177177642,0.9995615053264206,0.9995872991307488,0.9996646805437334,0.9997162681523898,0.999742061956718,0.9997678557610462,0.9997936495653744,0.9998452371740308,0.9998710309783589,0.9999226185870154,0.9999484123913436,0.9999484123913436,0.9999742061956718,0.9999742061956718,0.9999742061956718,0.9999742061956718,0.9999742061956718,0.9999742061956718,0.9999742061956718,0.9999742061956718,0.9999742061956718,0.9999742061956718,0.9999742061956718,0.9999742061956718,0.9999742061956718,0.9999742061956718,1.0
c=1
AUC
0.9426044170755488
1.0,0.9068071694030202,0.8318734531367696,0.7644433032451757,0.7098731485555067,0.665687083247405,0.6312351350470792,0.6039738195418419,0.5820256776034237,0.5653860739184972,0.5522069191437239,0.5420837760751636,0.5342675264550265,0.527611869226269,0.5221840705581364,0.5180326992947211,0.5143637762274862,0.5117230278001346,0.5093705265093311,0.5077168776426543,0.5063446475195822,0.5054077297959396,0.5044152263535042,0.5035899300190857,0.5030151340275707,0.5025914792163367,0.5022400621520134,0.5018436816705697,0.501532215311809,0.5012276122296022,0.5010722128923911,0.5009621966497475,0.5008263609131288,0.5006841357945011,0.5005872104278247,0.5005419914313736,0.5004967806036207,0.5004257515159334,0.5003870168739357,0.50035474258588,0.5003418252176717
2.5780504782283637e-05,0.9938900203665988,0.9964938513496094,0.9977828765887236,0.9983500476939339,0.9986078527417567,0.9989687798087087,0.9991750238469669,0.9992523653613138,0.9993554873804429,0.9995359509139189,0.9995617314187012,0.999639072933048,0.9997679754569595,0.9997679754569595,0.999819536466524,0.999819536466524,0.9998710974760886,0.9998968779808709,0.9998968779808709,0.9999226584856532,0.9999226584856532,0.9999226584856532,0.9999484389904354,0.9999742194952177,0.9999742194952177,0.9999742194952177,0.9999742194952177,0.9999742194952177,0.9999742194952177,0.9999742194952177,0.9999742194952177,0.9999742194952177,0.9999742194952177,0.9999742194952177,0.9999742194952177,0.9999742194952177,0.9999742194952177,0.9999742194952177,0.9999742194952177,1.0
c=2
AUC
0.952251431106081
1.0,0.9072825985210147,0.8323209341260812,0.7647963711665516,0.7101706709639614,0.6659626347963459,0.6314512715313731,0.6041650441581907,0.5822076128722382,0.5655508252172392
2.5779840164990976e-05,0.9994844031967002,0.9996648620778551,0.9997164217581851,0.9997679814385151,0.9998195411188451,0.9998711007991751,0.99994844031967,0.9999742201598351,1.0
c=3
AUC
0.9535079728016367
 Info start 
1.0,0.9029349796658337,0.828364275513567,0.7615038496150385,0.7074653900892741,0.663751231569668,0.6296968804698108,0.6027108151205328,0.5809622738084484,0.5645095288202969,0.551459468713442,0.5414619121620675,0.5337278596258898,0.5271229145386449,0.5218041667789667,0.5177041423282049,0.5140737595052619,0.5114458467550298,0.5091320001051165,0.5074912253130075,0.5061254342658621,0.5051949575669087,0.5042217972236317,0.5034029509559435,0.502828157027581,0.5024109503810857,0.5020659818918954,0.5016824994175964,0.5013774817305827,0.501085776330076,0.5009368256470558,0.5008268092912694,0.5006974221211965,0.5005551969012266,0.5004582714774414,0.5004130524576621,0.500367841608694,0.5002968124919345,0.5002580778362754,0.5002258035380188,0.500206440957886,0.5001806265159725,0.5001612674330095,0.5001419098485435,0.5001161020666168,0.5000902969479631,0.5000838439213157
2.5793804328200366e-05,0.9506564523201527,0.9725038045861384,0.9822022750135417,0.9872836544661973,0.990482086202894,0.9929067038097449,0.9944285382651087,0.9954087028295804,0.9963114859810673,0.9970337125022569,0.9975753823931491,0.9979880832624004,0.9983234027186669,0.9987618973922464,0.9990198354355284,0.9991745982614976,0.9992777734788104,0.9994583301091078,0.9995099177177642,0.9995615053264206,0.9995872991307488,0.9996646805437334,0.9997162681523898,0.999742061956718,0.9997678557610462,0.9997936495653744,0.9998452371740308,0.9998710309783589,0.9999226185870154,0.9999484123913436,0.9999484123913436,0.9999742061956718,0.9999742061956718,0.9999742061956718,0.9999742061956718,0.9999742061956718,0.9999742061956718,0.9999742061956718,0.9999742061956718,0.9999742061956718,0.9999742061956718,0.9999742061956718,0.9999742061956718,0.9999742061956718,0.9999742061956718,1.0
c=1
AUC
0.9426044170755488
1.0,0.9068071694030202,0.8318734531367696,0.7644433032451757,0.7098731485555067,0.665687083247405,0.6312351350470792,0.6039738195418419,0.5820256776034237,0.5653860739184972,0.5522069191437239,0.5420837760751636,0.5342675264550265,0.527611869226269,0.5221840705581364,0.5180326992947211,0.5143637762274862,0.5117230278001346,0.5093705265093311,0.5077168776426543,0.5063446475195822,0.5054077297959396,0.5044152263535042,0.5035899300190857,0.5030151340275707,0.5025914792163367,0.5022400621520134,0.5018436816705697,0.501532215311809,0.5012276122296022,0.5010722128923911,0.5009621966497475,0.5008263609131288,0.5006841357945011,0.5005872104278247,0.5005419914313736,0.5004967806036207,0.5004257515159334,0.5003870168739357,0.50035474258588,0.5003418252176717
2.5780504782283637e-05,0.9938900203665988,0.9964938513496094,0.9977828765887236,0.9983500476939339,0.9986078527417567,0.9989687798087087,0.9991750238469669,0.9992523653613138,0.9993554873804429,0.9995359509139189,0.9995617314187012,0.999639072933048,0.9997679754569595,0.9997679754569595,0.999819536466524,0.999819536466524,0.9998710974760886,0.9998968779808709,0.9998968779808709,0.9999226584856532,0.9999226584856532,0.9999226584856532,0.9999484389904354,0.9999742194952177,0.9999742194952177,0.9999742194952177,0.9999742194952177,0.9999742194952177,0.9999742194952177,0.9999742194952177,0.9999742194952177,0.9999742194952177,0.9999742194952177,0.9999742194952177,0.9999742194952177,0.9999742194952177,0.9999742194952177,0.9999742194952177,0.9999742194952177,1.0
c=2
AUC
0.952251431106081
1.0,0.9072825985210147,0.8323209341260812,0.7647963711665516,0.7101706709639614,0.6659626347963459,0.6314512715313731,0.6041650441581907,0.5822076128722382,0.5655508252172392
2.5779840164990976e-05,0.9994844031967002,0.9996648620778551,0.9997164217581851,0.9997679814385151,0.9998195411188451,0.9998711007991751,0.99994844031967,0.9999742201598351,1.0
c=3
AUC
0.9535079728016367
 Info start 
1.0,0.6746066471813361,0.5864970586451573,0.5496714121471051,0.5311253375738549,0.5204544844073169,0.5139977455075924,0.5099731593074048,0.5071506143116962,0.5052199413489736,0.5037229549736859,0.5027038242579073,0.5019941986947063,0.501409835217425,0.5010598423161432,0.5007944607355543,0.5006327806188337,0.5004130631212083,0.5003226472562078,0.5002451739444617,0.5001806265159725,0.5001354576533574,0.5001161020666168,0.5000644944921704,0.5000451443975803,0.5000193466008023,0.4999871030978359,0.4999677589920171,0.49995486375301446,0.49994196917918626,0.49992907527048114,0.4999226285655336,0.4999097356544165,0.4999032894482341,0.49989684340829377,0.49989039753458925,0.49988395182711404,0.4998904003610341
2.5793804328200366e-05,0.9942221878304831,0.9977817328277747,0.9988908664138874,0.9993551548917949,0.9995615053264206,0.9997162681523898,0.9997678557610462,0.9997678557610462,0.9998452371740308,0.9998710309783589,0.9998968247826872,0.9999226185870154,0.9999226185870154,0.9999484123913436,0.9999484123913436,0.9999484123913436,0.9999484123913436,0.9999484123913436,0.9999484123913436,0.9999742061956718,0.9999742061956718,0.9999742061956718,0.9999742061956718,0.9999742061956718,0.9999742061956718,0.9999742061956718,0.9999742061956718,0.9999742061956718,0.9999742061956718,0.9999742061956718,0.9999742061956718,0.9999742061956718,0.9999742061956718,0.9999742061956718,0.9999742061956718,0.9999742061956718,1.0
c=1
AUC
0.8359012052033991
1.0,0.6758264751011299,0.5870792896183137,0.5500418374438031,0.5313887214336603,0.520692663937177
2.5780504782283637e-05,0.9992523653613138,0.9996648534378303,0.9998710974760886,0.9998968779808709,1.0
c=2
AUC
0.8377110980664242
1.0,0.6759564270152505,0.5871417974840673,0.5500609807981394,0.5314015618577888,0.520692663937177,0.5141974654011348,0.5101600620783081,0.5073375536256147,0.5053875519537204,0.5038841257469473,0.5028585503714171,0.5021424780250365,0.5015581157789932,0.5012016745916891,0.5009362933116371,0.5007746133388417,0.5005548959892634,0.5004644801692772,0.5003870068887226,0.5003160107830619,0.5002708419314899,0.5002514863488051,0.5001998787831895,0.500180528691167,0.5001547308971813,0.5001224873966915,0.5001031432918182,0.5000902480532206,0.5000773534796173,0.5000644595709571,0.5000580128659645,0.5000451199546222,0.5000386737482597,0.5000322277080943,0.5000257818341197,0.5000257811694339
2.5779840164990976e-05,0.9998195411188451,0.99989688063934,0.9999226604795051,0.9999226604795051,0.9999742201598351,0.9999742201598351,0.9999742201598351,0.9999742201598351,0.9999742201598351,0.9999742201598351,0.9999742201598351,0.9999742201598351,0.9999742201598351,0.9999742201598351,0.9999742201598351,0.9999742201598351,0.9999742201598351,0.9999742201598351,0.9999742201598351,0.9999742201598351,0.9999742201598351,0.9999742201598351,0.9999742201598351,0.9999742201598351,0.9999742201598351,0.9999742201598351,0.9999742201598351,0.9999742201598351,0.9999742201598351,0.9999742201598351,0.9999742201598351,0.9999742201598351,0.9999742201598351,0.9999742201598351,0.9999742201598351,1.0
c=3
AUC
0.8379089055165225
