 Info start 
--------
china_export
--------
train_time taken 11.29073166847229
c = 1
Time taken 3741.318320274353
AUC : 0.6381230942471134
c = 2
Time taken 4217.958991765976
AUC : 0.6863158251284729
c = 3
Time taken 3792.7855410575867
AUC : 0.7160999076130679
 Info start 
--------
china_export
--------
train_time taken 10.255235433578491
 Info start 
--------
china_export
--------
train_time taken 17.72801637649536
 Info start 
--------
china_export
--------
 Info start 
--------
china_export
--------
 Info start 
--------
china_export
--------
 Info start 
--------
china_export
--------
 Info start 
--------
china_export
--------
 Info start 
--------
china_export
--------
 Info start 
--------
china_export
--------
 Info start 
--------
china_export
--------
train_time taken 1650.195366859436
c = 1
Time taken 3344.2531263828278
AUC : 0.637845968990737
c = 2
Time taken 3069.2243111133575
AUC : 0.6856104995667419
c = 3
Time taken 2790.6038210392
AUC : 0.7152743486164437
