 Info start 
-------------------
DIR china_import
AUC
0.8329759612863604
-------------------
 Info start 
-------------------
DIR china_import
-------------------
 Info start 
-------------------
DIR china_import
-------------------
 Info start 
-------------------
DIR china_import
-------------------
 Info start 
-------------------
DIR china_import
 Info start 
-------------------
DIR china_import
-------------------
 Info start 
-------------------
DIR china_import
 Info start 
-------------------
DIR china_import
 Info start 
-------------------
DIR china_import
-------------------
 Info start 
-------------------
DIR china_import
-------------------
 Info start 
-------------------
DIR china_import
 Info start 
-------------------
DIR china_import
 Info start 
-------------------
DIR china_import
 Info start 
-------------------
DIR china_import
-------------------
 Info start 
-------------------
DIR china_import
 Info start 
-------------------
DIR china_import
 Info start 
-------------------
DIR china_import
-------------------
 Info start 
-------------------
DIR china_import
-------------------
 Info start 
-------------------
DIR china_import
-------------------
 Info start 
-------------------
DIR china_import
-------------------
 Info start 
-------------------
DIR china_import
-------------------
 Info start 
-------------------
DIR china_import
-------------------
 Info start 
-------------------
DIR china_import
-------------------
 Info start 
-------------------
DIR china_import
-------------------
 Info start 
-------------------
DIR china_import
-------------------
