 Info start 
--------
china_import2
--------
train_time taken 4.526251554489136
c = 1
Time taken 79.80718970298767
AUC : 0.640325627037649
c = 2
Time taken 78.62882971763611
AUC : 0.6958354128393678
c = 3
Time taken 71.80950331687927
AUC : 0.738821494994744
 Info start 
--------
china_import2
--------
train_time taken 3.553488254547119
 Info start 
--------
china_import2
--------
train_time taken 4.4686667919158936
c = 1
Time taken 63.124549865722656
AUC : 0.640325627037649
c = 2
Time taken 65.60535335540771
AUC : 0.6958354128393678
c = 3
Time taken 62.256070375442505
AUC : 0.738821494994744
