 Info start 
-------------------
 Info start 
-------------------
{'learning_rate': 0.0005, 'use_pretrained': False, 'show_loss_figure': False, 'save_loss_figure': False, 'use_bias': True, 'saved_model_file': False, 'num_epochs': 25, 'op_dims': 12, 'batchsize': 128, 'num_neg_samples': 15}
-------------------
 Info start 
-------------------
{'learning_rate': 0.0005, 'use_pretrained': False, 'show_loss_figure': False, 'save_loss_figure': False, 'use_bias': True, 'saved_model_file': False, 'num_epochs': 25, 'op_dims': 12, 'batchsize': 128, 'num_neg_samples': 15}
-------------------
-------------------
 Info start 
-------------------
{'learning_rate': 0.0005, 'use_pretrained': False, 'show_loss_figure': False, 'save_loss_figure': False, 'use_bias': True, 'saved_model_file': False, 'num_epochs': 25, 'op_dims': 12, 'batchsize': 128, 'num_neg_samples': 15}
-------------------
-------------------
DIR china_import
 Info start 
-------------------
{'learning_rate': 0.0005, 'use_pretrained': False, 'show_loss_figure': False, 'save_loss_figure': False, 'use_bias': True, 'saved_model_file': False, 'num_epochs': 25, 'op_dims': 12, 'batchsize': 128, 'num_neg_samples': 15}
-------------------
-------------------
DIR china_import
 >> c = 1
1.0,1.0,1.0,1.0,1.0,1.0,0.8928571428571429,0.9047619047619048,0.8703703703703703,0.9078947368421053,0.8910891089108911,0.9044117647058824,0.9186046511627907,0.9095022624434389,0.9217081850533808,0.9146666666666666,0.91875,0.9194078947368421,0.9183135704874835,0.9184322033898306,0.9240174672489083,0.9204052098408104,0.9158993247391037,0.9154855643044619,0.9113756613756614,0.9115980355119002,0.9062909567496723,0.8983625070581592,0.8967726040896773,0.892033086634741,0.8895134716030239,0.885409377186844,0.8802794537948555,0.873500072285673,0.869802045967849,0.8626851058621956,0.8549081840852415,0.8429976972995604,0.8348398506582826,0.8270155325443787,0.8185794261721484,0.8059057730590578,0.793592064866567,0.7824129651860744,0.7710350763933721,0.75846238180074,0.7441112787874812,0.7305366591080876,0.7179767103347889,0.7068016857878717,0.6936412920713801,0.6788706343161789,0.6634736180904522,0.6514897720927871,0.6397240019714144,0.6278702640642939,0.6157603386519049,0.6024906375490683,0.592809364548495,0.5827430779137154,0.5734640851563155,0.565115610497351,0.5579104598118768,0.5509661548228385,0.5438972998283128,0.5379294443163477,0.5329511806240984,0.5279349496009292,0.5236752263618821,0.5198207134722069,0.5168015161454916,0.5146323795726186,0.5119073314626952,0.5093685189158264,0.5074186087884718,0.5061689002339927,0.5049490950226244,0.5042683787216029,0.503360900932606,0.5027575789510661,0.5020159169792798,0.5015755199215741,0.500979020979021,0.5006287989939217,0.5002093656221649,0.4997908095669758,0.49959928917383883,0.49947749756165527,0.49930362116991645,0.49923414328482907,0.49923424991298293,0.49878286270691335,0.4987829473537798,0.49871358041860786,0.4986789041857878
0.00013941168269901018,0.00027882336539802036,0.0004879408894465356,0.0005576467307960407,0.0006273525721455458,0.000836470096194061,0.0017426460337376273,0.0026488219712811935,0.003276174543426739,0.004809703053115851,0.006273525721455458,0.008573818485989126,0.011013522933221803,0.014010874111250522,0.018053812909521818,0.023909103582880245,0.030740276035131745,0.03896556531437335,0.04858497142060505,0.06043496445002091,0.07374878014777639,0.08866583019657047,0.1040011152934616,0.12156698731353688,0.14408197406942702,0.1682001951763558,0.19280635717273106,0.2218039871741252,0.2537292625121985,0.28565453785027184,0.31988010595287886,0.35278126306984525,0.3864491844416562,0.42116269343370977,0.4563641433152098,0.4913564756726614,0.5257214554579673,0.561410846228914,0.5922905339467447,0.623518750871323,0.6523072633486686,0.6772619545517914,0.7027045866443608,0.7268925135926391,0.7492680886658302,0.7715739578976718,0.7905339467447372,0.8084483479715601,0.8251777498954412,0.8416980342952739,0.856196849295971,0.869859194200474,0.883521539104977,0.8946744737208978,0.9047818207165761,0.9148891677122543,0.9226962219433988,0.9307820995399414,0.939007388819183,0.9462567963195315,0.9538547330266276,0.95915237696919,0.9633347274501604,0.9679353129792276,0.9716297225707514,0.9757423672103722,0.978600306705702,0.9820855987731771,0.9836888331242158,0.9862679492541475,0.9884288303359822,0.9904502997351178,0.9919141224034574,0.9929597100237,0.9940750034852921,0.9951902969468841,0.9956782378363307,0.9964450020911753,0.9970026488219713,0.9976300013941168,0.9981179422835633,0.9986058831730099,0.998745294855709,0.9989544123797575,0.9992332357451554,0.9992332357451554,0.9994423532692039,0.9995120591105535,0.999581764951903,0.9996514707932525,0.9997908824759515,0.9997908824759515,0.999860588317301,0.999860588317301,0.999860588317301
AUC
0.818351369320149
 >> c = 2
1.0,1.0,1.0,1.0,1.0,1.0,1.0,1.0,1.0,1.0,0.9894736842105263,0.9902439024390244,0.9877622377622378,0.9907407407407407,0.9891196834817013,0.99,0.9913205207687539,0.9898011218765935,0.9907055344317701,0.9885836603638958,0.9880073800738007,0.9869646182495344,0.9855947955390335,0.9841073271413828,0.9838259899609593,0.9814251941911516,0.9788514973757333,0.9769967138162595,0.9732854864433812,0.970974944182585,0.9667519181585678,0.9606514373155536,0.9565127140633108,0.9510606808090775,0.9461552994521065,0.9407722217198662,0.9343720080076595,0.9266247379454927,0.9203187250996016,0.9119032663316583,0.9027429526631715,0.8897869213813373,0.8799885771400014,0.869961078676675,0.859608745684695,0.8460627590290113,0.8320952868852459,0.81921326600586,0.8061106724169349,0.7913830857548677,0.7756170531039641,0.7604032483898068,0.7460681520314548,0.7328818259385665,0.7177713037144938,0.7011441879303362,0.68406309892378,0.6704899937610981,0.6574026339222946,0.6439491028927133,0.6308049881553659,0.6163393284849541,0.6051800648574842,0.593798320030089,0.5829543126408523,0.5736602649273261,0.5657811260904044,0.557998750195282,0.5503539006000924,0.543594609982919,0.5381930107728689,0.532437648456057,0.5279146745126885,0.5235838740249326,0.5201939779965258,0.517654680919987,0.5147353361945637,0.5120554765291607,0.5098601522393343,0.5083650995340957,0.5070923233958678,0.5062366044763009,0.5052066898075103,0.5044635042884649,0.5036516755774539,0.5030891130580474,0.5025097601784718,0.50212454722764,0.5016353514265831,0.5012341387102381,0.5009903054310435,0.5008510786118734,0.5006771068439876,0.5005901958061381,0.5005554398389225,0.500104051054384,0.500086706204696,0.5000346764685485,0.5
6.934812760055478e-05,0.00013869625520110957,0.00034674063800277393,0.0006934812760055479,0.001317614424410541,0.0021497919556171985,0.0033980582524271844,0.005686546463245492,0.009015256588072122,0.013522884882108182,0.01955617198335645,0.02815533980582524,0.03918169209431346,0.051941747572815535,0.06934812760055478,0.089251040221914,0.1108876560332871,0.13460471567267684,0.16262135922330098,0.19216366158113732,0.22281553398058251,0.25728155339805825,0.2941747572815534,0.3306518723994452,0.36699029126213595,0.4030513176144244,0.4397364771151179,0.4742024965325936,0.5078363384188627,0.5428571428571428,0.5766990291262136,0.609500693481276,0.6391123439667129,0.6684466019417475,0.6945908460471567,0.7214979195561719,0.7444521497919556,0.7662968099861304,0.7849514563106796,0.8054091539528433,0.8239251040221914,0.8398058252427184,0.8547850208044383,0.8680305131761442,0.8806518723994452,0.8918862690707351,0.9011095700416089,0.9113037447988904,0.9203190013869625,0.9273231622746186,0.934882108183079,0.9415395284327324,0.9474341192787795,0.9530513176144244,0.9567961165048544,0.9604022191400832,0.9653259361997226,0.9688626907073509,0.972746185852982,0.9756588072122053,0.9787101248266297,0.9814840499306519,0.9835644937586685,0.985367545076283,0.986615811373093,0.9880721220527046,0.9895284327323163,0.9907766990291262,0.9921636615811373,0.993134535367545,0.9943134535367545,0.9948682385575589,0.9954230235783634,0.996116504854369,0.9968099861303745,0.9973647711511789,0.9980582524271845,0.9985436893203884,0.9986823855755894,0.9988210818307905,0.9990984743411928,0.9991678224687933,0.9992371705963939,0.9993065187239945,0.9995145631067961,0.9995145631067961,0.9997226074895977,0.9997919556171984,0.9997919556171984,0.9998613037447989,0.9998613037447989,0.9998613037447989,0.9999306518723995,0.9999306518723995,0.9999306518723995,0.9999306518723995,0.9999306518723995,1.0,1.0
AUC
0.9380817445424964
 >> c = 3
1.0,1.0,1.0,1.0,1.0,1.0,1.0,1.0,1.0,1.0,1.0,0.9984599589322382,0.9983457402812241,0.9975803664016591,0.9979838709677419,0.9972636815920398,0.9971885813148789,0.9973282442748092,0.9965945853907713,0.996611213801602,0.995492322862375,0.994925178919974,0.9940598860467935,0.992943318916458,0.9917222102773597,0.9911351131037294,0.9892599101737942,0.9871385655276005,0.98544961590601,0.9824331410592554,0.9801896376566204,0.9764298664908522,0.9711237667442048,0.9672272193977317,0.9621200549870169,0.9573385225656762,0.9518983623411912,0.9456459054209919,0.9380706348644632,0.9317738791423001,0.9232663110381617,0.913990055100121,0.901244321548489,0.8912326108055646,0.8809569256219381,0.8702939337085679,0.8565385322788303,0.8424468212955174,0.8290497524168828,0.8153739371854937,0.8002946008724718,0.7840411982944792,0.7682807929801755,0.7534464475079533,0.7395892903561216,0.7242133089319303,0.7072795794902311,0.6896002317497103,0.6755351826473229,0.6618871415356151,0.6480090497737556,0.6344000354091975,0.6194877553664752,0.6079901711574309,0.5962616822429907,0.5852485737571312,0.5756932200673185,0.5675985153597094,0.5595641175325939,0.5516990105085526,0.5448040885860307,0.539161703562198,0.5333382723366424,0.5287639046954734,0.5243294391673036,0.5207663112235676,0.5181229773462783,0.5150648700811323,0.5122809511961042,0.5100509626274066,0.5085559044561268,0.5072484166080226,0.506392694063927,0.5053454379753934,0.504584908301834,0.5037210439886797,0.50315848253237,0.5025444405716277,0.5021418869501619,0.5016700299213694,0.5012514774386428,0.5010076441973593,0.5008684173961373,0.5006771068439876,0.5006075334143378,0.5005727774499253,0.5001213886865744,0.5001040438371367,0.5000346764685485,0.5
0.00013869625520110957,0.00034674063800277393,0.001941747572815534,0.003744798890429958,0.007420249653259362,0.014563106796116505,0.02621359223300971,0.040707350901525656,0.058529819694868236,0.08085991678224688,0.10540915395284327,0.13488210818307905,0.16740638002773925,0.20013869625520112,0.24029126213592233,0.2780166435506241,0.3197642163661581,0.3624133148404993,0.4058945908460472,0.4486823855755895,0.4900832177531207,0.5302357836338419,0.5686546463245492,0.6049930651872399,0.6397364771151179,0.6745492371705963,0.7026352288488211,0.7291955617198336,0.7561719833564494,0.7795423023578364,0.8029126213592233,0.821636615811373,0.8395977808599168,0.8575589459084605,0.8736477115117892,0.8870319001386963,0.8988904299583911,0.9097087378640777,0.9191400832177531,0.9281553398058252,0.9361997226074896,0.9432732316227462,0.9493065187239944,0.9552011095700416,0.9601941747572815,0.9650485436893204,0.9688626907073509,0.9722607489597781,0.9753120665742026,0.9776005547850208,0.9796116504854369,0.9819001386962553,0.9836338418862691,0.9854368932038835,0.9865464632454923,0.9879334257975034,0.9891123439667129,0.990499306518724,0.9913314840499307,0.992371705963939,0.993134535367545,0.9939667128987517,0.9946601941747573,0.9952149791955617,0.9954923717059639,0.9959778085991678,0.9963245492371706,0.996879334257975,0.9970873786407767,0.9975728155339806,0.9979889042995839,0.9981969486823856,0.9984743411927878,0.9988210818307905,0.9990984743411928,0.9990984743411928,0.9992371705963939,0.999375866851595,0.9994452149791956,0.9994452149791956,0.9995839112343967,0.9997226074895977,0.9997919556171984,0.9997919556171984,0.9997919556171984,0.9997919556171984,0.9997919556171984,0.9998613037447989,0.9998613037447989,0.9999306518723995,0.9999306518723995,0.9999306518723995,0.9999306518723995,0.9999306518723995,1.0,1.0,1.0,1.0,1.0,1.0
AUC
0.9788086743876707
-------------------
 Info start 
-------------------
{'learning_rate': 0.0005, 'use_pretrained': False, 'show_loss_figure': False, 'save_loss_figure': False, 'use_bias': True, 'saved_model_file': False, 'num_epochs': 25, 'op_dims': 12, 'batchsize': 128, 'num_neg_samples': 15}
-------------------
-------------------
DIR china_import
setting up batch size as 
64
