 Info start 
-------------------
{'learning_rate': 0.0005, 'use_pretrained': False, 'show_loss_figure': False, 'save_loss_figure': False, 'use_bias': True, 'saved_model_file': False, 'num_epochs': 25, 'op_dims': 12, 'batchsize': 128, 'num_neg_samples': 15}
-------------------
-------------------
DIR china_import
Model embedding dimension: 2
 >> c = 1
 >> c = 2
 >> c = 3
Avg AUC
0.797552594919846
Model embedding dimension: 4
 >> c = 1
 >> c = 2
 >> c = 3
Avg AUC
0.8882515717075637
Model embedding dimension: 6
 >> c = 1
 >> c = 2
 >> c = 3
Avg AUC
0.9102680609943182
Model embedding dimension: 8
 >> c = 1
 >> c = 2
 >> c = 3
Avg AUC
0.9250972773583067
Model embedding dimension: 12
 >> c = 1
 >> c = 2
 >> c = 3
Avg AUC
0.9246576142281767
Model embedding dimension: 15
 >> c = 1
 >> c = 2
 >> c = 3
Avg AUC
0.9255166144068792
Model embedding dimension: 20
 >> c = 1
 >> c = 2
 >> c = 3
Avg AUC
0.9276864099988297
-------------------
