 Info start 
-------------------
{'learning_rate': 0.0005, 'use_pretrained': False, 'show_loss_figure': False, 'save_loss_figure': False, 'use_bias': True, 'saved_model_file': 'frozen_model_v1_214_1566057286.pb', 'num_epochs': 25, 'op_dims': 14, 'batchsize': 128, 'num_neg_samples': 15}
-------------------
-------------------
DIR us_import2
 Info start 
-------------------
{'learning_rate': 0.0005, 'use_pretrained': True, 'show_loss_figure': False, 'save_loss_figure': False, 'use_bias': True, 'saved_model_file': 'frozen_model_v1_214_1566057286.pb', 'num_epochs': 25, 'op_dims': 14, 'batchsize': 128, 'num_neg_samples': 15}
-------------------
-------------------
DIR us_import2
 >> c = 2
Time taken
0.020861148834228516
1.0,1.0,1.0,1.0,1.0,1.0,1.0,1.0,1.0,1.0,1.0,1.0,1.0,1.0,0.9951456310679612,0.9959183673469387,0.9964539007092199,0.9967845659163987,0.9941348973607038,0.9946524064171123,0.9951690821256038,0.9953488372093023,0.9935205183585313,0.9918032786885246,0.9921722113502935,0.9907578558225508,0.9876325088339223,0.9882747068676717,0.9872611464968153,0.9877112135176651,0.9867060561299852,0.9844413012729845,0.9810554803788903,0.9762219286657859,0.9730769230769231,0.9630996309963099,0.9543817527010804,0.9509918319719953,0.9452054794520548,0.9427609427609428,0.9397590361445783,0.9348534201954397,0.9278897136797455,0.9157245632065776,0.9112903225806451,0.902970297029703,0.8978599221789884,0.8887823585810163,0.8741784037558685,0.8646408839779005,0.8535262206148282,0.8434163701067615,0.8374340949033392,0.8290155440414507,0.8143459915611815,0.8038079470198676,0.7912266450040617,0.7806244995996797,0.7616822429906542,0.7458270106221547,0.7299703264094956,0.717930029154519,0.6995738636363636,0.6871080139372823,0.6673427991886409,0.6474442988204456,0.6350224502886466,0.6174454828660436,0.6035215543412265,0.5883047844063792,0.5713467048710602,0.5594837261503928,0.5477497255762898,0.5368477676169984,0.5258166491043204,0.5200625325690463,0.5144329896907216,0.5112589559877175,0.508646998982706
0.001,0.003,0.009,0.013,0.017,0.019,0.026,0.04,0.059,0.08,0.1,0.127,0.153,0.181,0.205,0.244,0.281,0.31,0.339,0.372,0.412,0.428,0.46,0.484,0.507,0.536,0.559,0.59,0.62,0.643,0.668,0.696,0.725,0.739,0.759,0.783,0.795,0.815,0.828,0.84,0.858,0.861,0.875,0.891,0.904,0.912,0.923,0.927,0.931,0.939,0.944,0.948,0.953,0.96,0.965,0.971,0.974,0.975,0.978,0.983,0.984,0.985,0.985,0.986,0.987,0.988,0.99,0.991,0.994,0.996,0.997,0.997,0.998,0.998,0.998,0.998,0.998,0.999,1.0
AUC
0.9674452532095172
 >> c = 3
Time taken
0.020444154739379883
1.0,1.0,1.0,1.0,1.0,1.0,1.0,1.0,1.0,1.0,1.0,1.0,1.0,1.0,1.0,1.0,1.0,1.0,1.0,1.0,1.0,1.0,1.0,1.0,1.0,0.9985714285714286,0.9986244841815681,0.9986631016042781,0.9987096774193548,0.9962640099626401,0.9951219512195122,0.9928656361474435,0.989522700814901,0.9896551724137931,0.9886363636363636,0.9887892376681614,0.9856985698569857,0.9793926247288504,0.9691160809371672,0.9645464025026069,0.9627329192546584,0.9591836734693877,0.9565656565656566,0.949,0.9445544554455445,0.9381139489194499,0.9328793774319066,0.928709055876686,0.9235181644359465,0.9154135338345865,0.9097674418604651,0.9030470914127424,0.8925318761384335,0.881508078994614,0.8646748681898067,0.8550347222222222,0.844311377245509,0.8372881355932204,0.8227953410981698,0.8103025347506132,0.7961476725521669,0.7812745869394178,0.7715617715617715,0.7539863325740319,0.7443778110944528,0.731420161883738,0.7184115523465704,0.7011980267794221,0.6866804692891649,0.672972972972973,0.6569920844327177,0.6432258064516129,0.6198757763975156,0.6065573770491803,0.593935790725327,0.5751295336787565,0.5615514333895447,0.5479978058145913,0.538544474393531,0.5291313559322034,0.5216710182767624,0.5149484536082474,0.5109974424552429,0.5065922920892495,0.5053110773899848,0.5030181086519114
0.001,0.004,0.009,0.016,0.034,0.054,0.081,0.118,0.149,0.179,0.228,0.256,0.285,0.312,0.352,0.391,0.423,0.456,0.49,0.525,0.553,0.588,0.624,0.655,0.681,0.699,0.726,0.747,0.774,0.8,0.816,0.835,0.85,0.861,0.87,0.882,0.896,0.903,0.91,0.925,0.93,0.94,0.947,0.949,0.954,0.955,0.959,0.964,0.966,0.974,0.978,0.978,0.98,0.982,0.984,0.985,0.987,0.988,0.989,0.991,0.992,0.993,0.993,0.993,0.993,0.994,0.995,0.995,0.995,0.996,0.996,0.997,0.998,0.999,0.999,0.999,0.999,0.999,0.999,0.999,0.999,0.999,0.999,0.999,0.999,1.0
AUC
0.9894592312928289
-------------------
