 Info start 
-------------------
{'learning_rate': 0.0005, 'use_pretrained': True, 'show_loss_figure': False, 'save_loss_figure': False, 'use_bias': True, 'saved_model_file': 'frozen_model_v1_214_1566057286.pb', 'num_epochs': 25, 'op_dims': 14, 'batchsize': 128, 'num_neg_samples': 15}
-------------------
-------------------
DIR us_import2
Model embedding dimension: 2
 >> c = 2
 Info start 
-------------------
{'learning_rate': 0.0005, 'use_pretrained': False, 'show_loss_figure': False, 'save_loss_figure': False, 'use_bias': True, 'saved_model_file': 'frozen_model_v1_214_1566057286.pb', 'num_epochs': 25, 'op_dims': 14, 'batchsize': 128, 'num_neg_samples': 15}
-------------------
-------------------
DIR us_import2
Model embedding dimension: 2
 >> c = 2
 >> c = 3
Avg AUC
0.9119408994767866
Model embedding dimension: 4
 >> c = 2
 >> c = 3
Avg AUC
0.9478228507252529
Model embedding dimension: 6
 >> c = 2
 >> c = 3
Avg AUC
0.9675723759384843
Model embedding dimension: 8
 >> c = 2
 >> c = 3
Avg AUC
0.9768673907209655
Model embedding dimension: 10
 >> c = 2
 >> c = 3
Avg AUC
0.9791639400936927
Model embedding dimension: 12
 >> c = 2
 >> c = 3
Avg AUC
0.9802421090903752
Model embedding dimension: 14
 >> c = 2
 >> c = 3
Avg AUC
0.9805199706152292
Model embedding dimension: 16
 >> c = 2
 >> c = 3
Avg AUC
0.9808708105383639
Model embedding dimension: 18
 >> c = 2
 >> c = 3
Avg AUC
0.9812742934596967
Model embedding dimension: 20
 >> c = 2
 >> c = 3
Avg AUC
0.9809990236426779
-------------------
