 Info start 
{   'batchsize': 128,
    'learning_rate': 0.0005,
    'log_file': 'results_data_2_log.csv',
    'num_epochs': 20,
    'num_neg_samples': 15,
    'op_dims': '8,12',
    'save_loss_figure': False,
    'saved_model_file': 'frozen_model_v1_28_10_1562611050.pb',
    'show_loss_figure': False,
    'use_bias': True,
    'use_pretrained': False}
 Info start 
{   'batchsize': 128,
    'learning_rate': 0.0005,
    'log_file': 'results_data_2_log.csv',
    'num_epochs': 20,
    'num_neg_samples': 15,
    'op_dims': '8,12',
    'save_loss_figure': False,
    'saved_model_file': 'frozen_model_v1_28_12_1562798264.pb',
    'show_loss_figure': False,
    'use_bias': True,
    'use_pretrained': True}
AUC
0.9565007411567461
 Info start 
{   'batchsize': 128,
    'learning_rate': 0.0005,
    'log_file': 'results_data_2_log.csv',
    'num_epochs': 20,
    'num_neg_samples': 15,
    'op_dims': '8,12',
    'save_loss_figure': False,
    'saved_model_file': 'frozen_model_v1_28_12_1562798264.pb',
    'show_loss_figure': False,
    'use_bias': True,
    'use_pretrained': False}
 Info start 
{   'batchsize': 128,
    'learning_rate': 0.0005,
    'log_file': 'results_data_2_log.csv',
    'num_epochs': 20,
    'num_neg_samples': 15,
    'op_dims': '8,12',
    'save_loss_figure': False,
    'saved_model_file': 'frozen_model_v1_28_12_1562798264.pb',
    'show_loss_figure': False,
    'use_bias': True,
    'use_pretrained': False}
AUC
0.9651570681330863
