 Info start 
--------
us_import
--------
c = 1
Time taken 230.89267420768738
AUC : 0.5691592493994753
c = 2
Time taken 222.70423769950867
AUC : 0.6085211124574201
c = 3
Time taken 212.96994256973267
AUC : 0.6324868211372439
 Info start 
--------
us_import
--------
c = 1
Time taken 224.48507523536682
AUC : 0.5691592493994753
c = 2
Time taken 211.54866313934326
AUC : 0.6085211124574201
c = 3
Time taken 197.45176196098328
AUC : 0.6324868211372439
 Info start 
--------
us_import
--------
train_time taken 9.555352687835693
c = 1
Time taken 215.45010447502136
AUC : 0.5691592493994753
c = 2
Time taken 200.22129201889038
AUC : 0.6085211124574201
c = 3
Time taken 190.70408749580383
AUC : 0.6324868211372439
