 Info start 
--------
peru_export2
--------
train_time taken 0.7838590145111084
c = 1
Time taken 4.185455322265625
AUC : 0.5331155907674933
c = 2
Time taken 4.226355791091919
AUC : 0.5653434818570378
c = 3
Time taken 4.156897306442261
AUC : 0.582634149283171
 Info start 
--------
peru_export2
--------
train_time taken 0.6637415885925293
c = 1
Time taken 3.297959089279175
AUC : 0.5331155907674933
c = 2
Time taken 3.2656662464141846
AUC : 0.5653434818570378
c = 3
Time taken 3.2076666355133057
AUC : 0.582634149283171
