 Info start 
{   'batchsize': 128,
    'learning_rate': 0.0005,
    'log_file': 'results_data_2_log.csv',
    'num_epochs': 25,
    'num_neg_samples': 15,
    'op_dims': '8,8',
    'save_loss_figure': False,
    'saved_model_file': 'frozen_model_v1_28_8_1562618642.pb',
    'show_loss_figure': False,
    'use_bias': True,
    'use_pretrained': False}
AUC
0.9039529440787197
 Info start 
{   'batchsize': 128,
    'learning_rate': 0.0005,
    'log_file': 'results_data_2_log.csv',
    'num_epochs': 25,
    'num_neg_samples': 15,
    'op_dims': '8,8',
    'save_loss_figure': False,
    'saved_model_file': 'frozen_model_v1_28_8_1562618642.pb',
    'show_loss_figure': False,
    'use_bias': True,
    'use_pretrained': False}
 Info start 
{   'batchsize': 128,
    'learning_rate': 0.0005,
    'log_file': 'results_data_2_log.csv',
    'num_epochs': 25,
    'num_neg_samples': 15,
    'op_dims': '8,8',
    'save_loss_figure': False,
    'saved_model_file': 'frozen_model_v1_28_8_1562618642.pb',
    'show_loss_figure': False,
    'use_bias': True,
    'use_pretrained': False}
AUC
0.9298057430086167
 Info start 
{   'batchsize': 128,
    'learning_rate': 0.0005,
    'log_file': 'results_data_2_log.csv',
    'num_epochs': 25,
    'num_neg_samples': 15,
    'op_dims': '8,8',
    'save_loss_figure': False,
    'saved_model_file': 'frozen_model_v1_28_8_1562618642.pb',
    'show_loss_figure': False,
    'use_bias': True,
    'use_pretrained': False}
 Info start 
{   'batchsize': 128,
    'learning_rate': 0.0005,
    'log_file': 'results_data_2_log.csv',
    'num_epochs': 25,
    'num_neg_samples': 15,
    'op_dims': '8,8',
    'save_loss_figure': False,
    'saved_model_file': 'frozen_model_v1_28_8_1562618642.pb',
    'show_loss_figure': False,
    'use_bias': True,
    'use_pretrained': False}
 Info start 
{   'batchsize': 128,
    'learning_rate': 0.0005,
    'log_file': 'results_data_2_log.csv',
    'num_epochs': 10,
    'num_neg_samples': 15,
    'op_dims': '8,8',
    'save_loss_figure': False,
    'saved_model_file': 'frozen_model_v1_28_8_1562618642.pb',
    'show_loss_figure': False,
    'use_bias': True,
    'use_pretrained': False}
AUC
0.6935392174627893
 Info start 
{   'batchsize': 128,
    'learning_rate': 0.0005,
    'log_file': 'results_data_2_log.csv',
    'num_epochs': 20,
    'num_neg_samples': 15,
    'op_dims': '8,8',
    'save_loss_figure': False,
    'saved_model_file': 'frozen_model_v1_28_8_1562618642.pb',
    'show_loss_figure': False,
    'use_bias': True,
    'use_pretrained': False}
AUC
0.6959637314738367
 Info start 
{   'batchsize': 128,
    'learning_rate': 0.0005,
    'log_file': 'results_data_2_log.csv',
    'num_epochs': 20,
    'num_neg_samples': 15,
    'op_dims': '8,8',
    'save_loss_figure': False,
    'saved_model_file': 'frozen_model_v1_28_8_1562854846.pb',
    'show_loss_figure': False,
    'use_bias': True,
    'use_pretrained': True}
AUC
0.6959637314738367
 Info start 
{   'batchsize': 128,
    'learning_rate': 0.0005,
    'log_file': 'results_data_2_log.csv',
    'num_epochs': 20,
    'num_neg_samples': 15,
    'op_dims': '8,8',
    'save_loss_figure': False,
    'saved_model_file': 'frozen_model_v1_28_8_1562854846.pb',
    'show_loss_figure': False,
    'use_bias': True,
    'use_pretrained': True}
AUC
0.8577725855661329
 Info start 
{   'batchsize': 128,
    'learning_rate': 0.0005,
    'log_file': 'results_data_2_log.csv',
    'num_epochs': 20,
    'num_neg_samples': 15,
    'op_dims': '8,8',
    'save_loss_figure': False,
    'saved_model_file': 'frozen_model_v1_28_8_1562854846.pb',
    'show_loss_figure': False,
    'use_bias': True,
    'use_pretrained': False}
 Info start 
{   'batchsize': 128,
    'learning_rate': 0.0005,
    'log_file': 'results_data_2_log.csv',
    'num_epochs': 20,
    'num_neg_samples': 6,
    'op_dims': '8,8',
    'save_loss_figure': False,
    'saved_model_file': 'frozen_model_v1_28_8_1562854846.pb',
    'show_loss_figure': False,
    'use_bias': True,
    'use_pretrained': False}
 Info start 
{   'batchsize': 128,
    'learning_rate': 0.0005,
    'log_file': 'results_data_2_log.csv',
    'num_epochs': 20,
    'num_neg_samples': 6,
    'op_dims': '8,8',
    'save_loss_figure': False,
    'saved_model_file': 'frozen_model_v1_28_8_1562854846.pb',
    'show_loss_figure': False,
    'use_bias': True,
    'use_pretrained': False}
 Info start 
{   'batchsize': 128,
    'learning_rate': 0.0005,
    'log_file': 'results_data_2_log.csv',
    'num_epochs': 20,
    'num_neg_samples': 6,
    'op_dims': '8,8',
    'save_loss_figure': False,
    'saved_model_file': 'frozen_model_v1_28_8_1562854846.pb',
    'show_loss_figure': False,
    'use_bias': True,
    'use_pretrained': False}
 Info start 
{   'batchsize': 128,
    'learning_rate': 0.0005,
    'log_file': 'results_data_2_log.csv',
    'num_epochs': 20,
    'num_neg_samples': 7,
    'op_dims': '8,8',
    'save_loss_figure': False,
    'saved_model_file': 'frozen_model_v1_28_8_1562854846.pb',
    'show_loss_figure': False,
    'use_bias': True,
    'use_pretrained': False}
 Info start 
{   'batchsize': 128,
    'learning_rate': 0.0005,
    'log_file': 'results_data_2_log.csv',
    'num_epochs': 20,
    'num_neg_samples': 15,
    'op_dims': '8,8',
    'save_loss_figure': False,
    'saved_model_file': 'frozen_model_v1_28_8_1562854846.pb',
    'show_loss_figure': False,
    'use_bias': True,
    'use_pretrained': False}
 Info start 
{   'batchsize': 128,
    'learning_rate': 0.0005,
    'log_file': 'results_data_2_log.csv',
    'num_epochs': 20,
    'num_neg_samples': 15,
    'op_dims': '8,8',
    'save_loss_figure': False,
    'saved_model_file': 'frozen_model_v1_28_8_1562854846.pb',
    'show_loss_figure': False,
    'use_bias': True,
    'use_pretrained': False}
AUC
0.8285051849213885
 Info start 
{   'batchsize': 128,
    'learning_rate': 0.0005,
    'log_file': 'results_data_2_log.csv',
    'num_epochs': 20,
    'num_neg_samples': 15,
    'op_dims': '8,8',
    'save_loss_figure': False,
    'saved_model_file': 'frozen_model_v1_28_8_1562854846.pb',
    'show_loss_figure': False,
    'use_bias': True,
    'use_pretrained': False}
AUC
0.8077118245259274
 Info start 
{   'batchsize': 128,
    'learning_rate': 0.0005,
    'log_file': 'results_data_2_log.csv',
    'num_epochs': 20,
    'num_neg_samples': 15,
    'op_dims': '8,8',
    'save_loss_figure': False,
    'saved_model_file': 'frozen_model_v1_28_8_1562854846.pb',
    'show_loss_figure': False,
    'use_bias': True,
    'use_pretrained': False}
AUC
0.686943074790159
 Info start 
{   'batchsize': 128,
    'learning_rate': 0.0005,
    'log_file': 'results_data_2_log.csv',
    'num_epochs': 20,
    'num_neg_samples': 15,
    'op_dims': '8,8',
    'save_loss_figure': False,
    'saved_model_file': 'frozen_model_v1_28_8_1562854846.pb',
    'show_loss_figure': False,
    'use_bias': True,
    'use_pretrained': False}
AUC
0.6883904881286055
 Info start 
{   'batchsize': 128,
    'learning_rate': 0.0005,
    'log_file': 'results_data_2_log.csv',
    'num_epochs': 20,
    'num_neg_samples': 15,
    'op_dims': '8,8',
    'save_loss_figure': False,
    'saved_model_file': 'frozen_model_v1_28_8_1562854846.pb',
    'show_loss_figure': False,
    'use_bias': True,
    'use_pretrained': False}
AUC
0.5985629380685454
 Info start 
{   'batchsize': 128,
    'learning_rate': 0.0005,
    'log_file': 'results_data_2_log.csv',
    'num_epochs': 20,
    'num_neg_samples': 15,
    'op_dims': '8,8',
    'save_loss_figure': False,
    'saved_model_file': 'frozen_model_v1_28_8_1562854846.pb',
    'show_loss_figure': False,
    'use_bias': True,
    'use_pretrained': False}
 Info start 
{   'batchsize': 64,
    'learning_rate': 0.0005,
    'log_file': 'results_data_2_log.csv',
    'num_epochs': 20,
    'num_neg_samples': 15,
    'op_dims': '8,8',
    'save_loss_figure': False,
    'saved_model_file': 'frozen_model_v1_28_8_1562854846.pb',
    'show_loss_figure': False,
    'use_bias': True,
    'use_pretrained': False}
AUC
0.6768933239701992
 Info start 
{   'batchsize': 64,
    'learning_rate': 0.0005,
    'log_file': 'results_data_2_log.csv',
    'num_epochs': 20,
    'num_neg_samples': 15,
    'op_dims': '8,8',
    'save_loss_figure': False,
    'saved_model_file': 'frozen_model_v1_28_8_1562854846.pb',
    'show_loss_figure': False,
    'use_bias': True,
    'use_pretrained': False}
AUC
0.7042473211392887
 Info start 
{   'batchsize': 64,
    'learning_rate': 0.0005,
    'log_file': 'results_data_2_log.csv',
    'num_epochs': 20,
    'num_neg_samples': 15,
    'op_dims': '8,8',
    'save_loss_figure': False,
    'saved_model_file': 'frozen_model_v1_28_8_1562854846.pb',
    'show_loss_figure': False,
    'use_bias': True,
    'use_pretrained': False}
AUC
0.6379972515011851
 Info start 
{   'batchsize': 64,
    'learning_rate': 0.0005,
    'log_file': 'results_data_2_log.csv',
    'num_epochs': 20,
    'num_neg_samples': 15,
    'op_dims': '8,8',
    'save_loss_figure': False,
    'saved_model_file': 'frozen_model_v1_28_8_1562854846.pb',
    'show_loss_figure': False,
    'use_bias': True,
    'use_pretrained': False}
AUC
0.6153451367277197
 Info start 
{   'batchsize': 64,
    'learning_rate': 0.0005,
    'log_file': 'results_data_2_log.csv',
    'num_epochs': 20,
    'num_neg_samples': 15,
    'op_dims': '8,8',
    'save_loss_figure': False,
    'saved_model_file': 'frozen_model_v1_28_8_1562854846.pb',
    'show_loss_figure': False,
    'use_bias': True,
    'use_pretrained': False}
AUC
0.6841696408136166
 Info start 
{   'batchsize': 64,
    'learning_rate': 0.0005,
    'log_file': 'results_data_2_log.csv',
    'num_epochs': 25,
    'num_neg_samples': 15,
    'op_dims': '8,8',
    'save_loss_figure': False,
    'saved_model_file': 'frozen_model_v1_28_8_1562854846.pb',
    'show_loss_figure': False,
    'use_bias': True,
    'use_pretrained': False}
AUC
0.6871947484056716
 Info start 
{   'batchsize': 64,
    'learning_rate': 0.0005,
    'log_file': 'results_data_2_log.csv',
    'num_epochs': 25,
    'num_neg_samples': 15,
    'op_dims': '8,8',
    'save_loss_figure': False,
    'saved_model_file': 'frozen_model_v1_28_8_1562854846.pb',
    'show_loss_figure': False,
    'use_bias': True,
    'use_pretrained': False}
AUC
0.6398232881572172
 Info start 
{   'batchsize': 64,
    'learning_rate': 0.0005,
    'log_file': 'results_data_2_log.csv',
    'num_epochs': 25,
    'num_neg_samples': 15,
    'op_dims': '8,8',
    'save_loss_figure': False,
    'saved_model_file': 'frozen_model_v1_28_8_1562854846.pb',
    'show_loss_figure': False,
    'use_bias': True,
    'use_pretrained': False}
AUC
0.7668618643185748
 Info start 
{   'batchsize': 64,
    'learning_rate': 0.0005,
    'log_file': 'results_data_2_log.csv',
    'num_epochs': 25,
    'num_neg_samples': 15,
    'op_dims': '8,8',
    'save_loss_figure': False,
    'saved_model_file': 'frozen_model_v1_28_8_1562854846.pb',
    'show_loss_figure': False,
    'use_bias': True,
    'use_pretrained': False}
 >> Fake one!!
AUC
0.5720990893632323
 Info start 
{   'batchsize': 64,
    'learning_rate': 0.0005,
    'log_file': 'results_data_2_log.csv',
    'num_epochs': 25,
    'num_neg_samples': 15,
    'op_dims': '8,8',
    'save_loss_figure': False,
    'saved_model_file': 'frozen_model_v1_28_8_1562866376.pb',
    'show_loss_figure': False,
    'use_bias': True,
    'use_pretrained': True}
 >> Fake one!!
AUC
0.5720990893632323
 Info start 
{   'batchsize': 64,
    'learning_rate': 0.0005,
    'log_file': 'results_data_2_log.csv',
    'num_epochs': 25,
    'num_neg_samples': 15,
    'op_dims': '8,8',
    'save_loss_figure': False,
    'saved_model_file': 'frozen_model_v1_28_8_1562866376.pb',
    'show_loss_figure': False,
    'use_bias': True,
    'use_pretrained': True}
 >> Fake one!!
 Info start 
{   'batchsize': 64,
    'learning_rate': 0.0005,
    'log_file': 'results_data_2_log.csv',
    'num_epochs': 1,
    'num_neg_samples': 15,
    'op_dims': '8,8',
    'save_loss_figure': False,
    'saved_model_file': 'frozen_model_v1_28_8_1562866376.pb',
    'show_loss_figure': False,
    'use_bias': True,
    'use_pretrained': False}
 >> Fake one!!
AUC
0.7386757500563628
 Info start 
{   'batchsize': 64,
    'learning_rate': 0.0005,
    'log_file': 'results_data_2_log.csv',
    'num_epochs': 1,
    'num_neg_samples': 15,
    'op_dims': '8,8',
    'save_loss_figure': False,
    'saved_model_file': 'frozen_model_v1_28_8_1562866376.pb',
    'show_loss_figure': False,
    'use_bias': True,
    'use_pretrained': False}
 >> Fake one!!
 Info start 
{   'batchsize': 64,
    'learning_rate': 0.0005,
    'log_file': 'results_data_2_log.csv',
    'num_epochs': 1,
    'num_neg_samples': 15,
    'op_dims': '8,2',
    'save_loss_figure': False,
    'saved_model_file': 'frozen_model_v1_28_8_1562866376.pb',
    'show_loss_figure': False,
    'use_bias': True,
    'use_pretrained': False}
 >> Fake one!!
 Info start 
{   'batchsize': 64,
    'learning_rate': 0.0005,
    'log_file': 'results_data_2_log.csv',
    'num_epochs': 1,
    'num_neg_samples': 15,
    'op_dims': '8,5',
    'save_loss_figure': False,
    'saved_model_file': 'frozen_model_v1_28_8_1562866376.pb',
    'show_loss_figure': False,
    'use_bias': True,
    'use_pretrained': False}
 >> Fake one!!
AUC
0.7239091612223933
 Info start 
{   'batchsize': 64,
    'learning_rate': 0.0005,
    'log_file': 'results_data_2_log.csv',
    'num_epochs': 1,
    'num_neg_samples': 15,
    'op_dims': '8,8',
    'save_loss_figure': False,
    'saved_model_file': 'frozen_model_v1_28_8_1562866376.pb',
    'show_loss_figure': False,
    'use_bias': True,
    'use_pretrained': False}
 >> Fake one!!
AUC
0.6843489778991623
 Info start 
{   'batchsize': 64,
    'learning_rate': 0.0005,
    'log_file': 'results_data_2_log.csv',
    'num_epochs': 25,
    'num_neg_samples': 15,
    'op_dims': '8,8',
    'save_loss_figure': False,
    'saved_model_file': 'frozen_model_v1_28_8_1562866376.pb',
    'show_loss_figure': False,
    'use_bias': True,
    'use_pretrained': False}
 >> Fake one!!
AUC
0.8944757656083449
 Info start 
{   'batchsize': 64,
    'learning_rate': 0.0005,
    'log_file': 'results_data_2_log.csv',
    'num_epochs': 25,
    'num_neg_samples': 15,
    'op_dims': '8,8',
    'save_loss_figure': False,
    'saved_model_file': 'frozen_model_v1_28_8_1562866376.pb',
    'show_loss_figure': False,
    'use_bias': True,
    'use_pretrained': False}
 >> Fake one!!
AUC
0.8143263505667179
 Info start 
{   'batchsize': 64,
    'learning_rate': 0.0005,
    'log_file': 'results_data_2_log.csv',
    'num_epochs': 25,
    'num_neg_samples': 15,
    'op_dims': '8,8',
    'save_loss_figure': False,
    'saved_model_file': 'frozen_model_v1_28_8_1562866376.pb',
    'show_loss_figure': False,
    'use_bias': True,
    'use_pretrained': False}
 >> Fake one!!
AUC
0.8482168877515833
 Info start 
{   'batchsize': 64,
    'learning_rate': 0.0005,
    'num_epochs': 25,
    'num_neg_samples': 15,
    'op_dims': '8,8',
    'save_loss_figure': False,
    'saved_model_file': 'frozen_model_v1_28_8_1562866376.pb',
    'show_loss_figure': False,
    'use_bias': True,
    'use_pretrained': False}
 >> Fake one!!
 Info start 
{   'batchsize': 64,
    'learning_rate': 0.0005,
    'num_epochs': 25,
    'num_neg_samples': 15,
    'op_dims': '8,8',
    'save_loss_figure': False,
    'saved_model_file': 'frozen_model_v1_28_8_1562866376.pb',
    'show_loss_figure': False,
    'use_bias': True,
    'use_pretrained': False}
 >> Fake one!!
AUC
0.8379970979108718
 Info start 
{   'batchsize': 64,
    'learning_rate': 0.0005,
    'num_epochs': 25,
    'num_neg_samples': 15,
    'op_dims': '8,8',
    'save_loss_figure': False,
    'saved_model_file': 'frozen_model_v1_28_8_1562896893.pb',
    'show_loss_figure': False,
    'use_bias': True,
    'use_pretrained': True}
 >> Fake one!!
AUC
0.6798796271314843
