 Info start 
{   'batchsize': 128,
    'learning_rate': 0.0005,
    'log_file': 'results_data_2_log.csv',
    'num_epochs': 25,
    'num_neg_samples': 15,
    'op_dims': '8,8',
    'save_loss_figure': False,
    'saved_model_file': 'frozen_model_v1_28_8_1562618642.pb',
    'show_loss_figure': False,
    'use_bias': True,
    'use_pretrained': False}
AUC
0.9031210433809325
 Info start 
{   'batchsize': 128,
    'learning_rate': 0.0005,
    'log_file': 'results_data_2_log.csv',
    'num_epochs': 25,
    'num_neg_samples': 15,
    'op_dims': '8,8',
    'save_loss_figure': False,
    'saved_model_file': 'frozen_model_v1_28_8_1562618642.pb',
    'show_loss_figure': False,
    'use_bias': True,
    'use_pretrained': False}
 Info start 
{   'batchsize': 128,
    'learning_rate': 0.0005,
    'log_file': 'results_data_2_log.csv',
    'num_epochs': 25,
    'num_neg_samples': 15,
    'op_dims': '8,8',
    'save_loss_figure': False,
    'saved_model_file': 'frozen_model_v1_28_8_1562618642.pb',
    'show_loss_figure': False,
    'use_bias': True,
    'use_pretrained': False}
AUC
0.8902505859535111
 Info start 
{   'batchsize': 128,
    'learning_rate': 0.0005,
    'log_file': 'results_data_2_log.csv',
    'num_epochs': 25,
    'num_neg_samples': 15,
    'op_dims': '8,8',
    'save_loss_figure': False,
    'saved_model_file': 'frozen_model_v1_28_8_1562618642.pb',
    'show_loss_figure': False,
    'use_bias': True,
    'use_pretrained': False}
AUC
0.8099827552599538
 Info start 
{   'batchsize': 128,
    'learning_rate': 0.0005,
    'log_file': 'results_data_2_log.csv',
    'num_epochs': 25,
    'num_neg_samples': 15,
    'op_dims': '8,8',
    'save_loss_figure': False,
    'saved_model_file': 'frozen_model_v1_28_8_1562618642.pb',
    'show_loss_figure': False,
    'use_bias': True,
    'use_pretrained': False}
AUC
0.928038703698321
 Info start 
{   'batchsize': 128,
    'learning_rate': 0.0005,
    'log_file': 'results_data_2_log.csv',
    'num_epochs': 25,
    'num_neg_samples': 15,
    'op_dims': '8,8',
    'save_loss_figure': False,
    'saved_model_file': 'frozen_model_v1_28_8_1562618642.pb',
    'show_loss_figure': False,
    'use_bias': True,
    'use_pretrained': False}
AUC
0.6956256023560784
 Info start 
{   'batchsize': 128,
    'learning_rate': 0.0005,
    'log_file': 'results_data_2_log.csv',
    'num_epochs': 25,
    'num_neg_samples': 15,
    'op_dims': '8,8',
    'save_loss_figure': False,
    'saved_model_file': 'frozen_model_v1_28_8_1562854829.pb.pb',
    'show_loss_figure': False,
    'use_bias': True,
    'use_pretrained': True}
 Info start 
{   'batchsize': 128,
    'learning_rate': 0.0005,
    'log_file': 'results_data_2_log.csv',
    'num_epochs': 25,
    'num_neg_samples': 15,
    'op_dims': '8,8',
    'save_loss_figure': False,
    'saved_model_file': 'frozen_model_v1_28_8_1562854829.pb.pb',
    'show_loss_figure': False,
    'use_bias': True,
    'use_pretrained': True}
 Info start 
{   'batchsize': 128,
    'learning_rate': 0.0005,
    'log_file': 'results_data_2_log.csv',
    'num_epochs': 25,
    'num_neg_samples': 15,
    'op_dims': '8,8',
    'save_loss_figure': False,
    'saved_model_file': 'frozen_model_v1_28_8_1562854829.pb',
    'show_loss_figure': False,
    'use_bias': True,
    'use_pretrained': True}
AUC
0.9243505652300891
 Info start 
{   'batchsize': 128,
    'learning_rate': 0.0005,
    'log_file': 'results_data_2_log.csv',
    'num_epochs': 25,
    'num_neg_samples': 15,
    'op_dims': '8,8',
    'save_loss_figure': False,
    'saved_model_file': 'frozen_model_v1_28_8_1562854829.pb',
    'show_loss_figure': False,
    'use_bias': True,
    'use_pretrained': True}
AUC
0.8473160983508716
 Info start 
{   'batchsize': 128,
    'learning_rate': 0.0005,
    'log_file': 'results_data_2_log.csv',
    'num_epochs': 25,
    'num_neg_samples': 15,
    'op_dims': '8,8',
    'save_loss_figure': False,
    'saved_model_file': 'frozen_model_v1_28_8_1562854829.pb',
    'show_loss_figure': False,
    'use_bias': True,
    'use_pretrained': False}
 Info start 
{   'batchsize': 128,
    'learning_rate': 0.0005,
    'log_file': 'results_data_2_log.csv',
    'num_epochs': 25,
    'num_neg_samples': 6,
    'op_dims': '8,8',
    'save_loss_figure': False,
    'saved_model_file': 'frozen_model_v1_28_8_1562854829.pb',
    'show_loss_figure': False,
    'use_bias': True,
    'use_pretrained': False}
 Info start 
{   'batchsize': 128,
    'learning_rate': 0.0005,
    'log_file': 'results_data_2_log.csv',
    'num_epochs': 25,
    'num_neg_samples': 6,
    'op_dims': '8,8',
    'save_loss_figure': False,
    'saved_model_file': 'frozen_model_v1_28_8_1562854829.pb',
    'show_loss_figure': False,
    'use_bias': True,
    'use_pretrained': False}
 Info start 
{   'batchsize': 128,
    'learning_rate': 0.0005,
    'log_file': 'results_data_2_log.csv',
    'num_epochs': 25,
    'num_neg_samples': 15,
    'op_dims': '8,8',
    'save_loss_figure': False,
    'saved_model_file': 'frozen_model_v1_28_8_1562854829.pb',
    'show_loss_figure': False,
    'use_bias': True,
    'use_pretrained': False}
AUC
0.8189595446033385
 Info start 
{   'batchsize': 128,
    'learning_rate': 0.0005,
    'log_file': 'results_data_2_log.csv',
    'num_epochs': 25,
    'num_neg_samples': 15,
    'op_dims': '8,8',
    'save_loss_figure': False,
    'saved_model_file': 'frozen_model_v1_28_8_1562854829.pb',
    'show_loss_figure': False,
    'use_bias': True,
    'use_pretrained': False}
AUC
0.8304762046782985
 Info start 
{   'batchsize': 128,
    'learning_rate': 0.0005,
    'log_file': 'results_data_2_log.csv',
    'num_epochs': 25,
    'num_neg_samples': 15,
    'op_dims': '8,8',
    'save_loss_figure': False,
    'saved_model_file': 'frozen_model_v1_28_8_1562854829.pb',
    'show_loss_figure': False,
    'use_bias': True,
    'use_pretrained': False}
AUC
0.6013161792889768
 Info start 
{   'batchsize': 128,
    'learning_rate': 0.0005,
    'log_file': 'results_data_2_log.csv',
    'num_epochs': 25,
    'num_neg_samples': 15,
    'op_dims': '8,8',
    'save_loss_figure': False,
    'saved_model_file': 'frozen_model_v1_28_8_1562854829.pb',
    'show_loss_figure': False,
    'use_bias': True,
    'use_pretrained': False}
 Info start 
{   'batchsize': 128,
    'learning_rate': 0.0005,
    'log_file': 'results_data_2_log.csv',
    'num_epochs': 25,
    'num_neg_samples': 15,
    'op_dims': '8,8',
    'save_loss_figure': False,
    'saved_model_file': 'frozen_model_v1_28_8_1562854829.pb',
    'show_loss_figure': False,
    'use_bias': True,
    'use_pretrained': False}
AUC
0.8581975363548197
 Info start 
{   'batchsize': 128,
    'learning_rate': 0.0005,
    'log_file': 'results_data_2_log.csv',
    'num_epochs': 25,
    'num_neg_samples': 15,
    'op_dims': '8,8',
    'save_loss_figure': False,
    'saved_model_file': 'frozen_model_v1_28_8_1562854829.pb',
    'show_loss_figure': False,
    'use_bias': True,
    'use_pretrained': False}
 Info start 
{   'batchsize': 128,
    'learning_rate': 0.0005,
    'log_file': 'results_data_2_log.csv',
    'num_epochs': 25,
    'num_neg_samples': 15,
    'op_dims': '8,8',
    'save_loss_figure': False,
    'saved_model_file': 'frozen_model_v1_28_8_1562854829.pb',
    'show_loss_figure': False,
    'use_bias': True,
    'use_pretrained': False}
AUC
0.8695006434792917
 Info start 
{   'batchsize': 128,
    'learning_rate': 0.0005,
    'log_file': 'results_data_2_log.csv',
    'num_epochs': 25,
    'num_neg_samples': 15,
    'op_dims': '8,8',
    'save_loss_figure': False,
    'saved_model_file': 'frozen_model_v1_28_8_1562854829.pb',
    'show_loss_figure': False,
    'use_bias': True,
    'use_pretrained': False}
 Info start 
{   'batchsize': 128,
    'learning_rate': 0.0005,
    'log_file': 'results_data_2_log.csv',
    'num_epochs': 25,
    'num_neg_samples': 15,
    'op_dims': '8,8',
    'save_loss_figure': False,
    'saved_model_file': 'frozen_model_v1_28_8_1562854829.pb',
    'show_loss_figure': False,
    'use_bias': True,
    'use_pretrained': False}
 Info start 
{   'batchsize': 128,
    'learning_rate': 0.0005,
    'log_file': 'results_data_2_log.csv',
    'num_epochs': 25,
    'num_neg_samples': 15,
    'op_dims': '8,8',
    'save_loss_figure': False,
    'saved_model_file': 'frozen_model_v1_28_8_1562854829.pb',
    'show_loss_figure': False,
    'use_bias': True,
    'use_pretrained': False}
 Info start 
{   'batchsize': 128,
    'learning_rate': 0.0005,
    'log_file': 'results_data_2_log.csv',
    'num_epochs': 25,
    'num_neg_samples': 15,
    'op_dims': '8,8',
    'save_loss_figure': False,
    'saved_model_file': 'frozen_model_v1_28_8_1562854829.pb',
    'show_loss_figure': False,
    'use_bias': True,
    'use_pretrained': False}
AUC
0.5758416483382327
 Info start 
{   'batchsize': 128,
    'learning_rate': 0.0005,
    'log_file': 'results_data_2_log.csv',
    'num_epochs': 25,
    'num_neg_samples': 15,
    'op_dims': '8,8',
    'save_loss_figure': False,
    'saved_model_file': 'frozen_model_v1_28_8_1562854829.pb',
    'show_loss_figure': False,
    'use_bias': True,
    'use_pretrained': False}
AUC
0.5748017087185946
