 Info start 
-------------------
{'learning_rate': 0.0005, 'use_pretrained': False, 'show_loss_figure': False, 'save_loss_figure': False, 'use_bias': True, 'saved_model_file': False, 'num_epochs': 25, 'op_dims': 10, 'batchsize': 128, 'num_neg_samples': 15}
-------------------
-------------------
DIR peru_export
Model embedding dimension: 2
 >> c = 1
 >> c = 2
 >> c = 3
Avg AUC
0.7910953987102021
Model embedding dimension: 4
 >> c = 1
 >> c = 2
 >> c = 3
Avg AUC
0.8494146639263459
Model embedding dimension: 6
 >> c = 1
 >> c = 2
 >> c = 3
Avg AUC
0.8307536043124003
Model embedding dimension: 8
 >> c = 1
 >> c = 2
 >> c = 3
Avg AUC
0.8601770333605158
Model embedding dimension: 10
 >> c = 1
 >> c = 2
 >> c = 3
Avg AUC
0.8688073268670115
Model embedding dimension: 12
 >> c = 1
 >> c = 2
 >> c = 3
Avg AUC
0.8605093299138366
Model embedding dimension: 14
 >> c = 1
 >> c = 2
 >> c = 3
Avg AUC
0.8572679145436767
Model embedding dimension: 16
 >> c = 1
 >> c = 2
 >> c = 3
Avg AUC
0.8504588510195202
Model embedding dimension: 18
 >> c = 1
 >> c = 2
 >> c = 3
Avg AUC
0.8612712411033397
Model embedding dimension: 20
 >> c = 1
 >> c = 2
 >> c = 3
Avg AUC
0.8571896542706297
-------------------
