 Info start 
-------------------
{'learning_rate': 0.0005, 'use_pretrained': False, 'show_loss_figure': False, 'save_loss_figure': False, 'use_bias': True, 'saved_model_file': False, 'num_epochs': 25, 'op_dims': 8, 'batchsize': 128, 'num_neg_samples': 15}
-------------------
-------------------
DIR peru_export
Model embedding dimension: 8
 >> c = 1
 >> c = 2
 >> c = 3
Avg AUC
0.7831734633283177
Model embedding dimension: 2
 >> c = 1
 >> c = 2
 >> c = 3
Avg AUC
0.817189330961123
Model embedding dimension: 4
 >> c = 1
 >> c = 2
 >> c = 3
Avg AUC
0.8476221826820284
Model embedding dimension: 6
 >> c = 1
 >> c = 2
 >> c = 3
Avg AUC
0.8619378601355822
Model embedding dimension: 10
 >> c = 1
 >> c = 2
 >> c = 3
Avg AUC
0.8581891333715763
Model embedding dimension: 12
 >> c = 1
 >> c = 2
 >> c = 3
Avg AUC
0.8602525265011044
Model embedding dimension: 15
 >> c = 1
 >> c = 2
 >> c = 3
Avg AUC
0.8606588637624553
-------------------
